[    0.000000] Linux version 4.15.0-212-generic (buildd@lcy02-amd64-083) (gcc version 7.5.0 (Ubuntu 7.5.0-3ubuntu1~18.04)) #223-Ubuntu SMP Tue May 23 13:09:22 UTC 2023 (Ubuntu 4.15.0-212.223-generic 4.15.18)
[    0.000000] Command line: BOOT_IMAGE=/boot/vmlinuz-4.15.0-212-generic root=LABEL=cloudimg-rootfs ro console=tty1 console=ttyS0
[    0.000000] KERNEL supported cpus:
[    0.000000]   Intel GenuineIntel
[    0.000000]   AMD AuthenticAMD
[    0.000000]   Centaur CentaurHauls
[    0.000000] [Firmware Bug]: TSC doesn't count with P0 frequency!
[    0.000000] x86/fpu: x87 FPU will use FXSAVE
[    0.000000] e820: BIOS-provided physical RAM map:
[    0.000000] BIOS-e820: [mem 0x0000000000000000-0x000000000009fbff] usable
[    0.000000] BIOS-e820: [mem 0x000000000009fc00-0x000000000009ffff] reserved
[    0.000000] BIOS-e820: [mem 0x00000000000f0000-0x00000000000fffff] reserved
[    0.000000] BIOS-e820: [mem 0x0000000000100000-0x000000007ffeffff] usable
[    0.000000] BIOS-e820: [mem 0x000000007fff0000-0x000000007fffffff] ACPI data
[    0.000000] BIOS-e820: [mem 0x00000000fec00000-0x00000000fec00fff] reserved
[    0.000000] BIOS-e820: [mem 0x00000000fee00000-0x00000000fee00fff] reserved
[    0.000000] BIOS-e820: [mem 0x00000000fffc0000-0x00000000ffffffff] reserved
[    0.000000] NX (Execute Disable) protection: active
[    0.000000] SMBIOS 2.5 present.
[    0.000000] DMI: innotek GmbH VirtualBox/VirtualBox, BIOS VirtualBox 12/01/2006
[    0.000000] Hypervisor detected: KVM
[    0.000000] e820: last_pfn = 0x7fff0 max_arch_pfn = 0x400000000
[    0.000000] MTRR: Disabled
[    0.000000] x86/PAT: MTRRs disabled, skipping PAT initialization too.
[    0.000000] CPU MTRRs all blank - virtualized system.
[    0.000000] x86/PAT: Configuration [0-7]: WB  WT  UC- UC  WB  WT  UC- UC  
[    0.000000] found SMP MP-table at [mem 0x0009fff0-0x0009ffff]
[    0.000000] Scanning 1 areas for low memory corruption
[    0.000000] RAMDISK: [mem 0x359cb000-0x36cdcfff]
[    0.000000] ACPI: Early table checksum verification disabled
[    0.000000] ACPI: RSDP 0x00000000000E0000 000024 (v02 VBOX  )
[    0.000000] ACPI: XSDT 0x000000007FFF0030 00003C (v01 VBOX   VBOXXSDT 00000001 ASL  00000061)
[    0.000000] ACPI: FACP 0x000000007FFF00F0 0000F4 (v04 VBOX   VBOXFACP 00000001 ASL  00000061)
[    0.000000] ACPI: DSDT 0x000000007FFF0610 002353 (v02 VBOX   VBOXBIOS 00000002 INTL 20100528)
[    0.000000] ACPI: FACS 0x000000007FFF0200 000040
[    0.000000] ACPI: FACS 0x000000007FFF0200 000040
[    0.000000] ACPI: APIC 0x000000007FFF0240 00005C (v02 VBOX   VBOXAPIC 00000001 ASL  00000061)
[    0.000000] ACPI: SSDT 0x000000007FFF02A0 00036C (v01 VBOX   VBOXCPUT 00000002 INTL 20100528)
[    0.000000] ACPI: Reserving FACP table memory at [mem 0x7fff00f0-0x7fff01e3]
[    0.000000] ACPI: Reserving DSDT table memory at [mem 0x7fff0610-0x7fff2962]
[    0.000000] ACPI: Reserving FACS table memory at [mem 0x7fff0200-0x7fff023f]
[    0.000000] ACPI: Reserving FACS table memory at [mem 0x7fff0200-0x7fff023f]
[    0.000000] ACPI: Reserving APIC table memory at [mem 0x7fff0240-0x7fff029b]
[    0.000000] ACPI: Reserving SSDT table memory at [mem 0x7fff02a0-0x7fff060b]
[    0.000000] No NUMA configuration found
[    0.000000] Faking a node at [mem 0x0000000000000000-0x000000007ffeffff]
[    0.000000] NODE_DATA(0) allocated [mem 0x7ffc5000-0x7ffeffff]
[    0.000000] kvm-clock: cpu 0, msr 0:7ff44001, primary cpu clock
[    0.000000] kvm-clock: Using msrs 4b564d01 and 4b564d00
[    0.000000] kvm-clock: using sched offset of 5114072526 cycles
[    0.000000] clocksource: kvm-clock: mask: 0xffffffffffffffff max_cycles: 0x1cd42e4dffb, max_idle_ns: 881590591483 ns
[    0.000000] Zone ranges:
[    0.000000]   DMA      [mem 0x0000000000001000-0x0000000000ffffff]
[    0.000000]   DMA32    [mem 0x0000000001000000-0x000000007ffeffff]
[    0.000000]   Normal   empty
[    0.000000]   Device   empty
[    0.000000] Movable zone start for each node
[    0.000000] Early memory node ranges
[    0.000000]   node   0: [mem 0x0000000000001000-0x000000000009efff]
[    0.000000]   node   0: [mem 0x0000000000100000-0x000000007ffeffff]
[    0.000000] Reserved but unavailable: 104 pages
[    0.000000] Initmem setup node 0 [mem 0x0000000000001000-0x000000007ffeffff]
[    0.000000] ACPI: PM-Timer IO Port: 0x4008
[    0.000000] IOAPIC[0]: apic_id 2, version 32, address 0xfec00000, GSI 0-23
[    0.000000] ACPI: INT_SRC_OVR (bus 0 bus_irq 0 global_irq 2 dfl dfl)
[    0.000000] ACPI: INT_SRC_OVR (bus 0 bus_irq 9 global_irq 9 low level)
[    0.000000] Using ACPI (MADT) for SMP configuration information
[    0.000000] smpboot: Allowing 2 CPUs, 0 hotplug CPUs
[    0.000000] PM: Registered nosave memory: [mem 0x00000000-0x00000fff]
[    0.000000] PM: Registered nosave memory: [mem 0x0009f000-0x0009ffff]
[    0.000000] PM: Registered nosave memory: [mem 0x000a0000-0x000effff]
[    0.000000] PM: Registered nosave memory: [mem 0x000f0000-0x000fffff]
[    0.000000] e820: [mem 0x80000000-0xfebfffff] available for PCI devices
[    0.000000] Booting paravirtualized kernel on KVM
[    0.000000] clocksource: refined-jiffies: mask: 0xffffffff max_cycles: 0xffffffff, max_idle_ns: 7645519600211568 ns
[    0.000000] setup_percpu: NR_CPUS:8192 nr_cpumask_bits:2 nr_cpu_ids:2 nr_node_ids:1
[    0.000000] percpu: Embedded 50 pages/cpu s167936 r8192 d28672 u1048576
[    0.000000] PV qspinlock hash table entries: 256 (order: 0, 4096 bytes)
[    0.000000] Built 1 zonelists, mobility grouping on.  Total pages: 515961
[    0.000000] Policy zone: DMA32
[    0.000000] Kernel command line: BOOT_IMAGE=/boot/vmlinuz-4.15.0-212-generic root=LABEL=cloudimg-rootfs ro console=tty1 console=ttyS0
[    0.000000] Memory: 2014836K/2096696K available (12300K kernel code, 2477K rwdata, 4324K rodata, 2480K init, 2720K bss, 81860K reserved, 0K cma-reserved)
[    0.000000] SLUB: HWalign=64, Order=0-3, MinObjects=0, CPUs=2, Nodes=1
[    0.000000] ftrace: allocating 39508 entries in 155 pages
[    0.004000] Hierarchical RCU implementation.
[    0.004000] 	RCU restricting CPUs from NR_CPUS=8192 to nr_cpu_ids=2.
[    0.004000] 	Tasks RCU enabled.
[    0.004000] RCU: Adjusting geometry for rcu_fanout_leaf=16, nr_cpu_ids=2
[    0.004000] NR_IRQS: 524544, nr_irqs: 440, preallocated irqs: 16
[    0.004000] random: crng init done
[    0.004000] Console: colour VGA+ 80x25
[    0.004000] console [tty1] enabled
[    0.004000] console [ttyS0] enabled
[    0.004000] ACPI: Core revision 20170831
[    0.004000] ACPI: 2 ACPI AML tables successfully acquired and loaded
[    0.004000] APIC: Switch to symmetric I/O mode setup
[    0.004000] ..TIMER: vector=0x30 apic1=0 pin1=2 apic2=-1 pin2=-1
[    0.004000] tsc: Detected 1796.567 MHz processor
[    0.004000] Calibrating delay loop (skipped) preset value.. 3593.13 BogoMIPS (lpj=7186268)
[    0.004011] pid_max: default: 32768 minimum: 301
[    0.008138] Security Framework initialized
[    0.012010] Yama: becoming mindful.
[    0.016191] AppArmor: AppArmor initialized
[    0.042872] Dentry cache hash table entries: 262144 (order: 9, 2097152 bytes)
[    0.057303] Inode-cache hash table entries: 131072 (order: 8, 1048576 bytes)
[    0.060382] Mount-cache hash table entries: 4096 (order: 3, 32768 bytes)
[    0.068126] Mountpoint-cache hash table entries: 4096 (order: 3, 32768 bytes)
[    0.080209] Last level iTLB entries: 4KB 1024, 2MB 1024, 4MB 512
[    0.084011] Last level dTLB entries: 4KB 2048, 2MB 2048, 4MB 1024, 1GB 0
[    0.088012] Spectre V1 : Mitigation: usercopy/swapgs barriers and __user pointer sanitization
[    0.092014] Spectre V2 : Mitigation: Retpolines
[    0.096011] Spectre V2 : Spectre v2 / SpectreRSB mitigation: Filling RSB on context switch
[    0.100011] Spectre V2 : Spectre v2 / SpectreRSB : Filling RSB on VMEXIT
[    0.104015] RETBleed: Vulnerable
[    0.108632] Freeing SMP alternatives memory: 36K
[    0.232689] APIC calibration not consistent with PM-Timer: 102ms instead of 100ms
[    0.236000] APIC delta adjusted to PM-Timer: 6290457 (6456526)
[    0.236918] smpboot: CPU0: AMD Ryzen 7 5700U with Radeon Graphics (family: 0x17, model: 0x68, stepping: 0x1)
[    0.240000] Performance Events: PMU not available due to virtualization, using software events only.
[    0.240000] Hierarchical SRCU implementation.
[    0.240000] NMI watchdog: Perf event create on CPU 0 failed with -2
[    0.240011] NMI watchdog: Perf NMI watchdog permanently disabled
[    0.244901] smp: Bringing up secondary CPUs ...
[    0.252213] x86: Booting SMP configuration:
[    0.256171] .... node  #0, CPUs:      #1
[    0.004000] kvm-clock: cpu 1, msr 0:7ff44041, secondary cpu clock
[    0.282706] TSC synchronization [CPU#0 -> CPU#1]:
[    0.284000] Measured 70110 cycles TSC warp between CPUs, turning off TSC clock.
[    0.284000] tsc: Marking TSC unstable due to check_tsc_sync_source failed
[    0.288416] smp: Brought up 1 node, 2 CPUs
[    0.292016] smpboot: Max logical packages: 1
[    0.296015] smpboot: Total of 2 processors activated (7186.26 BogoMIPS)
[    0.304352] devtmpfs: initialized
[    0.312698] x86/mm: Memory block size: 128MB
[    0.329281] evm: security.selinux
[    0.336010] evm: security.SMACK64
[    0.348008] evm: security.SMACK64EXEC
[    0.360007] evm: security.SMACK64TRANSMUTE
[    0.372014] evm: security.SMACK64MMAP
[    0.384011] evm: security.apparmor
[    0.396010] evm: security.ima
[    0.408010] evm: security.capability
[    0.424273] clocksource: jiffies: mask: 0xffffffff max_cycles: 0xffffffff, max_idle_ns: 7645041785100000 ns
[    0.456025] futex hash table entries: 512 (order: 3, 32768 bytes)
[    0.476986] pinctrl core: initialized pinctrl subsystem
[    0.489048] RTC time: 13:36:14, date: 05/28/24
[    0.502608] NET: Registered protocol family 16
[    0.512332] audit: initializing netlink subsys (disabled)
[    0.524589] audit: type=2000 audit(1716903379.241:1): state=initialized audit_enabled=0 res=1
[    0.528262] cpuidle: using governor ladder
[    0.532589] cpuidle: using governor menu
[    0.552208] ACPI: bus type PCI registered
[    0.560010] acpiphp: ACPI Hot Plug PCI Controller Driver version: 0.5
[    0.572979] PCI: Using configuration type 1 for base access
[    0.584030] PCI: Using configuration type 1 for extended access
[    0.604205] HugeTLB registered 2.00 MiB page size, pre-allocated 0 pages
[    0.624593] ACPI: Added _OSI(Module Device)
[    0.628008] ACPI: Added _OSI(Processor Device)
[    0.632011] ACPI: Added _OSI(3.0 _SCP Extensions)
[    0.636009] ACPI: Added _OSI(Processor Aggregator Device)
[    0.640012] ACPI: Added _OSI(Linux-Dell-Video)
[    0.644013] ACPI: Added _OSI(Linux-Lenovo-NV-HDMI-Audio)
[    0.648077] ACPI: Added _OSI(Linux-HPI-Hybrid-Graphics)
[    0.656121] ACPI: Executed 1 blocks of module-level executable AML code
[    0.670919] ACPI: Interpreter enabled
[    0.672034] ACPI: (supports S0 S5)
[    0.676009] ACPI: Using IOAPIC for interrupt routing
[    0.680751] PCI: Using host bridge windows from ACPI; if necessary, use "pci=nocrs" and report a bug
[    0.684546] ACPI: Enabled 2 GPEs in block 00 to 07
[    0.708039] ACPI: PCI Root Bridge [PCI0] (domain 0000 [bus 00-ff])
[    0.712027] acpi PNP0A03:00: _OSC: OS supports [ExtendedConfig ASPM ClockPM Segments MSI]
[    0.722804] acpi PNP0A03:00: _OSC: platform does not support [PCIeCapability]
[    0.725618] acpi PNP0A03:00: _OSC: not requesting control; platform does not support [PCIeCapability]
[    0.728016] acpi PNP0A03:00: _OSC: OS requested [PCIeHotplug PME AER PCIeCapability]
[    0.732013] acpi PNP0A03:00: _OSC: platform willing to grant [PCIeHotplug PME AER]
[    0.736015] acpi PNP0A03:00: _OSC failed (AE_SUPPORT); disabling ASPM
[    0.741554] PCI host bridge to bus 0000:00
[    0.744018] pci_bus 0000:00: root bus resource [io  0x0000-0x0cf7 window]
[    0.748014] pci_bus 0000:00: root bus resource [io  0x0d00-0xffff window]
[    0.752013] pci_bus 0000:00: root bus resource [mem 0x000a0000-0x000bffff window]
[    0.756017] pci_bus 0000:00: root bus resource [mem 0x80000000-0xfdffffff window]
[    0.760016] pci_bus 0000:00: root bus resource [bus 00-ff]
[    0.780603] pci 0000:00:01.1: legacy IDE quirk: reg 0x10: [io  0x01f0-0x01f7]
[    0.784012] pci 0000:00:01.1: legacy IDE quirk: reg 0x14: [io  0x03f6]
[    0.788012] pci 0000:00:01.1: legacy IDE quirk: reg 0x18: [io  0x0170-0x0177]
[    0.792016] pci 0000:00:01.1: legacy IDE quirk: reg 0x1c: [io  0x0376]
[    0.837167] pci 0000:00:07.0: quirk: [io  0x4000-0x403f] claimed by PIIX4 ACPI
[    0.840087] pci 0000:00:07.0: quirk: [io  0x4100-0x410f] claimed by PIIX4 SMB
[    0.870481] ACPI: PCI Interrupt Link [LNKA] (IRQs 5 9 10 *11)
[    0.872987] ACPI: PCI Interrupt Link [LNKB] (IRQs 5 9 *10 11)
[    0.876513] ACPI: PCI Interrupt Link [LNKC] (IRQs 5 *9 10 11)
[    0.880496] ACPI: PCI Interrupt Link [LNKD] (IRQs 5 9 10 *11)
[    0.888232] SCSI subsystem initialized
[    0.896636] pci 0000:00:02.0: vgaarb: setting as boot VGA device
[    0.900000] pci 0000:00:02.0: vgaarb: VGA device added: decodes=io+mem,owns=io+mem,locks=none
[    0.900018] pci 0000:00:02.0: vgaarb: bridge control possible
[    0.904011] vgaarb: loaded
[    0.908068] ACPI: bus type USB registered
[    0.912169] usbcore: registered new interface driver usbfs
[    0.916049] usbcore: registered new interface driver hub
[    0.920043] usbcore: registered new device driver usb
[    0.928228] EDAC MC: Ver: 3.0.0
[    0.948458] PCI: Using ACPI for IRQ routing
[    0.961856] NetLabel: Initializing
[    0.972011] NetLabel:  domain hash size = 128
[    0.984010] NetLabel:  protocols = UNLABELED CIPSOv4 CALIPSO
[    0.996034] NetLabel:  unlabeled traffic allowed by default
[    1.008951] clocksource: Switched to clocksource kvm-clock
[    1.050828] VFS: Disk quotas dquot_6.6.0
[    1.050828] VFS: Dquot-cache hash table entries: 512 (order 0, 4096 bytes)
[    1.118824] AppArmor: AppArmor Filesystem Enabled
[    1.121710] pnp: PnP ACPI init
[    1.121710] pnp: PnP ACPI: found 3 devices
[    1.225788] clocksource: acpi_pm: mask: 0xffffff max_cycles: 0xffffff, max_idle_ns: 2085701024 ns
[    1.228295] NET: Registered protocol family 2
[    1.228295] IP idents hash table entries: 32768 (order: 6, 262144 bytes)
[    1.259197] TCP established hash table entries: 16384 (order: 5, 131072 bytes)
[    1.271687] TCP bind hash table entries: 16384 (order: 6, 262144 bytes)
[    1.274551] TCP: Hash tables configured (established 16384 bind 16384)
[    1.274551] UDP hash table entries: 1024 (order: 3, 32768 bytes)
[    1.274551] UDP-Lite hash table entries: 1024 (order: 3, 32768 bytes)
[    1.274551] NET: Registered protocol family 1
[    1.274551] pci 0000:00:00.0: Limiting direct PCI/PCI transfers
[    1.274551] pci 0000:00:01.0: Activating ISA DMA hang workarounds
[    1.274551] pci 0000:00:02.0: Video device with shadowed ROM at [mem 0x000c0000-0x000dffff]
[    1.274551] Unpacking initramfs...
[    2.110815] Freeing initrd memory: 19528K
[    2.247735] clocksource: tsc: mask: 0xffffffffffffffff max_cycles: 0x19e57e9541b, max_idle_ns: 440795246084 ns
[    2.266745] platform rtc_cmos: registered platform RTC device (no PNP device found)
[    2.280870] Scanning for low memory corruption every 60 seconds
[    2.291917] Initialise system trusted keyrings
[    2.299069] Key type blacklist registered
[    2.306460] workingset: timestamp_bits=36 max_order=19 bucket_order=0
[    2.320465] zbud: loaded
[    2.328379] squashfs: version 4.0 (2009/01/31) Phillip Lougher
[    2.338930] fuse init (API version 7.26)
[    2.400626] Key type asymmetric registered
[    2.406327] Asymmetric key parser 'x509' registered
[    2.414846] Block layer SCSI generic (bsg) driver version 0.4 loaded (major 246)
[    2.428482] io scheduler noop registered
[    2.434999] io scheduler deadline registered
[    2.441981] io scheduler cfq registered (default)
[    2.451736] ACPI: AC Adapter [AC] (off-line)
[    2.458884] input: Power Button as /devices/LNXSYSTM:00/LNXPWRBN:00/input/input0
[    2.470821] ACPI: Power Button [PWRF]
[    2.477358] input: Sleep Button as /devices/LNXSYSTM:00/LNXSLPBN:00/input/input1
[    2.488158] ACPI: Sleep Button [SLPF]
[    2.496623] Serial: 8250/16550 driver, 32 ports, IRQ sharing enabled
[    2.498764] ACPI: Battery Slot [BAT0] (battery present)
[    2.540761] 00:02: ttyS0 at I/O 0x3f8 (irq = 4, base_baud = 115200) is a 16550A
[    2.577960] Linux agpgart interface v0.103
[    2.598228] loop: module loaded
[    2.605741] scsi host0: ata_piix
[    2.611919] scsi host1: ata_piix
[    2.618369] ata1: PATA max UDMA/33 cmd 0x1f0 ctl 0x3f6 bmdma 0xd000 irq 14
[    2.628789] ata2: PATA max UDMA/33 cmd 0x170 ctl 0x376 bmdma 0xd008 irq 15
[    2.637777] tun: Universal TUN/TAP device driver, 1.6
[    2.645932] PPP generic driver version 2.4.2
[    2.655070] ehci_hcd: USB 2.0 'Enhanced' Host Controller (EHCI) Driver
[    2.664388] ehci-pci: EHCI PCI platform driver
[    2.670630] ehci-platform: EHCI generic platform driver
[    2.677778] ohci_hcd: USB 1.1 'Open' Host Controller (OHCI) Driver
[    2.686321] ohci-pci: OHCI PCI platform driver
[    2.692238] ohci-platform: OHCI generic platform driver
[    2.700254] uhci_hcd: USB Universal Host Controller Interface driver
[    2.707879] i8042: PNP: PS/2 Controller [PNP0303:PS2K,PNP0f03:PS2M] at 0x60,0x64 irq 1,12
[    2.723315] serio: i8042 KBD port at 0x60,0x64 irq 1
[    2.730450] serio: i8042 AUX port at 0x60,0x64 irq 12
[    2.740223] mousedev: PS/2 mouse device common for all mice
[    2.750998] input: AT Translated Set 2 keyboard as /devices/platform/i8042/serio0/input/input2
[    2.753754] rtc_cmos rtc_cmos: rtc core: registered rtc_cmos as rtc0
[    2.770552] rtc_cmos rtc_cmos: alarms up to one day, 114 bytes nvram
[    2.778702] i2c /dev entries driver
[    2.782630] device-mapper: uevent: version 1.0.3
[    2.789174] device-mapper: ioctl: 4.37.0-ioctl (2017-09-20) initialised: dm-devel@redhat.com
[    2.876779] ledtrig-cpu: registered to indicate activity on CPUs
[    2.888241] NET: Registered protocol family 10
[    2.910030] Segment Routing with IPv6
[    2.916820] NET: Registered protocol family 17
[    2.924432] Key type dns_resolver registered
[    2.931686] mce: Using 0 MCE banks
[    2.936686] RAS: Correctable Errors collector initialized.
[    2.944546] sched_clock: Marking stable (2944401903, 0)->(4708839549, -1764437646)
[    2.961253] registered taskstats version 1
[    2.968013] Loading compiled-in X.509 certificates
[    2.981638] Loaded X.509 cert 'Build time autogenerated kernel key: b5b26778eaa3ab3a4a6cee031137706e947d12ad'
[    2.992622] Loaded X.509 cert 'Canonical Ltd. Live Patch Signing: 14df34d1a87cf37625abec039ef2bf521249b969'
[    3.004242] Loaded X.509 cert 'Canonical Ltd. Kernel Module Signing: 88f752e560a1e0737e31163a466ad7b70a850c19'
[    3.017114] blacklist: Loading compiled-in revocation X.509 certificates
[    3.026085] Loaded X.509 cert 'Canonical Ltd. Secure Boot Signing: 61482aa2830d0ab2ad5af10b7250da9033ddcef0'
[    3.037850] Loaded X.509 cert 'Canonical Ltd. Secure Boot Signing (2017): 242ade75ac4a15e50d50c84b0d45ff3eae707a03'
[    3.051003] Loaded X.509 cert 'Canonical Ltd. Secure Boot Signing (ESM 2018): 365188c1d374d6b07c3c8f240f8ef722433d6a8b'
[    3.065211] Loaded X.509 cert 'Canonical Ltd. Secure Boot Signing (2019): c0746fd6c5da3ae827864651ad66ae47fe24b3e8'
[    3.077707] Loaded X.509 cert 'Canonical Ltd. Secure Boot Signing (2021 v1): a8d54bbb3825cfb94fa13c9f8a594a195c107b8d'
[    3.089828] Loaded X.509 cert 'Canonical Ltd. Secure Boot Signing (2021 v2): 4cf046892d6fd3c9a5b03f98d845f90851dc6a8c'
[    3.102692] Loaded X.509 cert 'Canonical Ltd. Secure Boot Signing (2021 v3): 100437bb6de6e469b581e61cd66bce3ef4ed53af'
[    3.114830] Loaded X.509 cert 'Canonical Ltd. Secure Boot Signing (Ubuntu Core 2019): c1d57b8f6b743f23ee41f4f7ee292f06eecadfb9'
[    3.128565] zswap: loaded using pool lzo/zbud
[    3.147561] Key type big_key registered
[    3.152610] Key type trusted registered
[    3.162197] Key type encrypted registered
[    3.166824] AppArmor: AppArmor sha1 policy hashing enabled
[    3.173373] ima: No TPM chip found, activating TPM-bypass! (rc=-19)
[    3.180559] ima: Allocated hash algorithm: sha1
[    3.186927] evm: HMAC attrs: 0x1
[    3.191977]   Magic number: 8:59:636
[    3.196238] power_supply AC: hash matches
[    3.202595] rtc_cmos rtc_cmos: setting system clock to 2024-05-28 13:36:17 UTC (1716903377)
[    3.213408] BIOS EDD facility v0.16 2004-Jun-25, 0 devices found
[    3.220726] EDD information not available.
[    3.230075] Freeing unused kernel image memory: 2480K
[    3.261122] Write protecting the kernel read-only data: 20480k
[    3.269684] Freeing unused kernel image memory: 2008K
[    3.276928] Freeing unused kernel image memory: 1820K
[    3.290247] x86/mm: Checked W+X mappings: passed, no W+X pages found.
Loading, please wait...
starting version 237
[    3.442300] Fusion MPT base driver 3.04.20
[    3.447677] Copyright (c) 1999-2008 LSI Corporation
[    3.478278] e1000: Intel(R) PRO/1000 Network Driver - version 7.3.21-k8-NAPI
[    3.486989] e1000: Copyright (c) 1999-2006 Intel Corporation.
[    3.529596] SSE version of gcm_enc/dec engaged.
[    3.535990] Fusion MPT SPI Host driver 3.04.20
[    3.763426] input: ImExPS/2 Generic Explorer Mouse as /devices/platform/i8042/serio1/input/input4
[    4.346093] e1000 0000:00:03.0 eth0: (PCI:33MHz:32-bit) 02:3b:7b:b7:3b:2d
[    4.355267] e1000 0000:00:03.0 eth0: Intel(R) PRO/1000 Network Connection
[    4.367855] mptbase: ioc0: Initiating bringup
[    4.511422] ioc0: LSI53C1030 A0: Capabilities={Initiator}
[    4.773072] scsi host2: ioc0: LSI53C1030 A0, FwRev=00000000h, Ports=1, MaxQ=256, IRQ=20
[    4.957284] scsi 2:0:0:0: Direct-Access     VBOX     HARDDISK         1.0  PQ: 0 ANSI: 5
[    4.996145] scsi target2:0:0: Beginning Domain Validation
[    5.013425] scsi target2:0:0: Domain Validation skipping write tests
[    5.020734] scsi target2:0:0: Ending Domain Validation
[    5.027742] scsi target2:0:0: asynchronous
[    5.034881] scsi 2:0:1:0: Direct-Access     VBOX     HARDDISK         1.0  PQ: 0 ANSI: 5
[    5.401740] scsi target2:0:1: Beginning Domain Validation
[    5.419309] scsi target2:0:1: Domain Validation skipping write tests
[    5.429057] scsi target2:0:1: Ending Domain Validation
[    5.437779] scsi target2:0:1: asynchronous
[    5.462011] sd 2:0:0:0: [sda] 83886080 512-byte logical blocks: (42.9 GB/40.0 GiB)
[    5.472592] sd 2:0:0:0: [sda] Write Protect is off
[    5.479499] sd 2:0:0:0: [sda] Incomplete mode parameter data
[    5.486795] sd 2:0:0:0: [sda] Assuming drive cache: write through
[    5.494875] sd 2:0:0:0: Attached scsi generic sg0 type 0
[    5.503666] sd 2:0:1:0: Attached scsi generic sg1 type 0
[    5.514926] sd 2:0:1:0: [sdb] 20480 512-byte logical blocks: (10.5 MB/10.0 MiB)
[    5.525916] sd 2:0:1:0: [sdb] Write Protect is off
[    5.535711] sd 2:0:1:0: [sdb] Incomplete mode parameter data
[    5.543563] sd 2:0:1:0: [sdb] Assuming drive cache: write through
[    5.552354]  sda: sda1
[    5.561218] sd 2:0:0:0: [sda] Attached SCSI disk
[    5.577038] sd 2:0:1:0: [sdb] Attached SCSI disk
[    5.820315] e1000 0000:00:08.0 eth1: (PCI:33MHz:32-bit) 08:00:27:07:34:27
[    5.831970] e1000 0000:00:08.0 eth1: Intel(R) PRO/1000 Network Connection
[    5.848387] e1000 0000:00:08.0 enp0s8: renamed from eth1
[    5.884663] e1000 0000:00:03.0 enp0s3: renamed from eth0
Begin: Loading essential drivers ... [    8.460342] raid6: sse2x1   gen()  4216 MB/s
[    8.512280] raid6: sse2x1   xor()  4078 MB/s
[    8.564519] raid6: sse2x2   gen()  9450 MB/s
[    8.616266] raid6: sse2x2   xor()  6238 MB/s
[    8.668181] raid6: sse2x4   gen() 10034 MB/s
[    8.725161] raid6: sse2x4   xor()  5321 MB/s
[    8.732193] raid6: using algorithm sse2x4 gen() 10034 MB/s
[    8.742020] raid6: .... xor() 5321 MB/s, rmw enabled
[    8.751656] raid6: using ssse3x2 recovery algorithm
[    8.765973] xor: measuring software checksum speed
[   14.107626]    prefetch64-sse: -824658.-296 MB/sec
[   14.217478]    generic_sse: 32735.000 MB/sec
[   14.223410] xor: using function: generic_sse (32735.000 MB/sec)
[   14.233390] async_tx: api initialized (async)
done.
Begin: Running /scripts/init-premount ... done.
Begin: Mounting root file system ... Begin: Running /scripts/local-top ... done.
Begin: Running /scripts/local-premount ... [   14.312512] Btrfs loaded, crc32c=crc32c-intel
Scanning for Btrfs filesystems
done.
Warning: fsck not present, so skipping root file system
[   14.414368] EXT4-fs (sda1): mounted filesystem with ordered data mode. Opts: (null)
done.
Begin: Running /scripts/local-bottom ... done.
Begin: Running /scripts/init-bottom ... done.
[   14.716324] ip_tables: (C) 2000-2006 Netfilter Core Team
[   14.748433] systemd[1]: systemd 237 running in system mode. (+PAM +AUDIT +SELINUX +IMA +APPARMOR +SMACK +SYSVINIT +UTMP +LIBCRYPTSETUP +GCRYPT +GNUTLS +ACL +XZ +LZ4 +SECCOMP +BLKID +ELFUTILS +KMOD -IDN2 +IDN -PCRE2 default-hierarchy=hybrid)
[   14.772878] systemd[1]: Detected virtualization oracle.
[   14.778908] systemd[1]: Detected architecture x86-64.

Welcome to [1mUbuntu 18.04.6 LTS[0m!

[   14.825092] systemd[1]: Set hostname to <ubuntu>.
[   14.839381] systemd[1]: Initializing machine ID from random generator.
[   14.847224] systemd[1]: Installed transient /etc/machine-id file.
[   15.405160] systemd[1]: Started Forward Password Requests to Wall Directory Watch.
[[0;32m  OK  [0m] Started Forward Password Requests to Wall Directory Watch.
[   15.416814] systemd[1]: Reached target Swap.
[[0;32m  OK  [0m] Reached target Swap.
[   15.425636] systemd[1]: Set up automount Arbitrary Executable File Formats File System Automount Point.
[[0;32m  OK  [0m] Set up automount Arbitrary Executab…rmats File System Automount Point.
[   15.444028] systemd[1]: Reached target System Time Synchronized.
[[0;32m  OK  [0m] Reached target System Time Synchronized.
[[0;32m  OK  [0m] Created slice System Slice.
[[0;32m  OK  [0m] Created slice system-serial\x2dgetty.slice.
[[0;32m  OK  [0m] Listening on Syslog Socket.
[[0;32m  OK  [0m] Listening on Journal Audit Socket.
[[0;32m  OK  [0m] Listening on udev Control Socket.
[[0;32m  OK  [0m] Listening on Device-mapper event daemon FIFOs.
[[0;32m  OK  [0m] Created slice User and Session Slice.
[[0;32m  OK  [0m] Reached target Slices.
[[0;32m  OK  [0m] Listening on /dev/initctl Compatibility Named Pipe.
[[0;32m  OK  [0m] Listening on Journal Socket.
         Mounting Huge Pages File System...
         Starting Create list of required st…ce nodes for the current kernel...
         Mounting POSIX Message Queue File System...
         Starting Uncomplicated firewall...
[[0;32m  OK  [0m] Reached target Mounting snaps.
[[0;32m  OK  [0m] Listening on udev Kernel Socket.
[[0;32m  OK  [0m] Listening on LVM2 metadata daemon socket.
         Mounting Kernel Debug File System...
[[0;32m  OK  [0m] Reached target User and Group Name Lookups.
[[0;32m  OK  [0m] Listening on Journal Socket (/dev/log).
         Starting Journal Service...
         Starting Monitoring of LVM2 mirrors…ng dmeventd or progress polling...
         Starting Set the console keyboard layout...
         Starting udev Coldplug all Devices...
[[0;32m  OK  [0m] Listening on Network Service Netlink Socket.
[[0;32m  OK  [0m] Reached target Mounted snaps.
         Starting Load Kernel Modules...
[[0;32m  OK  [0m] Listening on fsck to fsckd communication Socket.
         Starting File System Check on Root Device...
[[0;32m  OK  [0m] Listening on LVM2 poll daemon socket.
[[0;32m  OK  [0m] Started Journal Service.
[[0;32m  OK  [0m] Mounted Huge Pages File System.
[[0;32m  OK  [0m] Started Create list of required sta…vice nodes for the current kernel.
[[0;32m  OK  [0m] [   15.683575] Loading iSCSI transport class v2.0-870.
Mounted POSIX Message Queue File System.
[[0;32m  OK  [0m] Started Uncomplicated firewall.
[[0;32m  OK  [0m] Mounted Kernel Debug File System.
[[0;32m  OK  [0m] Started File System Check Daemon to report status.
[[0;32m  OK  [0m] Started LVM2 metadata daemon.
         Starting Create Static Device Nodes in /dev...
[[0;32m  OK  [0m] Started File System Check on Root Device.
         Starting Remount Root and Kernel File Systems...
[   15.754457] iscsi: registered transport (tcp)
[[0;32m  OK  [0m] Started udev Coldplug all Devices.
[[0;32m  OK  [0m] Started Create Static Device Nodes in /dev.
[   15.879042] EXT4-fs (sda1): re-mounted. Opts: (null)
[[0;32m  OK  [0m] Started Remount Root and Kernel File Systems.
         Starting Flush Journal to Persistent Storage...
         Starting Load/Save Random Seed...
         Starting udev Kernel Device Manager...
[[0;32m  OK  [0m] Started Monitoring of LVM2 mirrors,…sing dmeventd or progress polling.
[   15.956853] iscsi: registered transport (iser)
[   15.970883] systemd-journald[403]: Received request to flush runtime journal from PID 1
[[0;32m  OK  [0m] Started Load Kernel Modules.
         Mounting Kernel Configuration File System...
         Starting Apply Kernel Variables...
         Mounting FUSE Control File System...
[[0;32m  OK  [0m] Mounted Kernel Configuration File System.
[[0;32m  OK  [0m] Mounted FUSE Control File System.
[[0;32m  OK  [0m] Started udev Kernel Device Manager.
[[0;32m  OK  [0m] Started Load/Save Random Seed.
[[0;32m  OK  [0m] Started Apply Kernel Variables.
[[0;32m  OK  [0m] Started Flush Journal to Persistent Storage.
[[0;32m  OK  [0m] Found device /dev/ttyS0.
[[0;32m  OK  [0m] Listening on Load/Save RF Kill Switch Status /dev/rfkill Watch.
[[0;32m  OK  [0m] Started Set the console keyboard layout.
         Mounting Arbitrary Executable File Formats File System...
[[0;32m  OK  [0m] Reached target Local File Systems (Pre).
[[0;32m  OK  [0m] Reached target Local File Systems.
         Starting Create Volatile Files and Directories...
         Starting Set console font and keymap...
         Starting Commit a transient machine-id on disk...
         Starting AppArmor initialization...
         Starting Tell Plymouth To Write Out Runtime Data...
         Starting ebtables ruleset management...
[[0;32m  OK  [0m] Started Dispatch Password Requests to Console Directory Watch.
[[0;32m  OK  [0m] Reached target Local Encrypted Volumes.
[[0;32m  OK  [0m] Mounted Arbitrary Executable File Formats File System.
[[0;32m  OK  [0m] Started Tell Plymouth To Write Out Runtime Data.
[[0;32m  OK  [0m] Started Create Volatile Files and Directories.
         Starting Update UTMP about System Boot/Shutdown...
[[0;32m  OK  [0m] Started Update UTMP about System Boot/Shutdown.
[[0;32m  OK  [0m] Started Commit a transient machine-id on disk.
[[0;32m  OK  [0m] Started ebtables ruleset management.
[[0;32m  OK  [0m] Started AppArmor initialization.
         Starting Load AppArmor profiles managed internally by snapd...
         Starting Initial cloud-init job (pre-networking)...
[[0;32m  OK  [0m] Started Load AppArmor profiles managed internally by snapd.
[[0;32m  OK  [0m] Started Set console font and keymap.
[   21.107418] cloud-init[769]: Cloud-init v. 23.1.2-0ubuntu0~18.04.1 running 'init-local' at Tue, 28 May 2024 13:36:34 +0000. Up 20.61 seconds.
[[0;32m  OK  [0m] Started Initial cloud-init job (pre-networking).
[[0;32m  OK  [0m] Reached target Network (Pre).
         Starting Network Service...
[[0;32m  OK  [0m] Started Network Service.
         Starting Wait for Network to be Configured...
         Starting Network Name Resolution...
[[0;32m  OK  [0m] Started Network Name Resolution.
[[0;32m  OK  [0m] Reached target Network.
[[0;32m  OK  [0m] Reached target Host and Network Name Lookups.
[[0;32m  OK  [0m] Started Wait for Network to be Configured.
         Starting Initial cloud-init job (metadata service crawler)...
[   23.151317] cloud-init[921]: Cloud-init v. 23.1.2-0ubuntu0~18.04.1 running 'init' at Tue, 28 May 2024 13:36:37 +0000. Up 22.93 seconds.
[   23.161820] cloud-init[921]: ci-info: ++++++++++++++++++++++++++++++++++++++Net device info+++++++++++++++++++++++++++++++++++++++
[   23.168974] cloud-init[921]: ci-info: +--------+-------+----------------------------+---------------+--------+-------------------+
[   23.177572] cloud-init[921]: ci-info: | Device |   Up  |          Address           |      Mask     | Scope  |     Hw-Address    |
[   23.184681] cloud-init[921]: ci-info: +--------+-------+----------------------------+---------------+--------+-------------------+
[   23.191630] cloud-init[921]: ci-info: | enp0s3 |  True |         10.0.2.15          | 255.255.255.0 | global | 02:3b:7b:b7:3b:2d |
[   23.198383] cloud-init[921]: ci-info: | enp0s3 |  True | fe80::3b:7bff:feb7:3b2d/64 |       .       |  link  | 02:3b:7b:b7:3b:2d |
[   23.204830] cloud-init[921]: ci-info: | enp0s8 | False |             .              |       .       |   .    | 08:00:27:07:34:27 |
[   23.211792] cloud-init[921]: ci-info: |   lo   |  True |         127.0.0.1          |   255.0.0.0   |  host  |         .         |
[   23.223180] cloud-init[921]: ci-info: |   lo   |  True |          ::1/128           |       .       |  host  |         .         |
[   23.234024] cloud-init[921]: ci-info: +--------+-------+----------------------------+---------------+--------+-------------------+
[   23.245060] cloud-init[921]: ci-info: ++++++++++++++++++++++++++++Route IPv4 info+++++++++++++++++++++++++++++
[   23.256584] cloud-init[921]: ci-info: +-------+-------------+----------+-----------------+-----------+-------+
[   23.269256] cloud-init[921]: ci-info: | Route | Destination | Gateway  |     Genmask     | Interface | Flags |
[   23.276057] cloud-init[921]: ci-info: +-------+-------------+----------+-----------------+-----------+-------+
[   23.282390] cloud-init[921]: ci-info: |   0   |   0.0.0.0   | 10.0.2.2 |     0.0.0.0     |   enp0s3  |   UG  |
[   23.288002] cloud-init[921]: ci-info: |   1   |   10.0.2.0  | 0.0.0.0  |  255.255.255.0  |   enp0s3  |   U   |
[   23.294260] cloud-init[921]: ci-info: |   2   |   10.0.2.2  | 0.0.0.0  | 255.255.255.255 |   enp0s3  |   UH  |
[   23.301657] cloud-init[921]: ci-info: +-------+-------------+----------+-----------------+-----------+-------+
[   23.308379] cloud-init[921]: ci-info: +++++++++++++++++++Route IPv6 info+++++++++++++++++++
[   23.319299] cloud-init[921]: ci-info: +-------+-------------+---------+-----------+-------+
[   23.330823] cloud-init[921]: ci-info: | Route | Destination | Gateway | Interface | Flags |
[   23.339962] cloud-init[921]: ci-info: +-------+-------------+---------+-----------+-------+
[   23.350106] cloud-init[921]: ci-info: |   1   |  fe80::/64  |    ::   |   enp0s3  |   U   |
[   23.359106] cloud-init[921]: ci-info: |   3   |    local    |    ::   |   enp0s3  |   U   |
[   23.369294] cloud-init[921]: ci-info: |   4   |   ff00::/8  |    ::   |   enp0s3  |   U   |
[   23.378900] cloud-init[921]: ci-info: +-------+-------------+---------+-----------+-------+
[   24.677870] cloud-init[921]: Generating public/private rsa key pair.
[   24.688367] cloud-init[921]: Your identification has been saved in /etc/ssh/ssh_host_rsa_key.
[   24.700062] cloud-init[921]: Your public key has been saved in /etc/ssh/ssh_host_rsa_key.pub.
[   24.710533] cloud-init[921]: The key fingerprint is:
[   24.719400] cloud-init[921]: SHA256:y15XefXqdYaVp0jpu8tZ+9yGb8Cop68hRIcUghsQtGo root@ubuntu-bionic
[   24.729572] cloud-init[921]: The key's randomart image is:
[   24.738583] cloud-init[921]: +---[RSA 2048]----+
[   24.747795] cloud-init[921]: | .+o .. o.       |
[   24.755844] cloud-init[921]: |   .o  o .       |
[   24.764804] cloud-init[921]: [[0;32m  OK  [0m] Started Initial cloud-init job (metadata service crawler).
[[0;32m  OK  [0m] Reached target Cloud-config availability.
[[0;32m  OK  [0m] Reached target Network is Online.
|  .  o  o .     .|
[[0;32m  OK  [0m] Reached target Remote File Systems (Pre).
[[0;32m  OK  [0m] Reached target Remote File Systems.
[   24.788440]          Starting Availability of block devices...
[[0;32m  OK  [0m] Reached target System Initialization.
[[0;32m  OK  [0m] Listening on UUID daemon activation socket.
[[0;32m  OK  [0m] Started Ubuntu Advantage Timer for running repeated jobs.
cloud-init[921]: [[0;32m  OK  [0m] Listening on D-Bus System Message Bus Socket.
| .  .  . .   . .+|[[0;32m  OK  [0m] Started ACPI Events Check.
         Starting Socket activation for snappy daemon.
[[0;32m  OK  [0m] Started Daily apt download activities.
         Starting LXD - unix socket.
[[0;32m  OK  [0m] Started Daily apt upgrade and clean activities.
[[0;32m  OK  [0m] Listening on Open-iSCSI iscsid Socket.
[[0;32m  OK  [0m] Started Message of the Day.
[[0;32m  OK  [0m] Reached target Paths.
[[0;32m  OK  [0m] Started Discard unused blocks once a week.
[[0;32m  OK  [0m] Started Daily Cleanup of Temporary Directories.
[[0;32m  OK  [0m] Reached target Timers.
[[0;32m  OK  [0m] Listening on ACPID Listen Socket.
[[0;32m  OK  [0m] Listening on cloud-init hotplug hook socket.
[[0;32m  OK  [0m] Started Availability of block devices.
[[0;32m  OK  [0m] Listening on LXD - unix socket.

[[0;32m  OK  [0m] Listening on Socket activation for snappy daemon.
[   24.860756] [[0;32m  OK  [0m] Reached target Sockets.
[[0;32m  OK  [0m] Reached target Basic System.
[[0;32m  OK  [0m] Started Deferred execution scheduler.
[[0;32m  OK  [0m] Started Regular background program processing daemon.
         Starting LXD - container startup/shutdown...
cloud-init[921]:          Starting Pollinate to seed the pseudo random number generator...
|.E      S   ooo.=|
         Starting Virtualbox guest utils...
         Starting Permit User Sessions...
[[0;32m  OK  [0m] Reached target Login Prompts (Pre).
[   24.894335]          Starting System Logging Service...
cloud-init         Starting LSB: Record successful boot for GRUB...
[[0;32m  OK  [0m] Started D-Bus System Message Bus.
[921]: |.      o . o.oo*.|
[   24.939097] cloud-init[921]: |        + o.+ =o+|
[   24.948017] cloud-init[921]: |       . o.+.=.==|
[   24.958243] cloud-init[921]: |        . o=Boo==|
[   24.967901] cloud-init[921]: +----[SHA256]-----+
[   24.977778] cloud-init[921]: Generating public/private dsa key pair.
[   24.987423] cloud-init[921]: Your identification has been saved in /etc/ssh/ssh_host_dsa_key.
[   24.998782] cloud-init[921]: Your public key has been saved in /etc/ssh/ssh_host_dsa_key.pub.
[   25.010351] cloud-init[921]: The key fingerprint is:
[   25.019912] cloud-init[921]: SHA256:W/WHVIBrFBMEXjIyfMQyG8Atb1bxunoYPZ+btJPZnhM root@ubuntu-bionic
[   25.037237] cloud-init[921]: The key's randomart image is:
[   25.046069] cloud-init[921]: +---[DSA 1024]----+
[   25.054805] cloud-init[921]: |     ..+oo*+*+...|
[   25.064165] cloud-init[921]: |      o *++=o. . |
[   25.074174] cloud-init[921]: |       o B..o..  |
[   25.085948] cloud-init[921]: |        =  ooo . |
[   25.098488] cloud-init[921]: |       oS.o.  o .|
[   25.115591] cloud-init[921]: |        .oo.  E. |
[   25.126981] cloud-init[921]: |        .o.o.= . |
[   25.145913] cloud-init[921]: |        ....*oo. |
[   25.164030] cloud-init[921]: |        ..  ++o. |
[   25.173692] cloud-init[921]: +----[SHA256]-----+
[   25.182189] cloud-init[921]: Generating public/private ecdsa key pair.
[   25.192312] cloud-init[921]: Your identification has been saved in /etc/ssh/ssh_host_ecdsa_key.
[   25.206600] cloud-init[921]: Your public key has been saved in /etc/ssh/ssh_host_ecdsa_key.pub.
[   25.222193] cloud-init[921]: The key fingerprint is:
[   25.231205] cloud-init[921]: SHA256:36qiAvyIJJRUiYu88EBZlRGIYztAJAmQZFfSf2iUFyI root@ubuntu-bionic
[   25.245492] cloud-init[921]: The key's randomart image is:
[   25.256371] cloud-init[921]:          Starting Dispatcher daemon for systemd-networkd...
+---[ECDSA 256]---+
[   25.270786] cloud-init[921]: |XB*=*E+....      |
[   25.275409] cloud-init[921]: |*O.o.o.o..       |
[   25.281564] cloud-init[921]: |B =   o o        |
         Starting Snap Daemon...
[   25.288720] cloud-init[921]: |+B     + .       |
         Starting Accounts Service...
[[0;32m  OK  [0m] Started FUSE filesystem for LXC.
[   25.304799] cloud-init[921]: |+oo   . S        |
         [   25.326020] cloud-init[921]: |o+.      . .     |
Starting Login Service...
[   25.327609] cloud-init[921]: |+.o       . .    |
[   25.334366] cloud-init[921]: |....  .    .     |
[   25.338504] cloud-init[921]: |   ... ....      |
[   25.341962] cloud-init[921]: +----[SHA256]-----+
[   25.349216] cloud-init[921]: Generating public/private ed25519 key pair.
[   25.355490] cloud-init[921]: Your identification has been saved in /etc/ssh/ssh_host_ed25519_key.
[   25.361691] cloud-init[921]: Your public key has been saved in /etc/ssh/ssh_host_ed25519_key.pub.
[   25.373159] cloud-init[921]: The key fingerprint is:
[   25.377547] cloud-init[921]: SHA256:4SPJC/v4bpXSrqwwjnExIMPCZM00CEs6nhPU1EGF6Tw root@ubuntu-bionic
[   25.385967] cloud-init[921]: The key's randomart image is:
[   25.391803] cloud-init[921]: +--[ED25519 256]--+
[   25.395372] cloud-init[921]: |o=B+oo=.         |
[   25.406733] cloud-init[921]: |Oo +.+           |
[   25.410903] cloud-init[921]: |O+  o   .        |
[   25.414990] cloud-init[921]: |++o  E o .       |
[   25.418980] cloud-init[921]: | +o . =.S.       |
[   25.422532] cloud-init[921]: |  .o o.o+.       |
[   25.427125] cloud-init[921]: |. + . .+         |
[   25.437586] cloud-init[921]: | = o +. .        |
[   25.462725] cloud-init[921]: |. . o=*.         |
[   25.466415] cloud-init[921]: +----[SHA256]-----+
[[0;32m  OK  [0m] Started irqbalance daemon.
         Starting LSB: automatic crash report generation...
[[0;32m  OK  [0m] Started System Logging Service.
[[0;32m  OK  [0m] Started Permit User Sessions.
         Starting Hold until boot process finishes up...
         Starting Terminate Plymouth Boot Screen...
[[0;32m  OK  [0m] Started Hold until boot process finishes up.
         Starting Set console scheme...
[[0;32m  OK  [0m] Started Serial Getty on ttyS0.
[[0;32m  OK  [0m] Started Terminate Plymouth Boot Screen.
[[0;32m  OK  [0m] Started Login Service.
[[0;32m  OK  [0m] Started Unattended Upgrades Shutdown.
[[0;32m  OK  [0m] Started Set console scheme.
[[0;32m  OK  [0m] Created slice system-getty.slice.
[[0;32m  OK  [0m] Started Getty on tty1.
[[0;32m  OK  [0m] Reached target Login Prompts.
[[0;32m  OK  [0m] Started LSB: automatic crash report generation.
[[0;32m  OK  [0m] Started LXD - container startup/shutdown.
[[0;32m  OK  [0m] Started LSB: Record successful boot for GRUB.
         Starting Authorization Manager...
[[0;32m  OK  [0m] Started Virtualbox guest utils.
[[0;32m  OK  [0m] Started Authorization Manager.
[[0;32m  OK  [0m] Started Accounts Service.
[[0;32m  OK  [0m] Started Dispatcher daemon for systemd-networkd.
[[0;32m  OK  [0m] Started Snap Daemon.
         Starting Wait until snapd is fully seeded...
         Starting Time & Date Service...
[[0;32m  OK  [0m] Started Time & Date Service.
[[0;32m  OK  [0m] Started Wait until snapd is fully seeded.
         Starting Apply the settings specified in cloud-config...
[[0;32m  OK  [0m] Started Pollinate to seed the pseudo random number generator.
         Starting OpenBSD Secure Shell server...
[[0;32m  OK  [0m] Started OpenBSD Secure Shell server.
[   29.867684] cloud-init[1352]: Cloud-init v. 23.1.2-0ubuntu0~18.04.1 running 'modules:config' at Tue, 28 May 2024 13:36:43 +0000. Up 29.17 seconds.
[[0;32m  OK  [0m] Started Apply the settings specified in cloud-config.
[[0;32m  OK  [0m] Reached target Multi-User System.
[[0;32m  OK  [0m] Reached target Graphical Interface.
         Starting Update UTMP about System Runlevel Changes...
         Starting Execute cloud user/final scripts...
[[0;32m  OK  [0m] Started Update UTMP about System Runlevel Changes.
ci-info: no authorized SSH keys fingerprints found for user ubuntu.
<14>May 28 13:36:44 cloud-init: #############################################################
<14>May 28 13:36:44 cloud-init: -----BEGIN SSH HOST KEY FINGERPRINTS-----
<14>May 28 13:36:44 cloud-init: 1024 SHA256:W/WHVIBrFBMEXjIyfMQyG8Atb1bxunoYPZ+btJPZnhM root@ubuntu-bionic (DSA)
<14>May 28 13:36:44 cloud-init: 256 SHA256:36qiAvyIJJRUiYu88EBZlRGIYztAJAmQZFfSf2iUFyI root@ubuntu-bionic (ECDSA)
<14>May 28 13:36:44 cloud-init: 256 SHA256:4SPJC/v4bpXSrqwwjnExIMPCZM00CEs6nhPU1EGF6Tw root@ubuntu-bionic (ED25519)
<14>May 28 13:36:44 cloud-init: 2048 SHA256:y15XefXqdYaVp0jpu8tZ+9yGb8Cop68hRIcUghsQtGo root@ubuntu-bionic (RSA)
<14>May 28 13:36:44 cloud-init: -----END SSH HOST KEY FINGERPRINTS-----
<14>May 28 13:36:44 cloud-init: #############################################################
-----BEGIN SSH HOST KEY KEYS-----
ecdsa-sha2-nistp256 AAAAE2VjZHNhLXNoYTItbmlzdHAyNTYAAAAIbmlzdHAyNTYAAABBBO1YXZvf+j47Eh8SxXZoCxET8GwFVaZudQttpXeZd/nkuJ56vCJvW/2f/C+seq6JprncljZUnd/AtnmA8IVXoEU= root@ubuntu-bionic
ssh-ed25519 AAAAC3NzaC1lZDI1NTE5AAAAIDnyOZveHj1fiN4zXkVxPqiKp8LRd8XaUSWGbqQ89z6V root@ubuntu-bionic
ssh-rsa AAAAB3NzaC1yc2EAAAADAQABAAABAQCx+PL4AB+EiCkC/Tj6DPgkT/viiGDErwk55mR7FLdxe5Tgp6Gd4OSIai2KybLUUsBEnRuEyHtf+yLJSdPGMTMaWtN1iuMFKdyPXYs+0UxclKpoNfuojyvH1rQbZo8fH3W5fnorRs5lUjctg972MMKznqLvHA2gyrJVd6G0A8uIzEbv8v3z9fbH12DbFOXM5Ur5NR/u63E+GPE8BDJueh9KQNEKS1Z3VyKn7x9+vVAuXWYygHkGvMqcjkX2eXtvZq7xBdV2x3TVO8aSzK8BBYz/HB7HZ4Blmfg6Stj8M8fGbzcdBpQJpmQjSBY81sVF9GlDpoXl887TjK/qVo0T8o0J root@ubuntu-bionic
-----END SSH HOST KEY KEYS-----
[   30.688050] cloud-init[1424]: Cloud-init v. 23.1.2-0ubuntu0~18.04.1 running 'modules:final' at Tue, 28 May 2024 13:36:44 +0000. Up 30.43 seconds.
[   30.732591] cloud-init[1424]: Cloud-init v. 23.1.2-0ubuntu0~18.04.1 finished at Tue, 28 May 2024 13:36:44 +0000. Datasource DataSourceNoCloud [seed=/dev/sdb][dsmode=net].  Up 30.67 seconds

Ubuntu 18.04.6 LTS ubuntu-bionic ttyS0

ubuntu-bionic login: 