[    0.000000] Linux version 4.15.0-212-generic (buildd@lcy02-amd64-083) (gcc version 7.5.0 (Ubuntu 7.5.0-3ubuntu1~18.04)) #223-Ubuntu SMP Tue May 23 13:09:22 UTC 2023 (Ubuntu 4.15.0-212.223-generic 4.15.18)
[    0.000000] Command line: BOOT_IMAGE=/boot/vmlinuz-4.15.0-212-generic root=LABEL=cloudimg-rootfs ro console=tty1 console=ttyS0
[    0.000000] KERNEL supported cpus:
[    0.000000]   Intel GenuineIntel
[    0.000000]   AMD AuthenticAMD
[    0.000000]   Centaur CentaurHauls
[    0.000000] [Firmware Bug]: TSC doesn't count with P0 frequency!
[    0.000000] x86/fpu: x87 FPU will use FXSAVE
[    0.000000] e820: BIOS-provided physical RAM map:
[    0.000000] BIOS-e820: [mem 0x0000000000000000-0x000000000009fbff] usable
[    0.000000] BIOS-e820: [mem 0x000000000009fc00-0x000000000009ffff] reserved
[    0.000000] BIOS-e820: [mem 0x00000000000f0000-0x00000000000fffff] reserved
[    0.000000] BIOS-e820: [mem 0x0000000000100000-0x000000003ffeffff] usable
[    0.000000] BIOS-e820: [mem 0x000000003fff0000-0x000000003fffffff] ACPI data
[    0.000000] BIOS-e820: [mem 0x00000000fec00000-0x00000000fec00fff] reserved
[    0.000000] BIOS-e820: [mem 0x00000000fee00000-0x00000000fee00fff] reserved
[    0.000000] BIOS-e820: [mem 0x00000000fffc0000-0x00000000ffffffff] reserved
[    0.000000] NX (Execute Disable) protection: active
[    0.000000] SMBIOS 2.5 present.
[    0.000000] DMI: innotek GmbH VirtualBox/VirtualBox, BIOS VirtualBox 12/01/2006
[    0.000000] Hypervisor detected: KVM
[    0.000000] e820: last_pfn = 0x3fff0 max_arch_pfn = 0x400000000
[    0.000000] MTRR: Disabled
[    0.000000] x86/PAT: MTRRs disabled, skipping PAT initialization too.
[    0.000000] CPU MTRRs all blank - virtualized system.
[    0.000000] x86/PAT: Configuration [0-7]: WB  WT  UC- UC  WB  WT  UC- UC  
[    0.000000] found SMP MP-table at [mem 0x0009fff0-0x0009ffff]
[    0.000000] Scanning 1 areas for low memory corruption
[    0.000000] RAMDISK: [mem 0x359cb000-0x36cdcfff]
[    0.000000] ACPI: Early table checksum verification disabled
[    0.000000] ACPI: RSDP 0x00000000000E0000 000024 (v02 VBOX  )
[    0.000000] ACPI: XSDT 0x000000003FFF0030 00003C (v01 VBOX   VBOXXSDT 00000001 ASL  00000061)
[    0.000000] ACPI: FACP 0x000000003FFF00F0 0000F4 (v04 VBOX   VBOXFACP 00000001 ASL  00000061)
[    0.000000] ACPI: DSDT 0x000000003FFF0610 002353 (v02 VBOX   VBOXBIOS 00000002 INTL 20100528)
[    0.000000] ACPI: FACS 0x000000003FFF0200 000040
[    0.000000] ACPI: FACS 0x000000003FFF0200 000040
[    0.000000] ACPI: APIC 0x000000003FFF0240 00005C (v02 VBOX   VBOXAPIC 00000001 ASL  00000061)
[    0.000000] ACPI: SSDT 0x000000003FFF02A0 00036C (v01 VBOX   VBOXCPUT 00000002 INTL 20100528)
[    0.000000] ACPI: Reserving FACP table memory at [mem 0x3fff00f0-0x3fff01e3]
[    0.000000] ACPI: Reserving DSDT table memory at [mem 0x3fff0610-0x3fff2962]
[    0.000000] ACPI: Reserving FACS table memory at [mem 0x3fff0200-0x3fff023f]
[    0.000000] ACPI: Reserving FACS table memory at [mem 0x3fff0200-0x3fff023f]
[    0.000000] ACPI: Reserving APIC table memory at [mem 0x3fff0240-0x3fff029b]
[    0.000000] ACPI: Reserving SSDT table memory at [mem 0x3fff02a0-0x3fff060b]
[    0.000000] No NUMA configuration found
[    0.000000] Faking a node at [mem 0x0000000000000000-0x000000003ffeffff]
[    0.000000] NODE_DATA(0) allocated [mem 0x3ffc5000-0x3ffeffff]
[    0.000000] kvm-clock: cpu 0, msr 0:3ff44001, primary cpu clock
[    0.000000] kvm-clock: Using msrs 4b564d01 and 4b564d00
[    0.000000] kvm-clock: using sched offset of 4304335242 cycles
[    0.000000] clocksource: kvm-clock: mask: 0xffffffffffffffff max_cycles: 0x1cd42e4dffb, max_idle_ns: 881590591483 ns
[    0.000000] Zone ranges:
[    0.000000]   DMA      [mem 0x0000000000001000-0x0000000000ffffff]
[    0.000000]   DMA32    [mem 0x0000000001000000-0x000000003ffeffff]
[    0.000000]   Normal   empty
[    0.000000]   Device   empty
[    0.000000] Movable zone start for each node
[    0.000000] Early memory node ranges
[    0.000000]   node   0: [mem 0x0000000000001000-0x000000000009efff]
[    0.000000]   node   0: [mem 0x0000000000100000-0x000000003ffeffff]
[    0.000000] Reserved but unavailable: 104 pages
[    0.000000] Initmem setup node 0 [mem 0x0000000000001000-0x000000003ffeffff]
[    0.000000] ACPI: PM-Timer IO Port: 0x4008
[    0.000000] IOAPIC[0]: apic_id 2, version 32, address 0xfec00000, GSI 0-23
[    0.000000] ACPI: INT_SRC_OVR (bus 0 bus_irq 0 global_irq 2 dfl dfl)
[    0.000000] ACPI: INT_SRC_OVR (bus 0 bus_irq 9 global_irq 9 low level)
[    0.000000] Using ACPI (MADT) for SMP configuration information
[    0.000000] smpboot: Allowing 2 CPUs, 0 hotplug CPUs
[    0.000000] PM: Registered nosave memory: [mem 0x00000000-0x00000fff]
[    0.000000] PM: Registered nosave memory: [mem 0x0009f000-0x0009ffff]
[    0.000000] PM: Registered nosave memory: [mem 0x000a0000-0x000effff]
[    0.000000] PM: Registered nosave memory: [mem 0x000f0000-0x000fffff]
[    0.000000] e820: [mem 0x40000000-0xfebfffff] available for PCI devices
[    0.000000] Booting paravirtualized kernel on KVM
[    0.000000] clocksource: refined-jiffies: mask: 0xffffffff max_cycles: 0xffffffff, max_idle_ns: 7645519600211568 ns
[    0.000000] setup_percpu: NR_CPUS:8192 nr_cpumask_bits:2 nr_cpu_ids:2 nr_node_ids:1
[    0.000000] percpu: Embedded 50 pages/cpu s167936 r8192 d28672 u1048576
[    0.000000] PV qspinlock hash table entries: 256 (order: 0, 4096 bytes)
[    0.000000] Built 1 zonelists, mobility grouping on.  Total pages: 257913
[    0.000000] Policy zone: DMA32
[    0.000000] Kernel command line: BOOT_IMAGE=/boot/vmlinuz-4.15.0-212-generic root=LABEL=cloudimg-rootfs ro console=tty1 console=ttyS0
[    0.000000] Memory: 982644K/1048120K available (12300K kernel code, 2477K rwdata, 4324K rodata, 2480K init, 2720K bss, 65476K reserved, 0K cma-reserved)
[    0.000000] SLUB: HWalign=64, Order=0-3, MinObjects=0, CPUs=2, Nodes=1
[    0.000000] ftrace: allocating 39508 entries in 155 pages
[    0.004000] Hierarchical RCU implementation.
[    0.004000] 	RCU restricting CPUs from NR_CPUS=8192 to nr_cpu_ids=2.
[    0.004000] 	Tasks RCU enabled.
[    0.004000] RCU: Adjusting geometry for rcu_fanout_leaf=16, nr_cpu_ids=2
[    0.004000] NR_IRQS: 524544, nr_irqs: 440, preallocated irqs: 16
[    0.004000] random: crng init done
[    0.004000] Console: colour VGA+ 80x25
[    0.004000] console [tty1] enabled
[    0.004000] console [ttyS0] enabled
[    0.004000] ACPI: Core revision 20170831
[    0.004000] ACPI: 2 ACPI AML tables successfully acquired and loaded
[    0.004000] APIC: Switch to symmetric I/O mode setup
[    0.008000] ..TIMER: vector=0x30 apic1=0 pin1=2 apic2=-1 pin2=-1
[    0.008011] tsc: Detected 1796.563 MHz processor
[    0.012010] Calibrating delay loop (skipped) preset value.. 3593.12 BogoMIPS (lpj=7186252)
[    0.020007] pid_max: default: 32768 minimum: 301
[    0.024197] Security Framework initialized
[    0.028017] Yama: becoming mindful.
[    0.032189] AppArmor: AppArmor initialized
[    0.041883] Dentry cache hash table entries: 131072 (order: 8, 1048576 bytes)
[    0.050627] Inode-cache hash table entries: 65536 (order: 7, 524288 bytes)
[    0.052145] Mount-cache hash table entries: 2048 (order: 2, 16384 bytes)
[    0.056164] Mountpoint-cache hash table entries: 2048 (order: 2, 16384 bytes)
[    0.066562] Last level iTLB entries: 4KB 1024, 2MB 1024, 4MB 512
[    0.068015] Last level dTLB entries: 4KB 2048, 2MB 2048, 4MB 1024, 1GB 0
[    0.072009] Spectre V1 : Mitigation: usercopy/swapgs barriers and __user pointer sanitization
[    0.076021] Spectre V2 : Mitigation: Retpolines
[    0.080013] Spectre V2 : Spectre v2 / SpectreRSB mitigation: Filling RSB on context switch
[    0.084011] Spectre V2 : Spectre v2 / SpectreRSB : Filling RSB on VMEXIT
[    0.088009] RETBleed: Vulnerable
[    0.092229] Freeing SMP alternatives memory: 36K
[    0.213926] smpboot: CPU0: AMD Ryzen 7 5700U with Radeon Graphics (family: 0x17, model: 0x68, stepping: 0x1)
[    0.216587] Performance Events: PMU not available due to virtualization, using software events only.
[    0.220176] Hierarchical SRCU implementation.
[    0.224912] NMI watchdog: Perf event create on CPU 0 failed with -2
[    0.228008] NMI watchdog: Perf NMI watchdog permanently disabled
[    0.236408] smp: Bringing up secondary CPUs ...
[    0.241216] x86: Booting SMP configuration:
[    0.244009] .... node  #0, CPUs:      #1
[    0.004000] kvm-clock: cpu 1, msr 0:3ff44041, secondary cpu clock
[    0.258044] TSC synchronization [CPU#0 -> CPU#1]:
[    0.260000] Measured 54980 cycles TSC warp between CPUs, turning off TSC clock.
[    0.260000] tsc: Marking TSC unstable due to check_tsc_sync_source failed
[    0.264284] smp: Brought up 1 node, 2 CPUs
[    0.268011] smpboot: Max logical packages: 1
[    0.272010] smpboot: Total of 2 processors activated (7186.25 BogoMIPS)
[    0.280204] devtmpfs: initialized
[    0.284640] x86/mm: Memory block size: 128MB
[    0.292532] evm: security.selinux
[    0.300008] evm: security.SMACK64
[    0.304009] evm: security.SMACK64EXEC
[    0.312006] evm: security.SMACK64TRANSMUTE
[    0.316009] evm: security.SMACK64MMAP
[    0.324008] evm: security.apparmor
[    0.332008] evm: security.ima
[    0.336010] evm: security.capability
[    0.345242] clocksource: jiffies: mask: 0xffffffff max_cycles: 0xffffffff, max_idle_ns: 7645041785100000 ns
[    0.360182] futex hash table entries: 512 (order: 3, 32768 bytes)
[    0.368557] pinctrl core: initialized pinctrl subsystem
[    0.380494] RTC time:  0:34:18, date: 05/22/24
[    0.388653] NET: Registered protocol family 16
[    0.392187] audit: initializing netlink subsys (disabled)
[    0.400350] audit: type=2000 audit(1716338063.134:1): state=initialized audit_enabled=0 res=1
[    0.404140] cpuidle: using governor ladder
[    0.408314] cpuidle: using governor menu
[    0.420126] ACPI: bus type PCI registered
[    0.424013] acpiphp: ACPI Hot Plug PCI Controller Driver version: 0.5
[    0.432644] PCI: Using configuration type 1 for base access
[    0.440005] PCI: Using configuration type 1 for extended access
[    0.452462] HugeTLB registered 2.00 MiB page size, pre-allocated 0 pages
[    0.464599] ACPI: Added _OSI(Module Device)
[    0.472161] ACPI: Added _OSI(Processor Device)
[    0.476012] ACPI: Added _OSI(3.0 _SCP Extensions)
[    0.484014] ACPI: Added _OSI(Processor Aggregator Device)
[    0.488012] ACPI: Added _OSI(Linux-Dell-Video)
[    0.492012] ACPI: Added _OSI(Linux-Lenovo-NV-HDMI-Audio)
[    0.500014] ACPI: Added _OSI(Linux-HPI-Hybrid-Graphics)
[    0.509229] ACPI: Executed 1 blocks of module-level executable AML code
[    0.519781] ACPI: Interpreter enabled
[    0.528030] ACPI: (supports S0 S5)
[    0.532010] ACPI: Using IOAPIC for interrupt routing
[    0.540529] PCI: Using host bridge windows from ACPI; if necessary, use "pci=nocrs" and report a bug
[    0.548379] ACPI: Enabled 2 GPEs in block 00 to 07
[    0.568918] ACPI: PCI Root Bridge [PCI0] (domain 0000 [bus 00-ff])
[    0.576042] acpi PNP0A03:00: _OSC: OS supports [ExtendedConfig ASPM ClockPM Segments MSI]
[    0.588401] acpi PNP0A03:00: _OSC: platform does not support [PCIeCapability]
[    0.596826] acpi PNP0A03:00: _OSC: not requesting control; platform does not support [PCIeCapability]
[    0.604016] acpi PNP0A03:00: _OSC: OS requested [PCIeHotplug PME AER PCIeCapability]
[    0.612017] acpi PNP0A03:00: _OSC: platform willing to grant [PCIeHotplug PME AER]
[    0.620010] acpi PNP0A03:00: _OSC failed (AE_SUPPORT); disabling ASPM
[    0.628984] PCI host bridge to bus 0000:00
[    0.636011] pci_bus 0000:00: root bus resource [io  0x0000-0x0cf7 window]
[    0.640011] pci_bus 0000:00: root bus resource [io  0x0d00-0xffff window]
[    0.648011] pci_bus 0000:00: root bus resource [mem 0x000a0000-0x000bffff window]
[    0.660010] pci_bus 0000:00: root bus resource [mem 0x40000000-0xfdffffff window]
[    0.668008] pci_bus 0000:00: root bus resource [bus 00-ff]
[    0.682808] pci 0000:00:01.1: legacy IDE quirk: reg 0x10: [io  0x01f0-0x01f7]
[    0.688011] pci 0000:00:01.1: legacy IDE quirk: reg 0x14: [io  0x03f6]
[    0.696009] pci 0000:00:01.1: legacy IDE quirk: reg 0x18: [io  0x0170-0x0177]
[    0.704011] pci 0000:00:01.1: legacy IDE quirk: reg 0x1c: [io  0x0376]
[    0.736895] pci 0000:00:07.0: quirk: [io  0x4000-0x403f] claimed by PIIX4 ACPI
[    0.744048] pci 0000:00:07.0: quirk: [io  0x4100-0x410f] claimed by PIIX4 SMB
[    0.759050] ACPI: PCI Interrupt Link [LNKA] (IRQs 5 9 10 *11)
[    0.764590] ACPI: PCI Interrupt Link [LNKB] (IRQs 5 9 *10 11)
[    0.772242] ACPI: PCI Interrupt Link [LNKC] (IRQs 5 *9 10 11)
[    0.780254] ACPI: PCI Interrupt Link [LNKD] (IRQs 5 9 10 *11)
[    0.784906] SCSI subsystem initialized
[    0.792253] pci 0000:00:02.0: vgaarb: setting as boot VGA device
[    0.796000] pci 0000:00:02.0: vgaarb: VGA device added: decodes=io+mem,owns=io+mem,locks=none
[    0.808012] pci 0000:00:02.0: vgaarb: bridge control possible
[    0.816007] vgaarb: loaded
[    0.820146] ACPI: bus type USB registered
[    0.824040] usbcore: registered new interface driver usbfs
[    0.832050] usbcore: registered new interface driver hub
[    0.840030] usbcore: registered new device driver usb
[    0.848259] EDAC MC: Ver: 3.0.0
[    0.856237] PCI: Using ACPI for IRQ routing
[    0.861006] NetLabel: Initializing
[    0.864005] NetLabel:  domain hash size = 128
[    0.868005] NetLabel:  protocols = UNLABELED CIPSOv4 CALIPSO
[    0.872092] NetLabel:  unlabeled traffic allowed by default
[    0.876478] clocksource: Switched to clocksource kvm-clock
[    0.939965] VFS: Disk quotas dquot_6.6.0
[    0.945345] VFS: Dquot-cache hash table entries: 512 (order 0, 4096 bytes)
[    0.955566] AppArmor: AppArmor Filesystem Enabled
[    0.960833] pnp: PnP ACPI init
[    0.965995] pnp: PnP ACPI: found 3 devices
[    1.022713] clocksource: acpi_pm: mask: 0xffffff max_cycles: 0xffffff, max_idle_ns: 2085701024 ns
[    1.031721] NET: Registered protocol family 2
[    1.037339] IP idents hash table entries: 16384 (order: 5, 131072 bytes)
[    1.044926] TCP established hash table entries: 8192 (order: 4, 65536 bytes)
[    1.053623] TCP bind hash table entries: 8192 (order: 5, 131072 bytes)
[    1.062163] TCP: Hash tables configured (established 8192 bind 8192)
[    1.069983] UDP hash table entries: 512 (order: 2, 16384 bytes)
[    1.077348] UDP-Lite hash table entries: 512 (order: 2, 16384 bytes)
[    1.084266] NET: Registered protocol family 1
[    1.088745] pci 0000:00:00.0: Limiting direct PCI/PCI transfers
[    1.095553] pci 0000:00:01.0: Activating ISA DMA hang workarounds
[    1.103896] pci 0000:00:02.0: Video device with shadowed ROM at [mem 0x000c0000-0x000dffff]
[    1.113271] Unpacking initramfs...
[    1.242689] Freeing initrd memory: 19528K
[    1.622245] clocksource: tsc: mask: 0xffffffffffffffff max_cycles: 0x19e57ad13b9, max_idle_ns: 440795275707 ns
[    1.633014] platform rtc_cmos: registered platform RTC device (no PNP device found)
[    1.641577] Scanning for low memory corruption every 60 seconds
[    1.651575] Initialise system trusted keyrings
[    1.657716] Key type blacklist registered
[    1.663216] workingset: timestamp_bits=36 max_order=18 bucket_order=0
[    1.672716] zbud: loaded
[    1.678742] squashfs: version 4.0 (2009/01/31) Phillip Lougher
[    1.687746] fuse init (API version 7.26)
[    1.736490] Key type asymmetric registered
[    1.741023] Asymmetric key parser 'x509' registered
[    1.746239] Block layer SCSI generic (bsg) driver version 0.4 loaded (major 246)
[    1.754381] io scheduler noop registered
[    1.759620] io scheduler deadline registered
[    1.765263] io scheduler cfq registered (default)
[    1.770848] ACPI: AC Adapter [AC] (on-line)
[    1.776271] input: Power Button as /devices/LNXSYSTM:00/LNXPWRBN:00/input/input0
[    1.783696] ACPI: Power Button [PWRF]
[    1.787726] input: Sleep Button as /devices/LNXSYSTM:00/LNXSLPBN:00/input/input1
[    1.795753] ACPI: Sleep Button [SLPF]
[    1.803451] ACPI: Battery Slot [BAT0] (battery present)
[    1.811108] Serial: 8250/16550 driver, 32 ports, IRQ sharing enabled
[    1.848947] 00:02: ttyS0 at I/O 0x3f8 (irq = 4, base_baud = 115200) is a 16550A
[    1.880482] Linux agpgart interface v0.103
[    1.896553] loop: module loaded
[    1.903363] scsi host0: ata_piix
[    1.908939] scsi host1: ata_piix
[    1.913214] ata1: PATA max UDMA/33 cmd 0x1f0 ctl 0x3f6 bmdma 0xd000 irq 14
[    1.920884] ata2: PATA max UDMA/33 cmd 0x170 ctl 0x376 bmdma 0xd008 irq 15
[    1.930547] tun: Universal TUN/TAP device driver, 1.6
[    1.937661] PPP generic driver version 2.4.2
[    1.944469] ehci_hcd: USB 2.0 'Enhanced' Host Controller (EHCI) Driver
[    1.951625] ehci-pci: EHCI PCI platform driver
[    1.957267] ehci-platform: EHCI generic platform driver
[    1.962736] ohci_hcd: USB 1.1 'Open' Host Controller (OHCI) Driver
[    1.970373] ohci-pci: OHCI PCI platform driver
[    1.975659] ohci-platform: OHCI generic platform driver
[    1.981310] uhci_hcd: USB Universal Host Controller Interface driver
[    1.991797] i8042: PNP: PS/2 Controller [PNP0303:PS2K,PNP0f03:PS2M] at 0x60,0x64 irq 1,12
[    2.004082] serio: i8042 KBD port at 0x60,0x64 irq 1
[    2.009691] serio: i8042 AUX port at 0x60,0x64 irq 12
[    2.016527] mousedev: PS/2 mouse device common for all mice
[    2.026813] rtc_cmos rtc_cmos: rtc core: registered rtc_cmos as rtc0
[    2.037409] rtc_cmos rtc_cmos: alarms up to one day, 114 bytes nvram
[    2.037713] input: AT Translated Set 2 keyboard as /devices/platform/i8042/serio0/input/input2
[    2.046329] i2c /dev entries driver
[    2.046442] device-mapper: uevent: version 1.0.3
[    2.065349] device-mapper: ioctl: 4.37.0-ioctl (2017-09-20) initialised: dm-devel@redhat.com
[    2.074650] ledtrig-cpu: registered to indicate activity on CPUs
[    2.084018] NET: Registered protocol family 10
[    2.125463] Segment Routing with IPv6
[    2.130057] NET: Registered protocol family 17
[    2.135751] Key type dns_resolver registered
[    2.147199] mce: Using 0 MCE banks
[    2.151485] RAS: Correctable Errors collector initialized.
[    2.159424] sched_clock: Marking stable (2159344575, 0)->(2978555391, -819210816)
[    2.171412] registered taskstats version 1
[    2.176188] Loading compiled-in X.509 certificates
[    2.187062] Loaded X.509 cert 'Build time autogenerated kernel key: b5b26778eaa3ab3a4a6cee031137706e947d12ad'
[    2.198123] Loaded X.509 cert 'Canonical Ltd. Live Patch Signing: 14df34d1a87cf37625abec039ef2bf521249b969'
[    2.207871] Loaded X.509 cert 'Canonical Ltd. Kernel Module Signing: 88f752e560a1e0737e31163a466ad7b70a850c19'
[    2.217472] blacklist: Loading compiled-in revocation X.509 certificates
[    2.223991] Loaded X.509 cert 'Canonical Ltd. Secure Boot Signing: 61482aa2830d0ab2ad5af10b7250da9033ddcef0'
[    2.234208] Loaded X.509 cert 'Canonical Ltd. Secure Boot Signing (2017): 242ade75ac4a15e50d50c84b0d45ff3eae707a03'
[    2.246563] Loaded X.509 cert 'Canonical Ltd. Secure Boot Signing (ESM 2018): 365188c1d374d6b07c3c8f240f8ef722433d6a8b'
[    2.256908] Loaded X.509 cert 'Canonical Ltd. Secure Boot Signing (2019): c0746fd6c5da3ae827864651ad66ae47fe24b3e8'
[    2.266850] Loaded X.509 cert 'Canonical Ltd. Secure Boot Signing (2021 v1): a8d54bbb3825cfb94fa13c9f8a594a195c107b8d'
[    2.276725] Loaded X.509 cert 'Canonical Ltd. Secure Boot Signing (2021 v2): 4cf046892d6fd3c9a5b03f98d845f90851dc6a8c'
[    2.286589] Loaded X.509 cert 'Canonical Ltd. Secure Boot Signing (2021 v3): 100437bb6de6e469b581e61cd66bce3ef4ed53af'
[    2.297762] Loaded X.509 cert 'Canonical Ltd. Secure Boot Signing (Ubuntu Core 2019): c1d57b8f6b743f23ee41f4f7ee292f06eecadfb9'
[    2.310741] zswap: loaded using pool lzo/zbud
[    2.326750] Key type big_key registered
[    2.330780] Key type trusted registered
[    2.340510] Key type encrypted registered
[    2.345024] AppArmor: AppArmor sha1 policy hashing enabled
[    2.351223] ima: No TPM chip found, activating TPM-bypass! (rc=-19)
[    2.357100] ima: Allocated hash algorithm: sha1
[    2.361984] evm: HMAC attrs: 0x1
[    2.367388]   Magic number: 8:672:557
[    2.372650] rtc_cmos rtc_cmos: setting system clock to 2024-05-22 00:34:20 UTC (1716338060)
[    2.380781] BIOS EDD facility v0.16 2004-Jun-25, 0 devices found
[    2.386640] EDD information not available.
[    2.395766] Freeing unused kernel image memory: 2480K
[    2.420170] Write protecting the kernel read-only data: 20480k
[    2.429045] Freeing unused kernel image memory: 2008K
[    2.435011] Freeing unused kernel image memory: 1820K
[    2.445864] x86/mm: Checked W+X mappings: passed, no W+X pages found.
Loading, please wait...
starting version 237
[    2.547066] e1000: Intel(R) PRO/1000 Network Driver - version 7.3.21-k8-NAPI
[    2.554002] e1000: Copyright (c) 1999-2006 Intel Corporation.
[    2.607148] SSE version of gcm_enc/dec engaged.
[    2.616518] Fusion MPT base driver 3.04.20
[    2.621759] Copyright (c) 1999-2008 LSI Corporation
[    2.644796] Fusion MPT SPI Host driver 3.04.20
[    2.867110] input: ImExPS/2 Generic Explorer Mouse as /devices/platform/i8042/serio1/input/input4
[    3.710862] e1000 0000:00:03.0 eth0: (PCI:33MHz:32-bit) 02:3b:7b:b7:3b:2d
[    3.717707] e1000 0000:00:03.0 eth0: Intel(R) PRO/1000 Network Connection
[    3.728054] mptbase: ioc0: Initiating bringup
[    3.729564] e1000 0000:00:03.0 enp0s3: renamed from eth0
[    3.851544] ioc0: LSI53C1030 A0: Capabilities={Initiator}
[    4.113714] scsi host2: ioc0: LSI53C1030 A0, FwRev=00000000h, Ports=1, MaxQ=256, IRQ=20
[    4.297852] scsi 2:0:0:0: Direct-Access     VBOX     HARDDISK         1.0  PQ: 0 ANSI: 5
[    4.337253] scsi target2:0:0: Beginning Domain Validation
[    4.350606] scsi target2:0:0: Domain Validation skipping write tests
[    4.359154] scsi target2:0:0: Ending Domain Validation
[    4.365519] scsi target2:0:0: asynchronous
[    4.372340] scsi 2:0:1:0: Direct-Access     VBOX     HARDDISK         1.0  PQ: 0 ANSI: 5
[    4.712582] scsi target2:0:1: Beginning Domain Validation
[    4.724939] scsi target2:0:1: Domain Validation skipping write tests
[    4.731644] scsi target2:0:1: Ending Domain Validation
[    4.736803] scsi target2:0:1: asynchronous
[    4.759822] sd 2:0:0:0: Attached scsi generic sg0 type 0
[    4.766790] sd 2:0:0:0: [sda] 83886080 512-byte logical blocks: (42.9 GB/40.0 GiB)
[    4.768593] sd 2:0:1:0: [sdb] 20480 512-byte logical blocks: (10.5 MB/10.0 MiB)
[    4.777159] sd 2:0:1:0: Attached scsi generic sg1 type 0
[    4.786174] sd 2:0:1:0: [sdb] Write Protect is off
[    4.791225] sd 2:0:0:0: [sda] Write Protect is off
[    4.802266] sd 2:0:0:0: [sda] Incomplete mode parameter data
[    4.808498] sd 2:0:0:0: [sda] Assuming drive cache: write through
[    4.808653] sd 2:0:1:0: [sdb] Incomplete mode parameter data
[    4.823360] sd 2:0:1:0: [sdb] Assuming drive cache: write through
[    4.837812]  sda: sda1
[    4.842967] sd 2:0:1:0: [sdb] Attached SCSI disk
[    4.854316] sd 2:0:0:0: [sda] Attached SCSI disk
Begin: Loading essential drivers ... [    6.916244] raid6: sse2x1   gen()  6247 MB/s
[    6.968174] raid6: sse2x1   xor()  4966 MB/s
[    7.020277] raid6: sse2x2   gen() 12744 MB/s
[    7.072216] raid6: sse2x2   xor()  8651 MB/s
[    7.125144] raid6: sse2x4   gen() 14242 MB/s
[    7.177289] raid6: sse2x4   xor()  8827 MB/s
[    7.183076] raid6: using algorithm sse2x4 gen() 14242 MB/s
[    7.190786] raid6: .... xor() 8827 MB/s, rmw enabled
[    7.197191] raid6: using ssse3x2 recovery algorithm
[    7.205769] xor: measuring software checksum speed
[    7.248590]    prefetch64-sse: 17066.000 MB/sec
[    7.292175]    generic_sse: 15808.000 MB/sec
[    7.299035] xor: using function: prefetch64-sse (17066.000 MB/sec)
[    7.307211] async_tx: api initialized (async)
done.
Begin: Running /scripts/init-premount ... done.
Begin: Mounting root file system ... Begin: Running /scripts/local-top ... done.
Begin: Running /scripts/local-premount ... [    7.381358] Btrfs loaded, crc32c=crc32c-intel
Scanning for Btrfs filesystems
done.
Warning: fsck not present, so skipping root file system
[    7.456338] EXT4-fs (sda1): mounted filesystem with ordered data mode. Opts: (null)
done.
Begin: Running /scripts/local-bottom ... done.
Begin: Running /scripts/init-bottom ... done.
[    7.743714] ip_tables: (C) 2000-2006 Netfilter Core Team
[    7.774088] systemd[1]: systemd 237 running in system mode. (+PAM +AUDIT +SELINUX +IMA +APPARMOR +SMACK +SYSVINIT +UTMP +LIBCRYPTSETUP +GCRYPT +GNUTLS +ACL +XZ +LZ4 +SECCOMP +BLKID +ELFUTILS +KMOD -IDN2 +IDN -PCRE2 default-hierarchy=hybrid)
[    7.796930] systemd[1]: Detected virtualization oracle.
[    7.802840] systemd[1]: Detected architecture x86-64.

Welcome to [1mUbuntu 18.04.6 LTS[0m!

[    7.845948] systemd[1]: Set hostname to <ubuntu>.
[    7.860071] systemd[1]: Initializing machine ID from random generator.
[    7.868496] systemd[1]: Installed transient /etc/machine-id file.
[    8.359733] systemd[1]: Reached target Swap.
[[0;32m  OK  [0m] Reached target Swap.
[    8.378524] systemd[1]: Created slice System Slice.
[[0;32m  OK  [0m] Created slice System Slice.
[    8.386207] systemd[1]: Listening on Device-mapper event daemon FIFOs.
[[0;32m  OK  [0m] Listening on Device-mapper event daemon FIFOs.
[    8.397190] systemd[1]: Listening on Journal Socket.
[[0;32m  OK  [0m] Listening on Journal Socket.
[[0;32m  OK  [0m] Listening on fsck to fsckd communication Socket.
[[0;32m  OK  [0m] Listening on Syslog Socket.
         Mounting Huge Pages File System...
[[0;32m  OK  [0m] Listening on Journal Audit Socket.
         Mounting POSIX Message Queue File System...
         Starting Set the console keyboard layout...
         Mounting Kernel Debug File System...
[[0;32m  OK  [0m] Listening on /dev/initctl Compatibility Named Pipe.
[[0;32m  OK  [0m] Listening on Journal Socket (/dev/log).
         Starting Journal Service...
         Starting Create list of required st…ce nodes for the current kernel...
[[0;32m  OK  [0m] Set up automount Arbitrary Executab…rmats File System Automount Point.
[[0;32m  OK  [0m] Listening on Network Service Netlink Socket.
[[0;32m  OK  [0m] Reached target Mounting snaps.
[[0;32m  OK  [0m] Reached target Mounted snaps.
         Starting File System Check on Root Device...
[[0;32m  OK  [0m] Listening on LVM2 metadata daemon socket.
         Starting Load Kernel Modules...
[[0;32m  OK  [0m] Reached target User and Group Name Lookups.
[[0;32m  OK  [0m] Reached target System Time Synchronized.
[[0;32m  OK  [0m] Listening on udev Kernel Socket.
         Starting Monitoring of LVM2 mirrors…ng dmeventd or progress polling...
         Starting Uncomplicated firewall...
[[0;32m  OK  [0m] [    8.596987] Loading iSCSI transport class v2.0-870.
Created slice system-serial\x2dgetty.slice.
[[0;32m  OK  [0m] Created slice User and Session Slice.
[[0;32m  OK  [0m] Reached target Slices.
[[0;32m  OK  [0m] Listening on udev Control Socket.
         Starting udev Coldplug all Devices...
[[0;32m  OK  [0m] Listening on LVM2 poll daemon socket.
[[0;32m  OK  [0m] Started Forward Password Requests to Wall Directory Watch.
[[0;32m  OK  [0m] Started Journal Service.
[[0;32m  OK  [0m] Mounted Huge Pages File System.
[[0;32m  OK  [0m] Mounted POSIX Message Queue File System.
[[0;32m  OK  [0m] Mounted Kernel Debug File System.
[[0;32m  OK  [0m] Started Create list of required sta…vice nodes for the current kernel.
[[0;32m  OK  [0m] Started File System Check on Root Device.
[[0;32m  OK  [0m] Started LVM2 metadata daemon.
[[0;32m  OK  [0m] Started File System Check Daemon to report status.
[    8.712534] iscsi: registered transport (tcp)
         Starting Remount Root and Kernel File Systems...
         Starting Create Static Device Nodes in /dev...
[[0;32m  OK  [0m] Started Uncomplicated firewall.
[[0;32m  OK  [0m] Started udev Coldplug all Devices.
[    8.817550] iscsi: registered transport (iser)
[[0;32m  OK  [0m] Started Load Kernel Modules.
         Starting Apply Kernel Variables...
         Mounting FUSE Control File System...
         Mounting Kernel Configuration File System...
[[0;32m  OK  [0m] Mounted FUSE Control File System.
[[0;32m  OK  [0m] Mounted Kernel Configuration File System.
[[0;32m  OK  [0m] Started Remount Root and Kernel File Systems.
         Starting Flush Journal to Persistent Storage...
         Starting Load/Save Random Seed...
[[0;32m  OK  [0m] Started Create Static Device Nodes in /dev.
[[0;32m  OK  [0m] Started Apply Kernel Variables.
         Starting udev Kernel Device Manager...
[[0;32m  OK  [0m] Started Monitoring of LVM2 mirrors,…sing dmeventd or progress polling.
[[0;32m  OK  [0m] Started Load/Save Random Seed.
[[0;32m  OK  [0m] Started Flush Journal to Persistent Storage.
[[0;32m  OK  [0m] Started udev Kernel Device Manager.
[[0;32m  OK  [0m] Started Set the console keyboard layout.
[[0;32m  OK  [0m] Started Dispatch Password Requests to Console Directory Watch.
[[0;32m  OK  [0m] Reached target Local Encrypted Volumes.
[[0;32m  OK  [0m] Reached target Local File Systems (Pre).
[[0;32m  OK  [0m] Reached target Local File Systems.
         Starting Create Volatile Files and Directories...
         Starting AppArmor initialization...
         Starting ebtables ruleset management...
         Starting Commit a transient machine-id on disk...
         Starting Tell Plymouth To Write Out Runtime Data...
         Starting Set console font and keymap...
[[0;32m  OK  [0m] Started Tell Plymouth To Write Out Runtime Data.
[[0;32m  OK  [0m] Found device /dev/ttyS0.
[[0;32m  OK  [0m] Started Create Volatile Files and Directories.
         Starting Update UTMP about System Boot/Shutdown...
[[0;32m  OK  [0m] Started Commit a transient machine-id on disk.
[[0;32m  OK  [0m] Started Update UTMP about System Boot/Shutdown.
[[0;32m  OK  [0m] Started ebtables ruleset management.
[[0;32m  OK  [0m] Listening on Load/Save RF Kill Switch Status /dev/rfkill Watch.
         Mounting Arbitrary Executable File Formats File System...
[[0;32m  OK  [0m] Mounted Arbitrary Executable File Formats File System.
[[0;32m  OK  [0m] Started AppArmor initialization.
         Starting Initial cloud-init job (pre-networking)...
         Starting Load AppArmor profiles managed internally by snapd...
[[0;32m  OK  [0m] Started Load AppArmor profiles managed internally by snapd.
[[0;32m  OK  [0m] Started Set console font and keymap.
[   13.947724] cloud-init[753]: Cloud-init v. 23.1.2-0ubuntu0~18.04.1 running 'init-local' at Wed, 22 May 2024 00:34:31 +0000. Up 13.52 seconds.
[[0;32m  OK  [0m] Started Initial cloud-init job (pre-networking).
[[0;32m  OK  [0m] Reached target Network (Pre).
         Starting Network Service...
[[0;32m  OK  [0m] Started Network Service.
         Starting Wait for Network to be Configured...
         Starting Network Name Resolution...
[[0;32m  OK  [0m] Started Network Name Resolution.
[[0;32m  OK  [0m] Reached target Network.
[[0;32m  OK  [0m] Reached target Host and Network Name Lookups.
[[0;32m  OK  [0m] Started Wait for Network to be Configured.
         Starting Initial cloud-init job (metadata service crawler)...
[   15.899387] cloud-init[901]: Cloud-init v. 23.1.2-0ubuntu0~18.04.1 running 'init' at Wed, 22 May 2024 00:34:33 +0000. Up 15.76 seconds.
[   15.904687] cloud-init[901]: ci-info: ++++++++++++++++++++++++++++++++++++++Net device info++++++++++++++++++++++++++++++++++++++
[   15.909406] cloud-init[901]: ci-info: +--------+------+----------------------------+---------------+--------+-------------------+
[   15.914957] cloud-init[901]: ci-info: | Device |  Up  |          Address           |      Mask     | Scope  |     Hw-Address    |
[   15.921185] cloud-init[901]: ci-info: +--------+------+----------------------------+---------------+--------+-------------------+
[   15.925616] cloud-init[901]: ci-info: | enp0s3 | True |         10.0.2.15          | 255.255.255.0 | global | 02:3b:7b:b7:3b:2d |
[   15.931374] cloud-init[901]: ci-info: | enp0s3 | True | fe80::3b:7bff:feb7:3b2d/64 |       .       |  link  | 02:3b:7b:b7:3b:2d |
[   15.937490] cloud-init[901]: ci-info: |   lo   | True |         127.0.0.1          |   255.0.0.0   |  host  |         .         |
[   15.953460] cloud-init[901]: ci-info: |   lo   | True |          ::1/128           |       .       |  host  |         .         |
[   15.962267] cloud-init[901]: ci-info: +--------+------+----------------------------+---------------+--------+-------------------+
[   15.969795] cloud-init[901]: ci-info: ++++++++++++++++++++++++++++Route IPv4 info+++++++++++++++++++++++++++++
[   15.979218] cloud-init[901]: ci-info: +-------+-------------+----------+-----------------+-----------+-------+
[   15.985988] cloud-init[901]: ci-info: | Route | Destination | Gateway  |     Genmask     | Interface | Flags |
[   15.995075] cloud-init[901]: ci-info: +-------+-------------+----------+-----------------+-----------+-------+
[   16.002521] cloud-init[901]: ci-info: |   0   |   0.0.0.0   | 10.0.2.2 |     0.0.0.0     |   enp0s3  |   UG  |
[   16.010011] cloud-init[901]: ci-info: |   1   |   10.0.2.0  | 0.0.0.0  |  255.255.255.0  |   enp0s3  |   U   |
[   16.018214] cloud-init[901]: ci-info: |   2   |   10.0.2.2  | 0.0.0.0  | 255.255.255.255 |   enp0s3  |   UH  |
[   16.026055] cloud-init[901]: ci-info: +-------+-------------+----------+-----------------+-----------+-------+
[   16.031372] cloud-init[901]: ci-info: +++++++++++++++++++Route IPv6 info+++++++++++++++++++
[   16.038806] cloud-init[901]: ci-info: +-------+-------------+---------+-----------+-------+
[   16.045524] cloud-init[901]: ci-info: | Route | Destination | Gateway | Interface | Flags |
[   16.052108] cloud-init[901]: ci-info: +-------+-------------+---------+-----------+-------+
[   16.060072] cloud-init[901]: ci-info: |   1   |  fe80::/64  |    ::   |   enp0s3  |   U   |
[   16.067386] cloud-init[901]: ci-info: |   3   |    local    |    ::   |   enp0s3  |   U   |
[   16.075425] cloud-init[901]: ci-info: |   4   |   ff00::/8  |    ::   |   enp0s3  |   U   |
[   16.083448] cloud-init[901]: ci-info: +-------+-------------+---------+-----------+-------+
[   17.184478] cloud-init[901]: Generating public/private rsa key pair.
[   17.188433] cloud-init[901]: Your identification has been saved in /etc/ssh/ssh_host_rsa_key.
[   17.192800] cloud-init[901]: Your public key has been saved in /etc/ssh/ssh_host_rsa_key.pub.
[   17.196599] cloud-init[901]: The key fingerprint is:
[   17.198816] cloud-init[901]: SHA256:D0YDyk4Pywhv4PFkFrjW5IoH3YAGLN9Muiks6biYuPo root@ubuntu-bionic
[   17.202297] cloud-init[901]: The key's randomart image is:
[   17.204714] cloud-init[901]: +---[RSA 2048]----+
[   17.206577] cloud-init[901]: |+...  .          |
[   17.208650] cloud-init[901]: |o+.oo. .         |
[   17.210743] cloud-init[901]: |=+=@=   o        |
[   17.213056] cloud-init[901]: |o*XB++ . .       |
[   17.215338] cloud-init[901]: |++=++ . S        |
[   17.217856] cloud-init[901]: |=++    . o       |
[   17.221525] cloud-init[901]: |+o        .      |
[   17.226753] cloud-init[901]: |+o               |
[   17.231187] cloud-init[901]: |O+E              |
[   17.236686] cloud-init[901]: +----[SHA256]-----+
[   17.243610] cloud-init[901]: Generating public/private dsa key pair.
[   17.250986] cloud-init[901]: Your identification has been saved in /etc/ssh/ssh_host_dsa_key.
[   17.257801] cloud-init[901]: Your public key has been saved in /etc/ssh/ssh_host_dsa_key.pub.
[   17.266282] cloud-init[901]: The key fingerprint is:
[   17.272155] cloud-init[901]: SHA256:Q3FUwdN0WVDH2sbqFXVKZLCXw2bN6SD/X85wnVXoCWw root@ubuntu-bionic
[   17.279733] cloud-init[901]: The key's randomart image is:
[   17.286087] cloud-init[901]: +---[DSA 1024]----+
[   17.291505] cloud-init[901]: |        ..oo+*=+B|
[   17.297124] cloud-init[901]: |         o .o+oB*|
[   17.303091] [[0;32m  OK  [0m] Started Initial cloud-init job (metadata service crawler).
[[0;32m  OK  [0m] Reached target Cloud-config availability.
[[0;32m  OK  [0m] Reached target System Initialization.
         Starting LXD - unix socket.
[[0;32m  OK  [0m] Listening on cloud-init hotplug hook socket.
[[0;32m  OK  [0m] Started ACPI Events Check.
[[0;32m  OK  [0m] Listening on UUID daemon activation socket.
[[0;32m  OK  [0m] Listening on D-Bus System Message Bus Socket.
[[0;32m  OK  [0m] Reached target Paths.
[[0;32m  OK  [0m] Started Daily Cleanup of Temporary Directories.
[[0;32m  OK  [0m] Listening on Open-iSCSI iscsid Socket.
[[0;32m  OK  [0m] Started Discard unused blocks once a week.
[[0;32m  OK  [0m] Listening on ACPID Listen Socket.
[[0;32m  OK  [0m] Started Ubuntu Advantage Timer for running repeated jobs.
         Starting Socket activation for snappy daemon.
[[0;32m  OK  [0m] Started Daily apt download activities.
[[0;32m  OK  [0m] Started Daily apt upgrade and clean activities.
[[0;32m  OK  [0m] Started Message of the Day.
[[0;32m  OK  [0m] Reached target Timers.
[[0;32m  OK  [0m] Reached target Network is Online.
[[0;32m  OK  [0m] Reached target Remote File Systems (Pre).
[[0;32m  OK  [0m] Reached target Remote File Systems.
         Starting Availability of block devices...
[[0;32m  OK  [0m] Listening on LXD - unix socket.
[[0;32m  OK  [0m] Listening on Socket activation for snappy daemon.
[[0;32m  OK  [0m] Reached target Sockets.
[[0;32m  OK  [0m] Reached target Basic System.
         Starting Permit User Sessions...
cloud-init[901]: |        .  .E+O**|         Starting Login Service...

[   17.366406] cloud-init         Starting LSB: Record successful boot for GRUB...
         Starting Virtualbox guest utils...
[901]: |       .   .o*=+=|[[0;32m  OK  [0m] Started Regular background program processing daemon.
[[0;32m  OK  [0m] Reached target Login Prompts (Pre).
         Starting System Logging Service...
         Starting LSB: automatic crash report generation...
         Starting Accounts Service...
         Starting Dispatcher daemon for systemd-networkd...

[[0;32m  OK  [0m] Started FUSE filesystem for LXC.
[   17.402672] cloud-init[901]: |        S    .o+o|
[   17.414834] cloud-init[901]: |         .    o =|
[   17.422932] cloud-init[901]: |             ..++|
[   17.432882] cloud-init[901]: |              .=o|
[   17.439710] cloud-init[901]: |                +|
[   17.445592] cloud-init[901]: +----[SHA256]-----+
[   17.451602] cloud-init[901]: Generating public/private ecdsa key pair.
[   17.459673] [[0;32m  OK  [0m] Started irqbalance daemon.
cloud-init[901]: Your identification has been saved in /etc/ssh/ssh_host_ecdsa_key.
[   17.470256] cloud-init[901]: Your public key has been saved in /etc/ssh/ssh_host_ecdsa_key.pub.
[   17.477950] cloud-init[901]: The key fingerprint is:
[   17.486941] cloud-init[901]: SHA256:QcKvhRvdgeOGn8f1esyxgUf/cGUCz1p2NNpNC5eAxEc root@ubuntu-bionic
[   17.491028] cloud-init[901]: The key's randomart image is:
[   17.494386] cloud-init[901]: +---[ECDSA 256]---+
[   17.497904] cloud-init[901]: |     .. ..o.oE. .|
[   17.502783] cloud-init[901]: |      .oo .o.o +o|
[   17.505524] cloud-init[901]: |       *.o ..+=o+|
[   17.508620] cloud-init[901]: |      + *.. ..Bo=|
[   17.510742] cloud-init[901]: |       BSo . B =.|
[   17.513125] cloud-init[901]: |      o o o o * o|
[   17.515400] cloud-init[901]: |         .   = *.|
[   17.518585] cloud-init[901]: |            . = .|
[   17.521572] cloud-init[901]: |             .   |
[   17.523757] cloud-init[901]: +----[SHA256]-----+
[   17.526083] cloud-init[901]: Generating public/private ed25519 key pair.
[   17.529812] cloud-init[901]: Your identification has been saved in /etc/ssh/ssh_host_ed25519_key.
[   17.534091] cloud-init[901]: Your public key has been saved in /etc/ssh/ssh_host_ed25519_key.pub.
[   17.537821] cloud-init[901]: The key fingerprint is:
[   17.540277] cloud-init[901]: SHA256:57Tieb9V3SBQ5X/i/rphKausXWEg6CkB4k1tRcBnbyw root@ubuntu-bionic
[   17.550281] cloud-init[901]: The key's randomart image is:
[   17.553506] cloud-init[901]: +--[ED25519 256]--+
[   17.568741]          Starting Snap Daemon...
         Starting LXD - container startup/shutdown...
cloud-init[901]: |. ..o.+o  .....  |
[   17.577772] cloud-init[901]: |..o. + +   . .   |
[   17.580612] cloud-init[901]: | . .o + + . . o  |
[   17.583020] cloud-init[901]: |     o E = . . oo|
[   17.585639] cloud-init[901]: |    . o S o o . *|
[   17.587936] cloud-init[901]: |     .   + o o +.|
[   17.590820] cloud-init[901]: |        . o o *  |
[   17.594186] cloud-init[901]: |       . =.. * . |
[   17.597830] cloud-init[901]: |        +o+o+.++.|
[   17.601439] cloud-init[901]: +----[SHA256]-----+
[[0;32m  OK  [0m] Started D-Bus System Message Bus.
[[0;32m  OK  [0m] Started Login Service.
[[0;32m  OK  [0m] Started Unattended Upgrades Shutdown.
         Starting Pollinate to seed the pseudo random number generator...
[[0;32m  OK  [0m] Started Deferred execution scheduler.
[[0;32m  OK  [0m] Started System Logging Service.
[[0;32m  OK  [0m] Started Availability of block devices.
[[0;32m  OK  [0m] Started Permit User Sessions.
         Starting Authorization Manager...
         Starting Terminate Plymouth Boot Screen...
         Starting Hold until boot process finishes up...
[[0;32m  OK  [0m] Started Terminate Plymouth Boot Screen.
[[0;32m  OK  [0m] Started Hold until boot process finishes up.
         Starting Set console scheme...
[[0;32m  OK  [0m] Started Serial Getty on ttyS0.
[[0;32m  OK  [0m] Started Dispatcher daemon for systemd-networkd.
[[0;32m  OK  [0m] Started LSB: automatic crash report generation.
[[0;32m  OK  [0m] Started Set console scheme.
[[0;32m  OK  [0m] Created slice system-getty.slice.
[[0;32m  OK  [0m] Started Getty on tty1.
[[0;32m  OK  [0m] Reached target Login Prompts.
[[0;32m  OK  [0m] Started LSB: Record successful boot for GRUB.
[[0;32m  OK  [0m] Started Authorization Manager.
[[0;32m  OK  [0m] Started Accounts Service.
[[0;32m  OK  [0m] Started LXD - container startup/shutdown.
[[0;32m  OK  [0m] Started Virtualbox guest utils.
[[0;32m  OK  [0m] Started Snap Daemon.
         Starting Wait until snapd is fully seeded...
[[0;32m  OK  [0m] Started Pollinate to seed the pseudo random number generator.
         Starting OpenBSD Secure Shell server...
[[0;32m  OK  [0m] Started OpenBSD Secure Shell server.
[[0;32m  OK  [0m] Created slice User Slice of vagrant.
         Starting User Manager for UID 1000...
[[0;32m  OK  [0m] Started Session 1 of user vagrant.
         Starting Time & Date Service...
[[0;32m  OK  [0m] Started User Manager for UID 1000.
[[0;32m  OK  [0m] Started Time & Date Service.
[[0;32m  OK  [0m] Started Wait until snapd is fully seeded.
         Starting Apply the settings specified in cloud-config...
[   21.937389] cloud-init[1390]: Cloud-init v. 23.1.2-0ubuntu0~18.04.1 running 'modules:config' at Wed, 22 May 2024 00:34:39 +0000. Up 21.27 seconds.
[[0;32m  OK  [0m] Started Apply the settings specified in cloud-config.
[[0;32m  OK  [0m] Reached target Multi-User System.
[[0;32m  OK  [0m] Reached target Graphical Interface.
         Starting Update UTMP about System Runlevel Changes...
         Starting Execute cloud user/final scripts...
[[0;32m  OK  [0m] Started Update UTMP about System Runlevel Changes.
ci-info: no authorized SSH keys fingerprints found for user ubuntu.
<14>May 22 00:34:41 cloud-init: #############################################################
<14>May 22 00:34:41 cloud-init: -----BEGIN SSH HOST KEY FINGERPRINTS-----
<14>May 22 00:34:41 cloud-init: 1024 SHA256:Q3FUwdN0WVDH2sbqFXVKZLCXw2bN6SD/X85wnVXoCWw root@ubuntu-bionic (DSA)
<14>May 22 00:34:41 cloud-init: 256 SHA256:QcKvhRvdgeOGn8f1esyxgUf/cGUCz1p2NNpNC5eAxEc root@ubuntu-bionic (ECDSA)
<14>May 22 00:34:41 cloud-init: 256 SHA256:57Tieb9V3SBQ5X/i/rphKausXWEg6CkB4k1tRcBnbyw root@ubuntu-bionic (ED25519)
<14>May 22 00:34:41 cloud-init: 2048 SHA256:D0YDyk4Pywhv4PFkFrjW5IoH3YAGLN9Muiks6biYuPo root@ubuntu-bionic (RSA)
<14>May 22 00:34:41 cloud-init: -----END SSH HOST KEY FINGERPRINTS-----
<14>May 22 00:34:41 cloud-init: #############################################################
-----BEGIN SSH HOST KEY KEYS-----
ecdsa-sha2-nistp256 AAAAE2VjZHNhLXNoYTItbmlzdHAyNTYAAAAIbmlzdHAyNTYAAABBBBpq/1edz6NpwvqSLVUtano1Flun6HFK1PagC9l1W55pzTlfVXAREs4QpEJPbPsVhX2+8YthtnL9tePm80E5zW4= root@ubuntu-bionic
ssh-ed25519 AAAAC3NzaC1lZDI1NTE5AAAAIHpwO1eqgWfprVGdL6qcEUnjA2c1+gN4IjIgzl4Tj1HY root@ubuntu-bionic
ssh-rsa AAAAB3NzaC1yc2EAAAADAQABAAABAQCXx7tZaXEJEbVMnkdNSkuL7cxKuZ4phl4YUfDClcK4oSfYpONBPTemXdqtQifKf+pB3Tv5NQKsD3C2B4R1dP7SxYqJZSmmC1TYzY2Ti8VX1vwaKc3egivLG87kdzMEQeA6FFfb5uY49LZtECrYJdSHP5s7QR3DmlugUhoQY7Exo/SAbdZkypnDBBprnVvL7Ai5QJG347OvI+CpjzN+fjccIYTmT9OOzBKaJi6+OtrSRBIWh628j0tdE42bcQ92v6E0z2QLQbt0USR2nphor1HDPsgBV8N7zXYVN5qJBEhYxlP9YLBtqIiGd5S3sVOk2BUW141M441B+i2lBS15p647 root@ubuntu-bionic
-----END SSH HOST KEY KEYS-----
[   23.633319] cloud-init[1469]: Cloud-init v. 23.1.2-0ubuntu0~18.04.1 running 'modules:final' at Wed, 22 May 2024 00:34:40 +0000. Up 22.86 seconds.
[   23.643548] cloud-init[1469]: Cloud-init v. 23.1.2-0ubuntu0~18.04.1 finished at Wed, 22 May 2024 00:34:41 +0000. Datasource DataSourceNoCloud [seed=/dev/sdb][dsmode=net].  Up 23.62 seconds

Ubuntu 18.04.6 LTS ubuntu-bionic ttyS0

ubuntu-bionic login: 