[    0.000000] Linux version 4.15.0-212-generic (buildd@lcy02-amd64-083) (gcc version 7.5.0 (Ubuntu 7.5.0-3ubuntu1~18.04)) #223-Ubuntu SMP Tue May 23 13:09:22 UTC 2023 (Ubuntu 4.15.0-212.223-generic 4.15.18)
[    0.000000] Command line: BOOT_IMAGE=/boot/vmlinuz-4.15.0-212-generic root=LABEL=cloudimg-rootfs ro console=tty1 console=ttyS0
[    0.000000] KERNEL supported cpus:
[    0.000000]   Intel GenuineIntel
[    0.000000]   AMD AuthenticAMD
[    0.000000]   Centaur CentaurHauls
[    0.000000] [Firmware Bug]: TSC doesn't count with P0 frequency!
[    0.000000] x86/fpu: x87 FPU will use FXSAVE
[    0.000000] e820: BIOS-provided physical RAM map:
[    0.000000] BIOS-e820: [mem 0x0000000000000000-0x000000000009fbff] usable
[    0.000000] BIOS-e820: [mem 0x000000000009fc00-0x000000000009ffff] reserved
[    0.000000] BIOS-e820: [mem 0x00000000000f0000-0x00000000000fffff] reserved
[    0.000000] BIOS-e820: [mem 0x0000000000100000-0x000000007ffeffff] usable
[    0.000000] BIOS-e820: [mem 0x000000007fff0000-0x000000007fffffff] ACPI data
[    0.000000] BIOS-e820: [mem 0x00000000fec00000-0x00000000fec00fff] reserved
[    0.000000] BIOS-e820: [mem 0x00000000fee00000-0x00000000fee00fff] reserved
[    0.000000] BIOS-e820: [mem 0x00000000fffc0000-0x00000000ffffffff] reserved
[    0.000000] NX (Execute Disable) protection: active
[    0.000000] SMBIOS 2.5 present.
[    0.000000] DMI: innotek GmbH VirtualBox/VirtualBox, BIOS VirtualBox 12/01/2006
[    0.000000] Hypervisor detected: KVM
[    0.000000] e820: last_pfn = 0x7fff0 max_arch_pfn = 0x400000000
[    0.000000] MTRR: Disabled
[    0.000000] x86/PAT: MTRRs disabled, skipping PAT initialization too.
[    0.000000] CPU MTRRs all blank - virtualized system.
[    0.000000] x86/PAT: Configuration [0-7]: WB  WT  UC- UC  WB  WT  UC- UC  
[    0.000000] found SMP MP-table at [mem 0x0009fff0-0x0009ffff]
[    0.000000] Scanning 1 areas for low memory corruption
[    0.000000] RAMDISK: [mem 0x359cb000-0x36cdcfff]
[    0.000000] ACPI: Early table checksum verification disabled
[    0.000000] ACPI: RSDP 0x00000000000E0000 000024 (v02 VBOX  )
[    0.000000] ACPI: XSDT 0x000000007FFF0030 00003C (v01 VBOX   VBOXXSDT 00000001 ASL  00000061)
[    0.000000] ACPI: FACP 0x000000007FFF00F0 0000F4 (v04 VBOX   VBOXFACP 00000001 ASL  00000061)
[    0.000000] ACPI: DSDT 0x000000007FFF0610 002353 (v02 VBOX   VBOXBIOS 00000002 INTL 20100528)
[    0.000000] ACPI: FACS 0x000000007FFF0200 000040
[    0.000000] ACPI: FACS 0x000000007FFF0200 000040
[    0.000000] ACPI: APIC 0x000000007FFF0240 00005C (v02 VBOX   VBOXAPIC 00000001 ASL  00000061)
[    0.000000] ACPI: SSDT 0x000000007FFF02A0 00036C (v01 VBOX   VBOXCPUT 00000002 INTL 20100528)
[    0.000000] ACPI: Reserving FACP table memory at [mem 0x7fff00f0-0x7fff01e3]
[    0.000000] ACPI: Reserving DSDT table memory at [mem 0x7fff0610-0x7fff2962]
[    0.000000] ACPI: Reserving FACS table memory at [mem 0x7fff0200-0x7fff023f]
[    0.000000] ACPI: Reserving FACS table memory at [mem 0x7fff0200-0x7fff023f]
[    0.000000] ACPI: Reserving APIC table memory at [mem 0x7fff0240-0x7fff029b]
[    0.000000] ACPI: Reserving SSDT table memory at [mem 0x7fff02a0-0x7fff060b]
[    0.000000] No NUMA configuration found
[    0.000000] Faking a node at [mem 0x0000000000000000-0x000000007ffeffff]
[    0.000000] NODE_DATA(0) allocated [mem 0x7ffc5000-0x7ffeffff]
[    0.000000] kvm-clock: cpu 0, msr 0:7ff44001, primary cpu clock
[    0.000000] kvm-clock: Using msrs 4b564d01 and 4b564d00
[    0.000000] kvm-clock: using sched offset of 4391075427 cycles
[    0.000000] clocksource: kvm-clock: mask: 0xffffffffffffffff max_cycles: 0x1cd42e4dffb, max_idle_ns: 881590591483 ns
[    0.000000] Zone ranges:
[    0.000000]   DMA      [mem 0x0000000000001000-0x0000000000ffffff]
[    0.000000]   DMA32    [mem 0x0000000001000000-0x000000007ffeffff]
[    0.000000]   Normal   empty
[    0.000000]   Device   empty
[    0.000000] Movable zone start for each node
[    0.000000] Early memory node ranges
[    0.000000]   node   0: [mem 0x0000000000001000-0x000000000009efff]
[    0.000000]   node   0: [mem 0x0000000000100000-0x000000007ffeffff]
[    0.000000] Reserved but unavailable: 104 pages
[    0.000000] Initmem setup node 0 [mem 0x0000000000001000-0x000000007ffeffff]
[    0.000000] ACPI: PM-Timer IO Port: 0x4008
[    0.000000] IOAPIC[0]: apic_id 2, version 32, address 0xfec00000, GSI 0-23
[    0.000000] ACPI: INT_SRC_OVR (bus 0 bus_irq 0 global_irq 2 dfl dfl)
[    0.000000] ACPI: INT_SRC_OVR (bus 0 bus_irq 9 global_irq 9 low level)
[    0.000000] Using ACPI (MADT) for SMP configuration information
[    0.000000] smpboot: Allowing 2 CPUs, 0 hotplug CPUs
[    0.000000] PM: Registered nosave memory: [mem 0x00000000-0x00000fff]
[    0.000000] PM: Registered nosave memory: [mem 0x0009f000-0x0009ffff]
[    0.000000] PM: Registered nosave memory: [mem 0x000a0000-0x000effff]
[    0.000000] PM: Registered nosave memory: [mem 0x000f0000-0x000fffff]
[    0.000000] e820: [mem 0x80000000-0xfebfffff] available for PCI devices
[    0.000000] Booting paravirtualized kernel on KVM
[    0.000000] clocksource: refined-jiffies: mask: 0xffffffff max_cycles: 0xffffffff, max_idle_ns: 7645519600211568 ns
[    0.000000] setup_percpu: NR_CPUS:8192 nr_cpumask_bits:2 nr_cpu_ids:2 nr_node_ids:1
[    0.000000] percpu: Embedded 50 pages/cpu s167936 r8192 d28672 u1048576
[    0.000000] PV qspinlock hash table entries: 256 (order: 0, 4096 bytes)
[    0.000000] Built 1 zonelists, mobility grouping on.  Total pages: 515961
[    0.000000] Policy zone: DMA32
[    0.000000] Kernel command line: BOOT_IMAGE=/boot/vmlinuz-4.15.0-212-generic root=LABEL=cloudimg-rootfs ro console=tty1 console=ttyS0
[    0.000000] Memory: 2014836K/2096696K available (12300K kernel code, 2477K rwdata, 4324K rodata, 2480K init, 2720K bss, 81860K reserved, 0K cma-reserved)
[    0.000000] SLUB: HWalign=64, Order=0-3, MinObjects=0, CPUs=2, Nodes=1
[    0.000000] ftrace: allocating 39508 entries in 155 pages
[    0.004000] Hierarchical RCU implementation.
[    0.004000] 	RCU restricting CPUs from NR_CPUS=8192 to nr_cpu_ids=2.
[    0.004000] 	Tasks RCU enabled.
[    0.004000] RCU: Adjusting geometry for rcu_fanout_leaf=16, nr_cpu_ids=2
[    0.004000] NR_IRQS: 524544, nr_irqs: 440, preallocated irqs: 16
[    0.004000] random: crng init done
[    0.004000] Console: colour VGA+ 80x25
[    0.004000] console [tty1] enabled
[    0.004000] console [ttyS0] enabled
[    0.004000] ACPI: Core revision 20170831
[    0.004000] ACPI: 2 ACPI AML tables successfully acquired and loaded
[    0.004000] APIC: Switch to symmetric I/O mode setup
[    0.004000] ..TIMER: vector=0x30 apic1=0 pin1=2 apic2=-1 pin2=-1
[    0.004000] tsc: Detected 1796.563 MHz processor
[    0.004000] Calibrating delay loop (skipped) preset value.. 3593.12 BogoMIPS (lpj=7186252)
[    0.004010] pid_max: default: 32768 minimum: 301
[    0.008111] Security Framework initialized
[    0.012009] Yama: becoming mindful.
[    0.016153] AppArmor: AppArmor initialized
[    0.032785] Dentry cache hash table entries: 262144 (order: 9, 2097152 bytes)
[    0.044539] Inode-cache hash table entries: 131072 (order: 8, 1048576 bytes)
[    0.048216] Mount-cache hash table entries: 4096 (order: 3, 32768 bytes)
[    0.052215] Mountpoint-cache hash table entries: 4096 (order: 3, 32768 bytes)
[    0.057856] Last level iTLB entries: 4KB 1024, 2MB 1024, 4MB 512
[    0.060008] Last level dTLB entries: 4KB 2048, 2MB 2048, 4MB 1024, 1GB 0
[    0.064009] Spectre V1 : Mitigation: usercopy/swapgs barriers and __user pointer sanitization
[    0.068012] Spectre V2 : Mitigation: Retpolines
[    0.072006] Spectre V2 : Spectre v2 / SpectreRSB mitigation: Filling RSB on context switch
[    0.076007] Spectre V2 : Spectre v2 / SpectreRSB : Filling RSB on VMEXIT
[    0.080008] RETBleed: Vulnerable
[    0.084199] Freeing SMP alternatives memory: 36K
[    0.216010] APIC calibration not consistent with PM-Timer: 107ms instead of 100ms
[    0.220000] APIC delta adjusted to PM-Timer: 6383888 (6892222)
[    0.220514] smpboot: CPU0: AMD Ryzen 7 5700U with Radeon Graphics (family: 0x17, model: 0x68, stepping: 0x1)
[    0.224000] Performance Events: PMU not available due to virtualization, using software events only.
[    0.224000] Hierarchical SRCU implementation.
[    0.224000] NMI watchdog: Perf event create on CPU 0 failed with -2
[    0.224000] NMI watchdog: Perf NMI watchdog permanently disabled
[    0.224000] smp: Bringing up secondary CPUs ...
[    0.224879] x86: Booting SMP configuration:
[    0.228009] .... node  #0, CPUs:      #1
[    0.004000] kvm-clock: cpu 1, msr 0:7ff44041, secondary cpu clock
[    0.247065] TSC synchronization [CPU#0 -> CPU#1]:
[    0.248000] Measured 53659 cycles TSC warp between CPUs, turning off TSC clock.
[    0.248000] tsc: Marking TSC unstable due to check_tsc_sync_source failed
[    0.252330] smp: Brought up 1 node, 2 CPUs
[    0.256008] smpboot: Max logical packages: 1
[    0.260012] smpboot: Total of 2 processors activated (7186.25 BogoMIPS)
[    0.268182] devtmpfs: initialized
[    0.276605] x86/mm: Memory block size: 128MB
[    0.285057] evm: security.selinux
[    0.292008] evm: security.SMACK64
[    0.300011] evm: security.SMACK64EXEC
[    0.308011] evm: security.SMACK64TRANSMUTE
[    0.316006] evm: security.SMACK64MMAP
[    0.324006] evm: security.apparmor
[    0.332013] evm: security.ima
[    0.336006] evm: security.capability
[    0.344450] clocksource: jiffies: mask: 0xffffffff max_cycles: 0xffffffff, max_idle_ns: 7645041785100000 ns
[    0.364027] futex hash table entries: 512 (order: 3, 32768 bytes)
[    0.376533] pinctrl core: initialized pinctrl subsystem
[    0.388235] RTC time:  0:56:37, date: 05/22/24
[    0.397433] NET: Registered protocol family 16
[    0.404215] audit: initializing netlink subsys (disabled)
[    0.416475] audit: type=2000 audit(1716339402.842:1): state=initialized audit_enabled=0 res=1
[    0.420129] cpuidle: using governor ladder
[    0.428311] cpuidle: using governor menu
[    0.437792] ACPI: bus type PCI registered
[    0.440013] acpiphp: ACPI Hot Plug PCI Controller Driver version: 0.5
[    0.448687] PCI: Using configuration type 1 for base access
[    0.456008] PCI: Using configuration type 1 for extended access
[    0.468472] HugeTLB registered 2.00 MiB page size, pre-allocated 0 pages
[    0.480553] ACPI: Added _OSI(Module Device)
[    0.484031] ACPI: Added _OSI(Processor Device)
[    0.492006] ACPI: Added _OSI(3.0 _SCP Extensions)
[    0.496009] ACPI: Added _OSI(Processor Aggregator Device)
[    0.504012] ACPI: Added _OSI(Linux-Dell-Video)
[    0.508020] ACPI: Added _OSI(Linux-Lenovo-NV-HDMI-Audio)
[    0.516020] ACPI: Added _OSI(Linux-HPI-Hybrid-Graphics)
[    0.524979] ACPI: Executed 1 blocks of module-level executable AML code
[    0.538511] ACPI: Interpreter enabled
[    0.540044] ACPI: (supports S0 S5)
[    0.548007] ACPI: Using IOAPIC for interrupt routing
[    0.556441] PCI: Using host bridge windows from ACPI; if necessary, use "pci=nocrs" and report a bug
[    0.564272] ACPI: Enabled 2 GPEs in block 00 to 07
[    0.584462] ACPI: PCI Root Bridge [PCI0] (domain 0000 [bus 00-ff])
[    0.588029] acpi PNP0A03:00: _OSC: OS supports [ExtendedConfig ASPM ClockPM Segments MSI]
[    0.604907] acpi PNP0A03:00: _OSC: platform does not support [PCIeCapability]
[    0.617072] acpi PNP0A03:00: _OSC: not requesting control; platform does not support [PCIeCapability]
[    0.628015] acpi PNP0A03:00: _OSC: OS requested [PCIeHotplug PME AER PCIeCapability]
[    0.640016] acpi PNP0A03:00: _OSC: platform willing to grant [PCIeHotplug PME AER]
[    0.648028] acpi PNP0A03:00: _OSC failed (AE_SUPPORT); disabling ASPM
[    0.657994] PCI host bridge to bus 0000:00
[    0.664022] pci_bus 0000:00: root bus resource [io  0x0000-0x0cf7 window]
[    0.672031] pci_bus 0000:00: root bus resource [io  0x0d00-0xffff window]
[    0.684042] pci_bus 0000:00: root bus resource [mem 0x000a0000-0x000bffff window]
[    0.692019] pci_bus 0000:00: root bus resource [mem 0x80000000-0xfdffffff window]
[    0.704025] pci_bus 0000:00: root bus resource [bus 00-ff]
[    0.720761] pci 0000:00:01.1: legacy IDE quirk: reg 0x10: [io  0x01f0-0x01f7]
[    0.728017] pci 0000:00:01.1: legacy IDE quirk: reg 0x14: [io  0x03f6]
[    0.736015] pci 0000:00:01.1: legacy IDE quirk: reg 0x18: [io  0x0170-0x0177]
[    0.744034] pci 0000:00:01.1: legacy IDE quirk: reg 0x1c: [io  0x0376]
[    0.784596] pci 0000:00:07.0: quirk: [io  0x4000-0x403f] claimed by PIIX4 ACPI
[    0.792071] pci 0000:00:07.0: quirk: [io  0x4100-0x410f] claimed by PIIX4 SMB
[    0.809074] ACPI: PCI Interrupt Link [LNKA] (IRQs 5 9 10 *11)
[    0.812772] ACPI: PCI Interrupt Link [LNKB] (IRQs 5 9 *10 11)
[    0.820301] ACPI: PCI Interrupt Link [LNKC] (IRQs 5 *9 10 11)
[    0.828327] ACPI: PCI Interrupt Link [LNKD] (IRQs 5 9 10 *11)
[    0.837194] SCSI subsystem initialized
[    0.844098] pci 0000:00:02.0: vgaarb: setting as boot VGA device
[    0.848000] pci 0000:00:02.0: vgaarb: VGA device added: decodes=io+mem,owns=io+mem,locks=none
[    0.860017] pci 0000:00:02.0: vgaarb: bridge control possible
[    0.868017] vgaarb: loaded
[    0.872232] ACPI: bus type USB registered
[    0.876103] usbcore: registered new interface driver usbfs
[    0.884039] usbcore: registered new interface driver hub
[    0.888036] usbcore: registered new device driver usb
[    0.896291] EDAC MC: Ver: 3.0.0
[    0.904398] PCI: Using ACPI for IRQ routing
[    0.909437] NetLabel: Initializing
[    0.912021] NetLabel:  domain hash size = 128
[    0.916010] NetLabel:  protocols = UNLABELED CIPSOv4 CALIPSO
[    0.920229] NetLabel:  unlabeled traffic allowed by default
[    0.924446] clocksource: Switched to clocksource kvm-clock
[    0.984095] VFS: Disk quotas dquot_6.6.0
[    0.990486] VFS: Dquot-cache hash table entries: 512 (order 0, 4096 bytes)
[    1.000887] AppArmor: AppArmor Filesystem Enabled
[    1.006136] pnp: PnP ACPI init
[    1.012817] pnp: PnP ACPI: found 3 devices
[    1.073715] clocksource: acpi_pm: mask: 0xffffff max_cycles: 0xffffff, max_idle_ns: 2085701024 ns
[    1.083829] NET: Registered protocol family 2
[    1.090154] IP idents hash table entries: 32768 (order: 6, 262144 bytes)
[    1.097934] TCP established hash table entries: 16384 (order: 5, 131072 bytes)
[    1.108030] TCP bind hash table entries: 16384 (order: 6, 262144 bytes)
[    1.116305] TCP: Hash tables configured (established 16384 bind 16384)
[    1.124064] UDP hash table entries: 1024 (order: 3, 32768 bytes)
[    1.130953] UDP-Lite hash table entries: 1024 (order: 3, 32768 bytes)
[    1.138832] NET: Registered protocol family 1
[    1.145462] pci 0000:00:00.0: Limiting direct PCI/PCI transfers
[    1.152628] pci 0000:00:01.0: Activating ISA DMA hang workarounds
[    1.159012] pci 0000:00:02.0: Video device with shadowed ROM at [mem 0x000c0000-0x000dffff]
[    1.168785] Unpacking initramfs...
[    1.680062] Freeing initrd memory: 19528K
[    1.691432] clocksource: tsc: mask: 0xffffffffffffffff max_cycles: 0x19e57ad13b9, max_idle_ns: 440795275707 ns
[    1.703125] platform rtc_cmos: registered platform RTC device (no PNP device found)
[    1.713922] Scanning for low memory corruption every 60 seconds
[    1.723262] Initialise system trusted keyrings
[    1.729721] Key type blacklist registered
[    1.735414] workingset: timestamp_bits=36 max_order=19 bucket_order=0
[    1.745710] zbud: loaded
[    1.752644] squashfs: version 4.0 (2009/01/31) Phillip Lougher
[    1.761006] fuse init (API version 7.26)
[    1.810421] Key type asymmetric registered
[    1.815865] Asymmetric key parser 'x509' registered
[    1.822570] Block layer SCSI generic (bsg) driver version 0.4 loaded (major 246)
[    1.832454] io scheduler noop registered
[    1.837264] io scheduler deadline registered
[    1.842685] io scheduler cfq registered (default)
[    1.850474] ACPI: AC Adapter [AC] (on-line)
[    1.855790] input: Power Button as /devices/LNXSYSTM:00/LNXPWRBN:00/input/input0
[    1.865051] ACPI: Power Button [PWRF]
[    1.870782] input: Sleep Button as /devices/LNXSYSTM:00/LNXSLPBN:00/input/input1
[    1.879477] ACPI: Sleep Button [SLPF]
[    1.886495] Serial: 8250/16550 driver, 32 ports, IRQ sharing enabled
[    1.889339] ACPI: Battery Slot [BAT0] (battery present)
[    1.925056] 00:02: ttyS0 at I/O 0x3f8 (irq = 4, base_baud = 115200) is a 16550A
[    1.958497] Linux agpgart interface v0.103
[    1.976264] loop: module loaded
[    1.983973] scsi host0: ata_piix
[    1.988513] scsi host1: ata_piix
[    1.992899] ata1: PATA max UDMA/33 cmd 0x1f0 ctl 0x3f6 bmdma 0xd000 irq 14
[    1.999822] ata2: PATA max UDMA/33 cmd 0x170 ctl 0x376 bmdma 0xd008 irq 15
[    2.006348] tun: Universal TUN/TAP device driver, 1.6
[    2.012995] PPP generic driver version 2.4.2
[    2.019327] ehci_hcd: USB 2.0 'Enhanced' Host Controller (EHCI) Driver
[    2.027665] ehci-pci: EHCI PCI platform driver
[    2.032706] ehci-platform: EHCI generic platform driver
[    2.039420] ohci_hcd: USB 1.1 'Open' Host Controller (OHCI) Driver
[    2.045844] ohci-pci: OHCI PCI platform driver
[    2.051523] ohci-platform: OHCI generic platform driver
[    2.057874] uhci_hcd: USB Universal Host Controller Interface driver
[    2.064560] i8042: PNP: PS/2 Controller [PNP0303:PS2K,PNP0f03:PS2M] at 0x60,0x64 irq 1,12
[    2.078255] serio: i8042 KBD port at 0x60,0x64 irq 1
[    2.083714] serio: i8042 AUX port at 0x60,0x64 irq 12
[    2.089876] mousedev: PS/2 mouse device common for all mice
[    2.098641] input: AT Translated Set 2 keyboard as /devices/platform/i8042/serio0/input/input2
[    2.102408] rtc_cmos rtc_cmos: rtc core: registered rtc_cmos as rtc0
[    2.117756] rtc_cmos rtc_cmos: alarms up to one day, 114 bytes nvram
[    2.123811] i2c /dev entries driver
[    2.127754] device-mapper: uevent: version 1.0.3
[    2.133004] device-mapper: ioctl: 4.37.0-ioctl (2017-09-20) initialised: dm-devel@redhat.com
[    2.143495] ledtrig-cpu: registered to indicate activity on CPUs
[    2.153152] NET: Registered protocol family 10
[    2.199413] Segment Routing with IPv6
[    2.204353] NET: Registered protocol family 17
[    2.210531] Key type dns_resolver registered
[    2.232479] mce: Using 0 MCE banks
[    2.236576] RAS: Correctable Errors collector initialized.
[    2.243691] sched_clock: Marking stable (2243605745, 0)->(3119309157, -875703412)
[    2.255223] registered taskstats version 1
[    2.259784] Loading compiled-in X.509 certificates
[    2.272766] Loaded X.509 cert 'Build time autogenerated kernel key: b5b26778eaa3ab3a4a6cee031137706e947d12ad'
[    2.285505] Loaded X.509 cert 'Canonical Ltd. Live Patch Signing: 14df34d1a87cf37625abec039ef2bf521249b969'
[    2.297488] Loaded X.509 cert 'Canonical Ltd. Kernel Module Signing: 88f752e560a1e0737e31163a466ad7b70a850c19'
[    2.309240] blacklist: Loading compiled-in revocation X.509 certificates
[    2.316730] Loaded X.509 cert 'Canonical Ltd. Secure Boot Signing: 61482aa2830d0ab2ad5af10b7250da9033ddcef0'
[    2.328113] Loaded X.509 cert 'Canonical Ltd. Secure Boot Signing (2017): 242ade75ac4a15e50d50c84b0d45ff3eae707a03'
[    2.340394] Loaded X.509 cert 'Canonical Ltd. Secure Boot Signing (ESM 2018): 365188c1d374d6b07c3c8f240f8ef722433d6a8b'
[    2.352240] Loaded X.509 cert 'Canonical Ltd. Secure Boot Signing (2019): c0746fd6c5da3ae827864651ad66ae47fe24b3e8'
[    2.363387] Loaded X.509 cert 'Canonical Ltd. Secure Boot Signing (2021 v1): a8d54bbb3825cfb94fa13c9f8a594a195c107b8d'
[    2.374193] Loaded X.509 cert 'Canonical Ltd. Secure Boot Signing (2021 v2): 4cf046892d6fd3c9a5b03f98d845f90851dc6a8c'
[    2.383922] Loaded X.509 cert 'Canonical Ltd. Secure Boot Signing (2021 v3): 100437bb6de6e469b581e61cd66bce3ef4ed53af'
[    2.395339] Loaded X.509 cert 'Canonical Ltd. Secure Boot Signing (Ubuntu Core 2019): c1d57b8f6b743f23ee41f4f7ee292f06eecadfb9'
[    2.407896] zswap: loaded using pool lzo/zbud
[    2.423350] Key type big_key registered
[    2.428593] Key type trusted registered
[    2.438153] Key type encrypted registered
[    2.444002] AppArmor: AppArmor sha1 policy hashing enabled
[    2.452321] ima: No TPM chip found, activating TPM-bypass! (rc=-19)
[    2.460229] ima: Allocated hash algorithm: sha1
[    2.466355] evm: HMAC attrs: 0x1
[    2.470272]   Magic number: 8:534:911
[    2.477212] rtc_cmos rtc_cmos: setting system clock to 2024-05-22 00:56:39 UTC (1716339399)
[    2.488741] BIOS EDD facility v0.16 2004-Jun-25, 0 devices found
[    2.495566] EDD information not available.
[    2.504318] Freeing unused kernel image memory: 2480K
[    2.529161] Write protecting the kernel read-only data: 20480k
[    2.537186] Freeing unused kernel image memory: 2008K
[    2.543270] Freeing unused kernel image memory: 1820K
[    2.555679] x86/mm: Checked W+X mappings: passed, no W+X pages found.
Loading, please wait...
starting version 237
[    2.683559] Fusion MPT base driver 3.04.20
[    2.688681] Copyright (c) 1999-2008 LSI Corporation
[    2.694841] e1000: Intel(R) PRO/1000 Network Driver - version 7.3.21-k8-NAPI
[    2.703291] e1000: Copyright (c) 1999-2006 Intel Corporation.
[    2.746083] Fusion MPT SPI Host driver 3.04.20
[    2.755989] SSE version of gcm_enc/dec engaged.
[    2.975457] input: ImExPS/2 Generic Explorer Mouse as /devices/platform/i8042/serio1/input/input4
[    3.434600] e1000 0000:00:03.0 eth0: (PCI:33MHz:32-bit) 02:3b:7b:b7:3b:2d
[    3.441733] e1000 0000:00:03.0 eth0: Intel(R) PRO/1000 Network Connection
[    3.453611] mptbase: ioc0: Initiating bringup
[    3.453831] e1000 0000:00:03.0 enp0s3: renamed from eth0
[    3.567965] ioc0: LSI53C1030 A0: Capabilities={Initiator}
[    3.829754] scsi host2: ioc0: LSI53C1030 A0, FwRev=00000000h, Ports=1, MaxQ=256, IRQ=20
[    4.011171] scsi 2:0:0:0: Direct-Access     VBOX     HARDDISK         1.0  PQ: 0 ANSI: 5
[    4.052654] scsi target2:0:0: Beginning Domain Validation
[    4.069667] scsi target2:0:0: Domain Validation skipping write tests
[    4.077119] scsi target2:0:0: Ending Domain Validation
[    4.083891] scsi target2:0:0: asynchronous
[    4.092359] scsi 2:0:1:0: Direct-Access     VBOX     HARDDISK         1.0  PQ: 0 ANSI: 5
[    5.883472] scsi target2:0:1: Beginning Domain Validation
[    5.898878] scsi target2:0:1: Domain Validation skipping write tests
[    5.905580] scsi target2:0:1: Ending Domain Validation
[    5.912134] scsi target2:0:1: asynchronous
[    5.935143] sd 2:0:0:0: Attached scsi generic sg0 type 0
[    5.943887] sd 2:0:1:0: Attached scsi generic sg1 type 0
[    5.944428] sd 2:0:0:0: [sda] 83886080 512-byte logical blocks: (42.9 GB/40.0 GiB)
[    5.960926] sd 2:0:0:0: [sda] Write Protect is off
[    5.966362] sd 2:0:1:0: [sdb] 20480 512-byte logical blocks: (10.5 MB/10.0 MiB)
[    5.966962] sd 2:0:0:0: [sda] Incomplete mode parameter data
[    5.980929] sd 2:0:0:0: [sda] Assuming drive cache: write through
[    5.981140] sd 2:0:1:0: [sdb] Write Protect is off
[    5.992401]  sda: sda1
[    5.998417] sd 2:0:1:0: [sdb] Incomplete mode parameter data
[    6.000433] sd 2:0:0:0: [sda] Attached SCSI disk
[    6.005470] sd 2:0:1:0: [sdb] Assuming drive cache: write through
[    6.029197] sd 2:0:1:0: [sdb] Attached SCSI disk
Begin: Loading essential drivers ... [    8.656164] raid6: sse2x1   gen() 117863 MB/s
[   10.677661] raid6: sse2x1   xor() 187909 MB/s
[   11.677783] raid6: sse2x2   gen() 362718 MB/s
[   13.672667] raid6: sse2x2   xor() 226925 MB/s
[   13.741603] raid6: sse2x4   gen() 19753 MB/s
[   13.795178] raid6: sse2x4   xor()  9175 MB/s
[   13.800004] raid6: using algorithm sse2x2 gen() 362718 MB/s
[   13.808875] raid6: .... xor() 226925 MB/s, rmw enabled
[   13.814466] raid6: using ssse3x2 recovery algorithm
[   13.823514] xor: measuring software checksum speed
[   13.930155]    prefetch64-sse: 39045.000 MB/sec
[   14.045608]    generic_sse: 43418.000 MB/sec
[   14.051408] xor: using function: generic_sse (43418.000 MB/sec)
[   14.060835] async_tx: api initialized (async)
done.
Begin: Running /scripts/init-premount ... done.
Begin: Mounting root file system ... Begin: Running /scripts/local-top ... done.
Begin: Running /scripts/local-premount ... [   14.140445] Btrfs loaded, crc32c=crc32c-intel
Scanning for Btrfs filesystems
done.
Warning: fsck not present, so skipping root file system
[   14.234374] EXT4-fs (sda1): mounted filesystem with ordered data mode. Opts: (null)
done.
Begin: Running /scripts/local-bottom ... done.
Begin: Running /scripts/init-bottom ... done.
[   14.548642] ip_tables: (C) 2000-2006 Netfilter Core Team
[   14.581303] systemd[1]: systemd 237 running in system mode. (+PAM +AUDIT +SELINUX +IMA +APPARMOR +SMACK +SYSVINIT +UTMP +LIBCRYPTSETUP +GCRYPT +GNUTLS +ACL +XZ +LZ4 +SECCOMP +BLKID +ELFUTILS +KMOD -IDN2 +IDN -PCRE2 default-hierarchy=hybrid)
[   14.601806] systemd[1]: Detected virtualization oracle.
[   14.608868] systemd[1]: Detected architecture x86-64.

Welcome to [1mUbuntu 18.04.6 LTS[0m!

[   14.654209] systemd[1]: Set hostname to <ubuntu>.
[   14.670849] systemd[1]: Initializing machine ID from random generator.
[   14.679614] systemd[1]: Installed transient /etc/machine-id file.
[   15.231691] systemd[1]: Created slice System Slice.
[[0;32m  OK  [0m] Created slice System Slice.
[   15.242229] systemd[1]: Listening on /dev/initctl Compatibility Named Pipe.
[[0;32m  OK  [0m] Listening on /dev/initctl Compatibility Named Pipe.
[   15.255645] systemd[1]: Listening on Network Service Netlink Socket.
[[0;32m  OK  [0m] Listening on Network Service Netlink Socket.
[   15.271138] systemd[1]: Listening on Journal Socket.
[[0;32m  OK  [0m] Listening on Journal Socket.
         Mounting Huge Pages File System...
         Starting Load Kernel Modules...
         Starting Uncomplicated firewall...
         Mounting Kernel Debug File System...
[[0;32m  OK  [0m] Listening on Journal Audit Socket.
[   15.324541] Loading iSCSI transport class v2.0-870.
[[0;32m  OK  [0m] Listening on fsck to fsckd communication Socket.
         Starting File System Check on Root Device...
[[0;32m  OK  [0m] Reached target Swap.
[   15.353989] iscsi: registered transport (tcp)
         Mounting POSIX Message Queue File System...
[[0;32m  OK  [0m] Set up automount Arbitrary Executab…rmats File System Automount Point.
[[0;32m  OK  [0m] Created slice system-serial\x2dgetty.slice.
[[0;32m  OK  [0m] Listening on Device-mapper event daemon FIFOs.
[[0;32m  OK  [0m] Listening on Syslog Socket.
[[0;32m  OK  [0m] Reached target User and Group Name Lookups.
[[0;32m  OK  [0m] Listening on LVM2 metadata daemon socket.
[   15.421101] iscsi: registered transport (iser)
[[0;32m  OK  [0m] Reached target System Time Synchronized.
         Starting Create list of required st…ce nodes for the current kernel...
         Starting Monitoring of LVM2 mirrors…ng dmeventd or progress polling...
[[0;32m  OK  [0m] Started Forward Password Requests to Wall Directory Watch.
[[0;32m  OK  [0m] Reached target Mounting snaps.
         Starting Set the console keyboard layout...
[[0;32m  OK  [0m] Listening on Journal Socket (/dev/log).
         Starting Journal Service...
[[0;32m  OK  [0m] Listening on LVM2 poll daemon socket.
[[0;32m  OK  [0m] Reached target Mounted snaps.
[[0;32m  OK  [0m] Created slice User and Session Slice.
[[0;32m  OK  [0m] Reached target Slices.
[[0;32m  OK  [0m] Listening on udev Kernel Socket.
[[0;32m  OK  [0m] Listening on udev Control Socket.
         Starting udev Coldplug all Devices...
[[0;32m  OK  [0m] Mounted Huge Pages File System.
[[0;32m  OK  [0m] Started Load Kernel Modules.
[[0;32m  OK  [0m] Started Journal Service.
[[0;32m  OK  [0m] Started Uncomplicated firewall.
[[0;32m  OK  [0m] Mounted Kernel Debug File System.
[[0;32m  OK  [0m] Started File System Check on Root Device.
[[0;32m  OK  [0m] Mounted POSIX Message Queue File System.
[[0;32m  OK  [0m] Started Create list of required sta…vice nodes for the current kernel.
[[0;32m  OK  [0m] Started File System Check Daemon to report status.
[[0;32m  OK  [0m] Started LVM2 metadata daemon.
         Starting Create Static Device Nodes in /dev...
         Starting Remount Root and Kernel File Systems...
         Mounting FUSE Control File System...
         Mounting Kernel Configuration File System...
         Starting Apply Kernel Variables...
[[0;32m  OK  [0m] Mounted FUSE Control File System.
[[0;32m  OK  [0m] Mounted Kernel Configuration File System.
[[0;32m  OK  [0m] Started udev Coldplug all Devices.
[[0;32m  OK  [0m] Started Create Static Device Nodes in /dev.
[[0;32m  OK  [0m] Started Remount Root and Kernel File Systems.
         Starting Load/Save Random Seed...
         Starting Flush Journal to Persistent Storage...
         Starting udev Kernel Device Manager...
[[0;32m  OK  [0m] Started Monitoring of LVM2 mirrors,…sing dmeventd or progress polling.
[[0;32m  OK  [0m] Started Apply Kernel Variables.
[[0;32m  OK  [0m] Started Load/Save Random Seed.
[[0;32m  OK  [0m] Started udev Kernel Device Manager.
[[0;32m  OK  [0m] Started Flush Journal to Persistent Storage.
[[0;32m  OK  [0m] Found device /dev/ttyS0.
[[0;32m  OK  [0m] Listening on Load/Save RF Kill Switch Status /dev/rfkill Watch.
[[0;32m  OK  [0m] Started Set the console keyboard layout.
         Mounting Arbitrary Executable File Formats File System...
[[0;32m  OK  [0m] Reached target Local File Systems (Pre).
[[0;32m  OK  [0m] Reached target Local File Systems.
         Starting AppArmor initialization...
         Starting Create Volatile Files and Directories...
         Starting ebtables ruleset management...
         Starting Tell Plymouth To Write Out Runtime Data...
         Starting Set console font and keymap...
         Starting Commit a transient machine-id on disk...
[[0;32m  OK  [0m] Started Dispatch Password Requests to Console Directory Watch.
[[0;32m  OK  [0m] Reached target Local Encrypted Volumes.
[[0;32m  OK  [0m] Mounted Arbitrary Executable File Formats File System.
[[0;32m  OK  [0m] Started Create Volatile Files and Directories.
         Starting Update UTMP about System Boot/Shutdown...
[[0;32m  OK  [0m] Started Tell Plymouth To Write Out Runtime Data.
[[0;32m  OK  [0m] Started Update UTMP about System Boot/Shutdown.
[[0;32m  OK  [0m] Started Commit a transient machine-id on disk.
[[0;32m  OK  [0m] Started ebtables ruleset management.
[[0;32m  OK  [0m] Started AppArmor initialization.
         Starting Load AppArmor profiles managed internally by snapd...
         Starting Initial cloud-init job (pre-networking)...
[[0;32m  OK  [0m] Started Load AppArmor profiles managed internally by snapd.
[[0;32m  OK  [0m] Started Set console font and keymap.
[   20.665436] cloud-init[759]: Cloud-init v. 23.1.2-0ubuntu0~18.04.1 running 'init-local' at Wed, 22 May 2024 00:56:57 +0000. Up 20.17 seconds.
[[0;32m  OK  [0m] Started Initial cloud-init job (pre-networking).
[[0;32m  OK  [0m] Reached target Network (Pre).
         Starting Network Service...
[[0;32m  OK  [0m] Started Network Service.
         Starting Network Name Resolution...
         Starting Wait for Network to be Configured...
[[0;32m  OK  [0m] Started Network Name Resolution.
[[0;32m  OK  [0m] Reached target Network.
[[0;32m  OK  [0m] Reached target Host and Network Name Lookups.
[[0;32m  OK  [0m] Started Wait for Network to be Configured.
         Starting Initial cloud-init job (metadata service crawler)...
[   23.175556] cloud-init[918]: Cloud-init v. 23.1.2-0ubuntu0~18.04.1 running 'init' at Wed, 22 May 2024 00:57:00 +0000. Up 23.02 seconds.
[   23.187753] cloud-init[918]: ci-info: ++++++++++++++++++++++++++++++++++++++Net device info++++++++++++++++++++++++++++++++++++++
[   23.198482] cloud-init[918]: ci-info: +--------+------+----------------------------+---------------+--------+-------------------+
[   23.208134] cloud-init[918]: ci-info: | Device |  Up  |          Address           |      Mask     | Scope  |     Hw-Address    |
[   23.219000] cloud-init[918]: ci-info: +--------+------+----------------------------+---------------+--------+-------------------+
[   23.230145] cloud-init[918]: ci-info: | enp0s3 | True |         10.0.2.15          | 255.255.255.0 | global | 02:3b:7b:b7:3b:2d |
[   23.241664] cloud-init[918]: ci-info: | enp0s3 | True | fe80::3b:7bff:feb7:3b2d/64 |       .       |  link  | 02:3b:7b:b7:3b:2d |
[   23.252127] cloud-init[918]: ci-info: |   lo   | True |         127.0.0.1          |   255.0.0.0   |  host  |         .         |
[   23.263423] cloud-init[918]: ci-info: |   lo   | True |          ::1/128           |       .       |  host  |         .         |
[   23.273510] cloud-init[918]: ci-info: +--------+------+----------------------------+---------------+--------+-------------------+
[   23.283389] cloud-init[918]: ci-info: ++++++++++++++++++++++++++++Route IPv4 info+++++++++++++++++++++++++++++
[   23.292760] cloud-init[918]: ci-info: +-------+-------------+----------+-----------------+-----------+-------+
[   23.301433] cloud-init[918]: ci-info: | Route | Destination | Gateway  |     Genmask     | Interface | Flags |
[   23.309457] cloud-init[918]: ci-info: +-------+-------------+----------+-----------------+-----------+-------+
[   23.319291] cloud-init[918]: ci-info: |   0   |   0.0.0.0   | 10.0.2.2 |     0.0.0.0     |   enp0s3  |   UG  |
[   23.326752] cloud-init[918]: ci-info: |   1   |   10.0.2.0  | 0.0.0.0  |  255.255.255.0  |   enp0s3  |   U   |
[   23.331820] cloud-init[918]: ci-info: |   2   |   10.0.2.2  | 0.0.0.0  | 255.255.255.255 |   enp0s3  |   UH  |
[   23.337325] cloud-init[918]: ci-info: +-------+-------------+----------+-----------------+-----------+-------+
[   23.341770] cloud-init[918]: ci-info: +++++++++++++++++++Route IPv6 info+++++++++++++++++++
[   23.346208] cloud-init[918]: ci-info: +-------+-------------+---------+-----------+-------+
[   23.354011] cloud-init[918]: ci-info: | Route | Destination | Gateway | Interface | Flags |
[   23.361874] cloud-init[918]: ci-info: +-------+-------------+---------+-----------+-------+
[   23.370961] cloud-init[918]: ci-info: |   1   |  fe80::/64  |    ::   |   enp0s3  |   U   |
[   23.379622] cloud-init[918]: ci-info: |   3   |    local    |    ::   |   enp0s3  |   U   |
[   23.390364] cloud-init[918]: ci-info: |   4   |   ff00::/8  |    ::   |   enp0s3  |   U   |
[   23.398503] cloud-init[918]: ci-info: +-------+-------------+---------+-----------+-------+
[   24.621045] cloud-init[918]: Generating public/private rsa key pair.
[   24.624024] cloud-init[918]: Your identification has been saved in /etc/ssh/ssh_host_rsa_key.
[   24.628949] cloud-init[918]: Your public key has been saved in /etc/ssh/ssh_host_rsa_key.pub.
[   24.632843] cloud-init[918]: The key fingerprint is:
[   24.635733] cloud-init[918]: SHA256:Q+/SQD9afT/By9wQkqLB+8JOe4aDo5Tzo0A6Ha9tmgg root@ubuntu-bionic
[   24.640106] cloud-init[918]: The key's randomart image is:
[   24.645270] cloud-init[918]: +---[RSA 2048]----+
[   24.648654] cloud-init[918]: |                 |
[   24.651028] cloud-init[918]: |       .     .   |
[   24.653783] cloud-init[918]: |        = . o .  |
[   24.656771] cloud-init[918]: |       o * o ... |
[   24.659286] cloud-init[918]: |  o     S = . oo |
[   24.661933] cloud-init[918]: | + o . . O . .oo+|
[   24.664951] cloud-init[918]: |E o =  .*.+    =o|
[   24.667211] cloud-init[918]: |.o *.o+oo+o     .|
[   24.669782] cloud-init[918]: |. +o+o.oo+       |
[   24.672126] cloud-init[918]: +----[SHA256]-----+
[   24.675097] cloud-init[918]: Generating public/private dsa key pair.
[   24.678524] cloud-init[918]: Your identification has been saved in /etc/ssh/ssh_host_dsa_key.
[   24.682675] cloud-init[918]: Your public key has been saved in /etc/ssh/ssh_host_dsa_key.pub.
[   24.686792] cloud-init[918]: The key fingerprint is:
[   24.689529] cloud-init[918]: SHA256:nIJiotL/LpxR9IhFbh2kqA8mVN5yDfczz4wlmpANsko root@ubuntu-bionic
[   24.694267] cloud-init[918]: The key's randomart image is:
[   24.697891] cloud-init[918]: +---[DSA 1024]----+
[   24.701478] cloud-init[918]: |   o +.oo        |
[   24.704650] cloud-init[918]: |  o +oXo..       |
[   24.706987] cloud-init[918]: | E +.O+=.= .     |
[   24.709261] cloud-init[918]: |o ..+o+.+.X      |
[   24.712610] cloud-init[918]: |o.* ...oS. +     |
[   24.715168] cloud-init[918]: |.* +.  .         |
[   24.718177] cloud-init[918]: |o ...o           |
[   24.720859] cloud-init[918]: |.  .+            |
[   24.723110] cloud-init[918]: |    .+o          |
[   24.725640] cloud-init[918]: +----[SHA256]-----+
[   24.728679] cloud-init[918]: Generating public/private ecdsa key pair.
[   24.732566] cloud-init[918]: Your identification has been saved in /etc/ssh/ssh_host_ecdsa_key.
[   24.737288] cloud-init[918]: Your public key has been saved in /etc/ssh/ssh_host_ecdsa_key.pub.
[   24.741153] cloud-init[918]: The key fingerprint is:
[   24.743684] cloud-init[918]: SHA256:mQqCvPObOnvUlYYMhECPOm+BJyVghD5KggioC2qpbok root@ubuntu-bionic
[   24.748718] cloud-init[918]: The key's randomart image is:
[   24.751470] cloud-init[918]: +---[ECDSA 256]---+
[   24.754414] cloud-init[918]: |O+o.             |
[   24.756886] cloud-init[918]: |*.o.             |
[   24.759382] cloud-init[918]: |B...o . .        |
[   24.761967] cloud-init[918]: |OO   o + o       |
[   24.764635] cloud-init[918]: |%o* o o S        |
[   24.778128] cloud-init[918]: |+B.+ o .         |
[   24.780547] cloud-init[918]: |+o=   .          |
[   24.782745] cloud-init[918]: |E=o..            |
[   24.785806] cloud-init[918]: |o+=+.            |
[   24.788817] cloud-init[918]: +----[SHA256]-----+
[   24.791205] cloud-init[918]: Generating public/private ed25519 key pair.
[   24.795702] cloud-init[918]: Your identification has been saved in /etc/ssh/ssh_host_ed25519_key.
[   24.800590] cloud-init[918]: Your public key has been saved in /etc/ssh/ssh_host_ed25519_key.pub.
[   24.805494] cloud-init[918]: The key fingerprint is:
[   24.807846] cloud-init[918]: SHA256:3EWaJ6YAPYs6uw3bn1qG0e3rRfBw3ESVmF8vLl6xADk root@ubuntu-bionic
[   24.812689] cloud-init[918]: The key's randomart image is:
[   24.815134] cloud-init[918]: +--[ED25519 256]--+
[   24.817377] cloud-init[918]: |    ..     o++.. |
[   24.820616] cloud-init[918]: |     .o  .E*o . .|
[   24.822808] cloud-init[918]: |     ..oo Bo+. ..|
[   24.825018] cloud-init[918]: |    ...+ O +. + .|
[   24.827168] cloud-init[918]: |   .. . S +  o + |
[   24.829849] cloud-init[918]: |  o  o . .  . +  |
[   24.833286] cloud-init[918]: |  .o. o . .. o   |
[   24.835641] cloud-init[918]: |  .= o . o  .    |
[   24.838996] cloud-init[918]: |  o.+oo.o        |
[   24.841643] cloud-init[918]: +----[SHA256]-----+
[[0;32m  OK  [0m] Started Initial cloud-init job (metadata service crawler).
[[0;32m  OK  [0m] Reached target Network is Online.
[[0;32m  OK  [0m] Reached target Remote File Systems (Pre).
[[0;32m  OK  [0m] Reached target Remote File Systems.
         Starting Availability of block devices...
[[0;32m  OK  [0m] Reached target System Initialization.
[[0;32m  OK  [0m] Started Message of the Day.
[[0;32m  OK  [0m] Started Daily apt download activities.
[[0;32m  OK  [0m] Started ACPI Events Check.
         Starting Socket activation for snappy daemon.
[[0;32m  OK  [0m] Started Daily apt upgrade and clean activities.
[[0;32m  OK  [0m] Listening on D-Bus System Message Bus Socket.
[[0;32m  OK  [0m] Reached target Paths.
[[0;32m  OK  [0m] Started Ubuntu Advantage Timer for running repeated jobs.
[[0;32m  OK  [0m] Started Daily Cleanup of Temporary Directories.
[[0;32m  OK  [0m] Listening on ACPID Listen Socket.
[[0;32m  OK  [0m] Listening on UUID daemon activation socket.
[[0;32m  OK  [0m] Listening on Open-iSCSI iscsid Socket.
         Starting LXD - unix socket.
[[0;32m  OK  [0m] Listening on cloud-init hotplug hook socket.
[[0;32m  OK  [0m] Started Discard unused blocks once a week.
[[0;32m  OK  [0m] Reached target Timers.
[[0;32m  OK  [0m] Reached target Cloud-config availability.
[[0;32m  OK  [0m] Started Availability of block devices.
[[0;32m  OK  [0m] Listening on Socket activation for snappy daemon.
[[0;32m  OK  [0m] Listening on LXD - unix socket.
[[0;32m  OK  [0m] Reached target Sockets.
[[0;32m  OK  [0m] Reached target Basic System.
         Starting LSB: automatic crash report generation...
[[0;32m  OK  [0m] Started irqbalance daemon.
         Starting System Logging Service...
         Starting Permit User Sessions...
[[0;32m  OK  [0m] Started Deferred execution scheduler.
[[0;32m  OK  [0m] Started FUSE filesystem for LXC.
[[0;32m  OK  [0m] Started Regular background program processing daemon.
         Starting LSB: Record successful boot for GRUB...
[[0;32m  OK  [0m] Reached target Login Prompts (Pre).
         Starting Snap Daemon...
         Starting Login Service...
         Starting Accounts Service...
         Starting Pollinate to seed the pseudo random number generator...
         Starting LXD - container startup/shutdown...
         Starting Dispatcher daemon for systemd-networkd...
         Starting Virtualbox guest utils...
[[0;32m  OK  [0m] Started D-Bus System Message Bus.
[[0;32m  OK  [0m] Started Login Service.
[[0;32m  OK  [0m] Started Unattended Upgrades Shutdown.
[[0;32m  OK  [0m] Started System Logging Service.
[[0;32m  OK  [0m] Started Permit User Sessions.
         Starting Hold until boot process finishes up...
         Starting Terminate Plymouth Boot Screen...
[[0;32m  OK  [0m] Started Terminate Plymouth Boot Screen.
[[0;32m  OK  [0m] Started Hold until boot process finishes up.
[[0;32m  OK  [0m] Started Serial Getty on ttyS0.
         Starting Set console scheme...
[[0;32m  OK  [0m] Started LSB: automatic crash report generation.
[[0;32m  OK  [0m] Started Set console scheme.
[[0;32m  OK  [0m] Created slice system-getty.slice.
[[0;32m  OK  [0m] Started Getty on tty1.
[[0;32m  OK  [0m] Reached target Login Prompts.
         Starting Authorization Manager...
[[0;32m  OK  [0m] Started LSB: Record successful boot for GRUB.
[[0;32m  OK  [0m] Started Virtualbox guest utils.
[[0;32m  OK  [0m] Started Authorization Manager.
[[0;32m  OK  [0m] Started Accounts Service.
[[0;32m  OK  [0m] Started LXD - container startup/shutdown.
[[0;32m  OK  [0m] Started Dispatcher daemon for systemd-networkd.
[[0;32m  OK  [0m] Started Snap Daemon.
         Starting Wait until snapd is fully seeded...
[[0;32m  OK  [0m] Started Pollinate to seed the pseudo random number generator.
         Starting OpenBSD Secure Shell server...
[[0;32m  OK  [0m] Started OpenBSD Secure Shell server.
         Starting Time & Date Service...
[[0;32m  OK  [0m] Started Time & Date Service.
[[0;32m  OK  [0m] Started Wait until snapd is fully seeded.
         Starting Apply the settings specified in cloud-config...
[   29.062744] cloud-init[1442]: Cloud-init v. 23.1.2-0ubuntu0~18.04.1 running 'modules:config' at Wed, 22 May 2024 00:57:05 +0000. Up 28.38 seconds.
[[0;32m  OK  [0m] Started Apply the settings specified in cloud-config.
[[0;32m  OK  [0m] Reached target Multi-User System.
         Starting Execute cloud user/final scripts...
[[0;32m  OK  [0m] Reached target Graphical Interface.
         Starting Update UTMP about System Runlevel Changes...
[[0;32m  OK  [0m] Started Update UTMP about System Runlevel Changes.
ci-info: no authorized SSH keys fingerprints found for user ubuntu.
<14>May 22 00:57:06 cloud-init: #############################################################
<14>May 22 00:57:06 cloud-init: -----BEGIN SSH HOST KEY FINGERPRINTS-----
<14>May 22 00:57:06 cloud-init: 1024 SHA256:nIJiotL/LpxR9IhFbh2kqA8mVN5yDfczz4wlmpANsko root@ubuntu-bionic (DSA)
<14>May 22 00:57:06 cloud-init: 256 SHA256:mQqCvPObOnvUlYYMhECPOm+BJyVghD5KggioC2qpbok root@ubuntu-bionic (ECDSA)
<14>May 22 00:57:06 cloud-init: 256 SHA256:3EWaJ6YAPYs6uw3bn1qG0e3rRfBw3ESVmF8vLl6xADk root@ubuntu-bionic (ED25519)
<14>May 22 00:57:06 cloud-init: 2048 SHA256:Q+/SQD9afT/By9wQkqLB+8JOe4aDo5Tzo0A6Ha9tmgg root@ubuntu-bionic (RSA)
<14>May 22 00:57:06 cloud-init: -----END SSH HOST KEY FINGERPRINTS-----
<14>May 22 00:57:06 cloud-init: #############################################################
-----BEGIN SSH HOST KEY KEYS-----
ecdsa-sha2-nistp256 AAAAE2VjZHNhLXNoYTItbmlzdHAyNTYAAAAIbmlzdHAyNTYAAABBBNmeAhs4WPrnaGrymMA48X5yG5yIX6yg0vZ+xZADUukP9fzrEg7ZvutSqqPh5+Mco0/1wyi3m7g8vGxQxBo43Rs= root@ubuntu-bionic
ssh-ed25519 AAAAC3NzaC1lZDI1NTE5AAAAIDzL/Gtl8G+eF70RETT8kHXsSfciRGle+FqDv3yvswau root@ubuntu-bionic
ssh-rsa AAAAB3NzaC1yc2EAAAADAQABAAABAQC0ZbCiwxsDGILblBQvlMonVCvzqfOCvdLXOn3YSWCUG/7QWAH9BLAlyo4ej4wYxlHC1wEfChaPfQeYK9SbJu2WLhlVOGRIy+a6j37feDgE/zjEMx8eCrFq0EhqrouYeuR/IQ66xUZf7lW7TmbDD9SHAbrhRThfo+caSoEAIQNZFoRuyb0rSK+I0t5VKRN3lTpmDStzElw3yI1Lhgr5YMoEAJ//ade/BYn3mcJTQD7hBna4l979HEJUtscAvQEnbgBataRdN80GjCOeDSBC89HwKuF7Oj8c9YW/feZPsUxWT5fN8Q7nzM3dh6/2pfqIYaGvAoUoBJOIC/tUtyHHCNDX root@ubuntu-bionic
-----END SSH HOST KEY KEYS-----
[   29.910290] cloud-init[1481]: Cloud-init v. 23.1.2-0ubuntu0~18.04.1 running 'modules:final' at Wed, 22 May 2024 00:57:06 +0000. Up 29.59 seconds.
[   29.915826] cloud-init[1481]: Cloud-init v. 23.1.2-0ubuntu0~18.04.1 finished at Wed, 22 May 2024 00:57:06 +0000. Datasource DataSourceNoCloud [seed=/dev/sdb][dsmode=net].  Up 29.90 seconds
[[0;32m  OK  [0m] Started Execute cloud user/final scripts.
[[0;32m  OK  [0m] Reached target Cloud-init target.

Ubuntu 18.04.6 LTS ubuntu-bionic ttyS0

ubuntu-bionic login: 