[    0.000000] Linux version 4.15.0-212-generic (buildd@lcy02-amd64-083) (gcc version 7.5.0 (Ubuntu 7.5.0-3ubuntu1~18.04)) #223-Ubuntu SMP Tue May 23 13:09:22 UTC 2023 (Ubuntu 4.15.0-212.223-generic 4.15.18)
[    0.000000] Command line: BOOT_IMAGE=/boot/vmlinuz-4.15.0-212-generic root=LABEL=cloudimg-rootfs ro console=tty1 console=ttyS0
[    0.000000] KERNEL supported cpus:
[    0.000000]   Intel GenuineIntel
[    0.000000]   AMD AuthenticAMD
[    0.000000]   Centaur CentaurHauls
[    0.000000] [Firmware Bug]: TSC doesn't count with P0 frequency!
[    0.000000] x86/fpu: x87 FPU will use FXSAVE
[    0.000000] e820: BIOS-provided physical RAM map:
[    0.000000] BIOS-e820: [mem 0x0000000000000000-0x000000000009fbff] usable
[    0.000000] BIOS-e820: [mem 0x000000000009fc00-0x000000000009ffff] reserved
[    0.000000] BIOS-e820: [mem 0x00000000000f0000-0x00000000000fffff] reserved
[    0.000000] BIOS-e820: [mem 0x0000000000100000-0x0000000081feffff] usable
[    0.000000] BIOS-e820: [mem 0x0000000081ff0000-0x0000000081ffffff] ACPI data
[    0.000000] BIOS-e820: [mem 0x00000000fec00000-0x00000000fec00fff] reserved
[    0.000000] BIOS-e820: [mem 0x00000000fee00000-0x00000000fee00fff] reserved
[    0.000000] BIOS-e820: [mem 0x00000000fffc0000-0x00000000ffffffff] reserved
[    0.000000] NX (Execute Disable) protection: active
[    0.000000] SMBIOS 2.5 present.
[    0.000000] DMI: innotek GmbH VirtualBox/VirtualBox, BIOS VirtualBox 12/01/2006
[    0.000000] Hypervisor detected: KVM
[    0.000000] e820: last_pfn = 0x81ff0 max_arch_pfn = 0x400000000
[    0.000000] MTRR: Disabled
[    0.000000] x86/PAT: MTRRs disabled, skipping PAT initialization too.
[    0.000000] CPU MTRRs all blank - virtualized system.
[    0.000000] x86/PAT: Configuration [0-7]: WB  WT  UC- UC  WB  WT  UC- UC  
[    0.000000] found SMP MP-table at [mem 0x0009fff0-0x0009ffff]
[    0.000000] Scanning 1 areas for low memory corruption
[    0.000000] RAMDISK: [mem 0x359cb000-0x36cdcfff]
[    0.000000] ACPI: Early table checksum verification disabled
[    0.000000] ACPI: RSDP 0x00000000000E0000 000024 (v02 VBOX  )
[    0.000000] ACPI: XSDT 0x0000000081FF0030 00003C (v01 VBOX   VBOXXSDT 00000001 ASL  00000061)
[    0.000000] ACPI: FACP 0x0000000081FF00F0 0000F4 (v04 VBOX   VBOXFACP 00000001 ASL  00000061)
[    0.000000] ACPI: DSDT 0x0000000081FF0610 002353 (v02 VBOX   VBOXBIOS 00000002 INTL 20100528)
[    0.000000] ACPI: FACS 0x0000000081FF0200 000040
[    0.000000] ACPI: FACS 0x0000000081FF0200 000040
[    0.000000] ACPI: APIC 0x0000000081FF0240 00005C (v02 VBOX   VBOXAPIC 00000001 ASL  00000061)
[    0.000000] ACPI: SSDT 0x0000000081FF02A0 00036C (v01 VBOX   VBOXCPUT 00000002 INTL 20100528)
[    0.000000] ACPI: Reserving FACP table memory at [mem 0x81ff00f0-0x81ff01e3]
[    0.000000] ACPI: Reserving DSDT table memory at [mem 0x81ff0610-0x81ff2962]
[    0.000000] ACPI: Reserving FACS table memory at [mem 0x81ff0200-0x81ff023f]
[    0.000000] ACPI: Reserving FACS table memory at [mem 0x81ff0200-0x81ff023f]
[    0.000000] ACPI: Reserving APIC table memory at [mem 0x81ff0240-0x81ff029b]
[    0.000000] ACPI: Reserving SSDT table memory at [mem 0x81ff02a0-0x81ff060b]
[    0.000000] No NUMA configuration found
[    0.000000] Faking a node at [mem 0x0000000000000000-0x0000000081feffff]
[    0.000000] NODE_DATA(0) allocated [mem 0x81fc5000-0x81feffff]
[    0.000000] kvm-clock: cpu 0, msr 0:81f44001, primary cpu clock
[    0.000000] kvm-clock: Using msrs 4b564d01 and 4b564d00
[    0.000000] kvm-clock: using sched offset of 5357787161 cycles
[    0.000000] clocksource: kvm-clock: mask: 0xffffffffffffffff max_cycles: 0x1cd42e4dffb, max_idle_ns: 881590591483 ns
[    0.000000] Zone ranges:
[    0.000000]   DMA      [mem 0x0000000000001000-0x0000000000ffffff]
[    0.000000]   DMA32    [mem 0x0000000001000000-0x0000000081feffff]
[    0.000000]   Normal   empty
[    0.000000]   Device   empty
[    0.000000] Movable zone start for each node
[    0.000000] Early memory node ranges
[    0.000000]   node   0: [mem 0x0000000000001000-0x000000000009efff]
[    0.000000]   node   0: [mem 0x0000000000100000-0x0000000081feffff]
[    0.000000] Reserved but unavailable: 104 pages
[    0.000000] Initmem setup node 0 [mem 0x0000000000001000-0x0000000081feffff]
[    0.000000] ACPI: PM-Timer IO Port: 0x4008
[    0.000000] IOAPIC[0]: apic_id 2, version 32, address 0xfec00000, GSI 0-23
[    0.000000] ACPI: INT_SRC_OVR (bus 0 bus_irq 0 global_irq 2 dfl dfl)
[    0.000000] ACPI: INT_SRC_OVR (bus 0 bus_irq 9 global_irq 9 low level)
[    0.000000] Using ACPI (MADT) for SMP configuration information
[    0.000000] smpboot: Allowing 2 CPUs, 0 hotplug CPUs
[    0.000000] PM: Registered nosave memory: [mem 0x00000000-0x00000fff]
[    0.000000] PM: Registered nosave memory: [mem 0x0009f000-0x0009ffff]
[    0.000000] PM: Registered nosave memory: [mem 0x000a0000-0x000effff]
[    0.000000] PM: Registered nosave memory: [mem 0x000f0000-0x000fffff]
[    0.000000] e820: [mem 0x82000000-0xfebfffff] available for PCI devices
[    0.000000] Booting paravirtualized kernel on KVM
[    0.000000] clocksource: refined-jiffies: mask: 0xffffffff max_cycles: 0xffffffff, max_idle_ns: 7645519600211568 ns
[    0.000000] setup_percpu: NR_CPUS:8192 nr_cpumask_bits:2 nr_cpu_ids:2 nr_node_ids:1
[    0.000000] percpu: Embedded 50 pages/cpu s167936 r8192 d28672 u1048576
[    0.000000] PV qspinlock hash table entries: 256 (order: 0, 4096 bytes)
[    0.000000] Built 1 zonelists, mobility grouping on.  Total pages: 524025
[    0.000000] Policy zone: DMA32
[    0.000000] Kernel command line: BOOT_IMAGE=/boot/vmlinuz-4.15.0-212-generic root=LABEL=cloudimg-rootfs ro console=tty1 console=ttyS0
[    0.000000] Memory: 2045556K/2129464K available (12300K kernel code, 2477K rwdata, 4324K rodata, 2480K init, 2720K bss, 83908K reserved, 0K cma-reserved)
[    0.000000] SLUB: HWalign=64, Order=0-3, MinObjects=0, CPUs=2, Nodes=1
[    0.000000] ftrace: allocating 39508 entries in 155 pages
[    0.004000] Hierarchical RCU implementation.
[    0.004000] 	RCU restricting CPUs from NR_CPUS=8192 to nr_cpu_ids=2.
[    0.004000] 	Tasks RCU enabled.
[    0.004000] RCU: Adjusting geometry for rcu_fanout_leaf=16, nr_cpu_ids=2
[    0.004000] NR_IRQS: 524544, nr_irqs: 440, preallocated irqs: 16
[    0.004000] random: crng init done
[    0.004000] Console: colour VGA+ 80x25
[    0.004000] console [tty1] enabled
[    0.004000] console [ttyS0] enabled
[    0.004000] ACPI: Core revision 20170831
[    0.004000] ACPI: 2 ACPI AML tables successfully acquired and loaded
[    0.004000] APIC: Switch to symmetric I/O mode setup
[    0.004000] ..TIMER: vector=0x30 apic1=0 pin1=2 apic2=-1 pin2=-1
[    0.004010] tsc: Detected 1796.568 MHz processor
[    0.008012] Calibrating delay loop (skipped) preset value.. 3593.13 BogoMIPS (lpj=7186272)
[    0.012011] pid_max: default: 32768 minimum: 301
[    0.016139] Security Framework initialized
[    0.020010] Yama: becoming mindful.
[    0.024201] AppArmor: AppArmor initialized
[    0.045607] Dentry cache hash table entries: 262144 (order: 9, 2097152 bytes)
[    0.058644] Inode-cache hash table entries: 131072 (order: 8, 1048576 bytes)
[    0.060300] Mount-cache hash table entries: 4096 (order: 3, 32768 bytes)
[    0.068018] Mountpoint-cache hash table entries: 4096 (order: 3, 32768 bytes)
[    0.077289] Last level iTLB entries: 4KB 1024, 2MB 1024, 4MB 512
[    0.080011] Last level dTLB entries: 4KB 2048, 2MB 2048, 4MB 1024, 1GB 0
[    0.084009] Spectre V1 : Mitigation: usercopy/swapgs barriers and __user pointer sanitization
[    0.088011] Spectre V2 : Mitigation: Retpolines
[    0.092007] Spectre V2 : Spectre v2 / SpectreRSB mitigation: Filling RSB on context switch
[    0.096008] Spectre V2 : Spectre v2 / SpectreRSB : Filling RSB on VMEXIT
[    0.100009] RETBleed: Vulnerable
[    0.104320] Freeing SMP alternatives memory: 36K
[    0.224000] smpboot: CPU0: AMD Ryzen 7 5700U with Radeon Graphics (family: 0x17, model: 0x68, stepping: 0x1)
[    0.224000] Performance Events: PMU not available due to virtualization, using software events only.
[    0.224000] Hierarchical SRCU implementation.
[    0.224000] NMI watchdog: Perf event create on CPU 0 failed with -2
[    0.224009] NMI watchdog: Perf NMI watchdog permanently disabled
[    0.232293] smp: Bringing up secondary CPUs ...
[    0.238333] x86: Booting SMP configuration:
[    0.240011] .... node  #0, CPUs:      #1
[    0.004000] kvm-clock: cpu 1, msr 0:81f44041, secondary cpu clock
[    0.266601] TSC synchronization [CPU#0 -> CPU#1]:
[    0.268000] Measured 87823 cycles TSC warp between CPUs, turning off TSC clock.
[    0.268000] tsc: Marking TSC unstable due to check_tsc_sync_source failed
[    0.272787] smp: Brought up 1 node, 2 CPUs
[    0.276016] smpboot: Max logical packages: 1
[    0.280014] smpboot: Total of 2 processors activated (7186.27 BogoMIPS)
[    0.288541] devtmpfs: initialized
[    0.296921] x86/mm: Memory block size: 128MB
[    0.313298] evm: security.selinux
[    0.324007] evm: security.SMACK64
[    0.332010] evm: security.SMACK64EXEC
[    0.344011] evm: security.SMACK64TRANSMUTE
[    0.360012] evm: security.SMACK64MMAP
[    0.372007] evm: security.apparmor
[    0.380006] evm: security.ima
[    0.392007] evm: security.capability
[    0.404653] clocksource: jiffies: mask: 0xffffffff max_cycles: 0xffffffff, max_idle_ns: 7645041785100000 ns
[    0.408026] futex hash table entries: 512 (order: 3, 32768 bytes)
[    0.412339] pinctrl core: initialized pinctrl subsystem
[    0.417290] RTC time: 14:40:11, date: 06/21/24
[    0.425398] NET: Registered protocol family 16
[    0.428312] audit: initializing netlink subsys (disabled)
[    0.436694] audit: type=2000 audit(1718980816.508:1): state=initialized audit_enabled=0 res=1
[    0.460266] cpuidle: using governor ladder
[    0.472515] cpuidle: using governor menu
[    0.482545] ACPI: bus type PCI registered
[    0.484018] acpiphp: ACPI Hot Plug PCI Controller Driver version: 0.5
[    0.489303] PCI: Using configuration type 1 for base access
[    0.492009] PCI: Using configuration type 1 for extended access
[    0.504307] HugeTLB registered 2.00 MiB page size, pre-allocated 0 pages
[    0.512946] ACPI: Added _OSI(Module Device)
[    0.516265] ACPI: Added _OSI(Processor Device)
[    0.520023] ACPI: Added _OSI(3.0 _SCP Extensions)
[    0.524011] ACPI: Added _OSI(Processor Aggregator Device)
[    0.528016] ACPI: Added _OSI(Linux-Dell-Video)
[    0.532014] ACPI: Added _OSI(Linux-Lenovo-NV-HDMI-Audio)
[    0.536022] ACPI: Added _OSI(Linux-HPI-Hybrid-Graphics)
[    0.541636] ACPI: Executed 1 blocks of module-level executable AML code
[    0.551665] ACPI: Interpreter enabled
[    0.552046] ACPI: (supports S0 S5)
[    0.556010] ACPI: Using IOAPIC for interrupt routing
[    0.560871] PCI: Using host bridge windows from ACPI; if necessary, use "pci=nocrs" and report a bug
[    0.564574] ACPI: Enabled 2 GPEs in block 00 to 07
[    0.591113] ACPI: PCI Root Bridge [PCI0] (domain 0000 [bus 00-ff])
[    0.592027] acpi PNP0A03:00: _OSC: OS supports [ExtendedConfig ASPM ClockPM Segments MSI]
[    0.600545] acpi PNP0A03:00: _OSC: platform does not support [PCIeCapability]
[    0.605378] acpi PNP0A03:00: _OSC: not requesting control; platform does not support [PCIeCapability]
[    0.608013] acpi PNP0A03:00: _OSC: OS requested [PCIeHotplug PME AER PCIeCapability]
[    0.612015] acpi PNP0A03:00: _OSC: platform willing to grant [PCIeHotplug PME AER]
[    0.616013] acpi PNP0A03:00: _OSC failed (AE_SUPPORT); disabling ASPM
[    0.621283] PCI host bridge to bus 0000:00
[    0.624013] pci_bus 0000:00: root bus resource [io  0x0000-0x0cf7 window]
[    0.628216] pci_bus 0000:00: root bus resource [io  0x0d00-0xffff window]
[    0.632015] pci_bus 0000:00: root bus resource [mem 0x000a0000-0x000bffff window]
[    0.636019] pci_bus 0000:00: root bus resource [mem 0x82000000-0xfdffffff window]
[    0.640019] pci_bus 0000:00: root bus resource [bus 00-ff]
[    0.657496] pci 0000:00:01.1: legacy IDE quirk: reg 0x10: [io  0x01f0-0x01f7]
[    0.660012] pci 0000:00:01.1: legacy IDE quirk: reg 0x14: [io  0x03f6]
[    0.664015] pci 0000:00:01.1: legacy IDE quirk: reg 0x18: [io  0x0170-0x0177]
[    0.668012] pci 0000:00:01.1: legacy IDE quirk: reg 0x1c: [io  0x0376]
[    0.704000] pci 0000:00:07.0: quirk: [io  0x4000-0x403f] claimed by PIIX4 ACPI
[    0.704064] pci 0000:00:07.0: quirk: [io  0x4100-0x410f] claimed by PIIX4 SMB
[    0.724129] ACPI: PCI Interrupt Link [LNKA] (IRQs 5 9 10 *11)
[    0.732246] ACPI: PCI Interrupt Link [LNKB] (IRQs 5 9 *10 11)
[    0.736411] ACPI: PCI Interrupt Link [LNKC] (IRQs 5 *9 10 11)
[    0.744029] ACPI: PCI Interrupt Link [LNKD] (IRQs 5 9 10 *11)
[    0.753159] SCSI subsystem initialized
[    0.760394] pci 0000:00:02.0: vgaarb: setting as boot VGA device
[    0.764000] pci 0000:00:02.0: vgaarb: VGA device added: decodes=io+mem,owns=io+mem,locks=none
[    0.764018] pci 0000:00:02.0: vgaarb: bridge control possible
[    0.768009] vgaarb: loaded
[    0.772098] ACPI: bus type USB registered
[    0.776047] usbcore: registered new interface driver usbfs
[    0.780138] usbcore: registered new interface driver hub
[    0.784035] usbcore: registered new device driver usb
[    0.788405] EDAC MC: Ver: 3.0.0
[    0.800475] PCI: Using ACPI for IRQ routing
[    0.808861] NetLabel: Initializing
[    0.816008] NetLabel:  domain hash size = 128
[    0.824006] NetLabel:  protocols = UNLABELED CIPSOv4 CALIPSO
[    0.836133] NetLabel:  unlabeled traffic allowed by default
[    0.848501] clocksource: Switched to clocksource kvm-clock
[    0.916341] VFS: Disk quotas dquot_6.6.0
[    0.917608] VFS: Dquot-cache hash table entries: 512 (order 0, 4096 bytes)
[    0.917608] AppArmor: AppArmor Filesystem Enabled
[    0.917608] pnp: PnP ACPI init
[    0.917608] pnp: PnP ACPI: found 3 devices
[    1.011067] clocksource: acpi_pm: mask: 0xffffff max_cycles: 0xffffff, max_idle_ns: 2085701024 ns
[    1.013140] NET: Registered protocol family 2
[    1.013140] IP idents hash table entries: 32768 (order: 6, 262144 bytes)
[    1.038734] TCP established hash table entries: 16384 (order: 5, 131072 bytes)
[    1.048335] TCP bind hash table entries: 16384 (order: 6, 262144 bytes)
[    1.051469] TCP: Hash tables configured (established 16384 bind 16384)
[    1.051469] UDP hash table entries: 1024 (order: 3, 32768 bytes)
[    1.051469] UDP-Lite hash table entries: 1024 (order: 3, 32768 bytes)
[    1.051469] NET: Registered protocol family 1
[    1.051469] pci 0000:00:00.0: Limiting direct PCI/PCI transfers
[    1.051469] pci 0000:00:01.0: Activating ISA DMA hang workarounds
[    1.051469] pci 0000:00:02.0: Video device with shadowed ROM at [mem 0x000c0000-0x000dffff]
[    1.051469] Unpacking initramfs...
[    1.624173] Freeing initrd memory: 19528K
[    1.724447] clocksource: tsc: mask: 0xffffffffffffffff max_cycles: 0x19e57f90bde, max_idle_ns: 440795289086 ns
[    1.739220] platform rtc_cmos: registered platform RTC device (no PNP device found)
[    1.749888] Scanning for low memory corruption every 60 seconds
[    1.760073] Initialise system trusted keyrings
[    1.767403] Key type blacklist registered
[    1.774524] workingset: timestamp_bits=36 max_order=19 bucket_order=0
[    1.787044] zbud: loaded
[    1.794227] squashfs: version 4.0 (2009/01/31) Phillip Lougher
[    1.803716] fuse init (API version 7.26)
[    1.872483] Key type asymmetric registered
[    1.877332] Asymmetric key parser 'x509' registered
[    1.883916] Block layer SCSI generic (bsg) driver version 0.4 loaded (major 246)
[    1.893136] io scheduler noop registered
[    1.899588] io scheduler deadline registered
[    1.905454] io scheduler cfq registered (default)
[    1.914214] ACPI: AC Adapter [AC] (off-line)
[    1.919518] input: Power Button as /devices/LNXSYSTM:00/LNXPWRBN:00/input/input0
[    1.929177] ACPI: Power Button [PWRF]
[    1.935107] input: Sleep Button as /devices/LNXSYSTM:00/LNXSLPBN:00/input/input1
[    1.944046] ACPI: Sleep Button [SLPF]
[    1.953180] ACPI: Battery Slot [BAT0] (battery present)
[    1.960503] Serial: 8250/16550 driver, 32 ports, IRQ sharing enabled
[    1.998919] 00:02: ttyS0 at I/O 0x3f8 (irq = 4, base_baud = 115200) is a 16550A
[    2.036085] Linux agpgart interface v0.103
[    2.056390] loop: module loaded
[    2.063348] scsi host0: ata_piix
[    2.070737] scsi host1: ata_piix
[    2.074993] ata1: PATA max UDMA/33 cmd 0x1f0 ctl 0x3f6 bmdma 0xd000 irq 14
[    2.078887] ata2: PATA max UDMA/33 cmd 0x170 ctl 0x376 bmdma 0xd008 irq 15
[    2.092351] tun: Universal TUN/TAP device driver, 1.6
[    2.098780] PPP generic driver version 2.4.2
[    2.105417] ehci_hcd: USB 2.0 'Enhanced' Host Controller (EHCI) Driver
[    2.114332] ehci-pci: EHCI PCI platform driver
[    2.119647] ehci-platform: EHCI generic platform driver
[    2.125873] ohci_hcd: USB 1.1 'Open' Host Controller (OHCI) Driver
[    2.134146] ohci-pci: OHCI PCI platform driver
[    2.139198] ohci-platform: OHCI generic platform driver
[    2.145549] uhci_hcd: USB Universal Host Controller Interface driver
[    2.154205] i8042: PNP: PS/2 Controller [PNP0303:PS2K,PNP0f03:PS2M] at 0x60,0x64 irq 1,12
[    2.170090] serio: i8042 KBD port at 0x60,0x64 irq 1
[    2.176933] serio: i8042 AUX port at 0x60,0x64 irq 12
[    2.183849] mousedev: PS/2 mouse device common for all mice
[    2.196676] rtc_cmos rtc_cmos: rtc core: registered rtc_cmos as rtc0
[    2.206586] input: AT Translated Set 2 keyboard as /devices/platform/i8042/serio0/input/input2
[    2.207152] rtc_cmos rtc_cmos: alarms up to one day, 114 bytes nvram
[    2.226423] i2c /dev entries driver
[    2.231526] device-mapper: uevent: version 1.0.3
[    2.238943] device-mapper: ioctl: 4.37.0-ioctl (2017-09-20) initialised: dm-devel@redhat.com
[    2.249694] ledtrig-cpu: registered to indicate activity on CPUs
[    2.264920] NET: Registered protocol family 10
[    2.281219] Segment Routing with IPv6
[    2.287427] NET: Registered protocol family 17
[    2.295488] Key type dns_resolver registered
[    2.332768] mce: Using 0 MCE banks
[    2.336818] RAS: Correctable Errors collector initialized.
[    2.343748] sched_clock: Marking stable (2343536596, 0)->(4057686642, -1714150046)
[    2.358902] registered taskstats version 1
[    2.363758] Loading compiled-in X.509 certificates
[    2.376893] Loaded X.509 cert 'Build time autogenerated kernel key: b5b26778eaa3ab3a4a6cee031137706e947d12ad'
[    2.389758] Loaded X.509 cert 'Canonical Ltd. Live Patch Signing: 14df34d1a87cf37625abec039ef2bf521249b969'
[    2.402375] Loaded X.509 cert 'Canonical Ltd. Kernel Module Signing: 88f752e560a1e0737e31163a466ad7b70a850c19'
[    2.415286] blacklist: Loading compiled-in revocation X.509 certificates
[    2.423449] Loaded X.509 cert 'Canonical Ltd. Secure Boot Signing: 61482aa2830d0ab2ad5af10b7250da9033ddcef0'
[    2.441012] Loaded X.509 cert 'Canonical Ltd. Secure Boot Signing (2017): 242ade75ac4a15e50d50c84b0d45ff3eae707a03'
[    2.454201] Loaded X.509 cert 'Canonical Ltd. Secure Boot Signing (ESM 2018): 365188c1d374d6b07c3c8f240f8ef722433d6a8b'
[    2.468673] Loaded X.509 cert 'Canonical Ltd. Secure Boot Signing (2019): c0746fd6c5da3ae827864651ad66ae47fe24b3e8'
[    2.481306] Loaded X.509 cert 'Canonical Ltd. Secure Boot Signing (2021 v1): a8d54bbb3825cfb94fa13c9f8a594a195c107b8d'
[    2.494346] Loaded X.509 cert 'Canonical Ltd. Secure Boot Signing (2021 v2): 4cf046892d6fd3c9a5b03f98d845f90851dc6a8c'
[    2.507733] Loaded X.509 cert 'Canonical Ltd. Secure Boot Signing (2021 v3): 100437bb6de6e469b581e61cd66bce3ef4ed53af'
[    2.520885] Loaded X.509 cert 'Canonical Ltd. Secure Boot Signing (Ubuntu Core 2019): c1d57b8f6b743f23ee41f4f7ee292f06eecadfb9'
[    2.535221] zswap: loaded using pool lzo/zbud
[    2.555163] Key type big_key registered
[    2.561457] Key type trusted registered
[    2.573728] Key type encrypted registered
[    2.579572] AppArmor: AppArmor sha1 policy hashing enabled
[    2.586404] ima: No TPM chip found, activating TPM-bypass! (rc=-19)
[    2.596354] ima: Allocated hash algorithm: sha1
[    2.604342] evm: HMAC attrs: 0x1
[    2.610854]   Magic number: 12:196:688
[    2.618299] rtc_cmos rtc_cmos: setting system clock to 2024-06-21 14:40:13 UTC (1718980813)
[    2.631846] BIOS EDD facility v0.16 2004-Jun-25, 0 devices found
[    2.641164] EDD information not available.
[    2.652273] Freeing unused kernel image memory: 2480K
[    2.676931] Write protecting the kernel read-only data: 20480k
[    2.685365] Freeing unused kernel image memory: 2008K
[    2.691921] Freeing unused kernel image memory: 1820K
[    2.705232] x86/mm: Checked W+X mappings: passed, no W+X pages found.
Loading, please wait...
starting version 237
[    2.841352] Fusion MPT base driver 3.04.20
[    2.846635] Copyright (c) 1999-2008 LSI Corporation
[    2.856023] e1000: Intel(R) PRO/1000 Network Driver - version 7.3.21-k8-NAPI
[    2.865069] e1000: Copyright (c) 1999-2006 Intel Corporation.
[    2.917139] SSE version of gcm_enc/dec engaged.
[    2.929420] Fusion MPT SPI Host driver 3.04.20
[    3.162578] input: ImExPS/2 Generic Explorer Mouse as /devices/platform/i8042/serio1/input/input4
[    3.824837] e1000 0000:00:03.0 eth0: (PCI:33MHz:32-bit) 02:3b:7b:b7:3b:2d
[    3.832408] e1000 0000:00:03.0 eth0: Intel(R) PRO/1000 Network Connection
[    3.843214] mptbase: ioc0: Initiating bringup
[    4.378905] ioc0: LSI53C1030 A0: Capabilities={Initiator}
[    4.644654] scsi host2: ioc0: LSI53C1030 A0, FwRev=00000000h, Ports=1, MaxQ=256, IRQ=20
[    4.822957] scsi 2:0:0:0: Direct-Access     VBOX     HARDDISK         1.0  PQ: 0 ANSI: 5
[    4.868293] scsi target2:0:0: Beginning Domain Validation
[    4.912331] scsi target2:0:0: Domain Validation skipping write tests
[    4.928944] scsi target2:0:0: Ending Domain Validation
[    4.941310] scsi target2:0:0: asynchronous
[    4.962545] scsi 2:0:1:0: Direct-Access     VBOX     HARDDISK         1.0  PQ: 0 ANSI: 5
[    5.341039] scsi target2:0:1: Beginning Domain Validation
[    5.371318] scsi target2:0:1: Domain Validation skipping write tests
[    5.383251] scsi target2:0:1: Ending Domain Validation
[    5.393287] scsi target2:0:1: asynchronous
[    5.436575] sd 2:0:0:0: Attached scsi generic sg0 type 0
[    5.445776] sd 2:0:0:0: [sda] 83886080 512-byte logical blocks: (42.9 GB/40.0 GiB)
[    5.445955] sd 2:0:1:0: Attached scsi generic sg1 type 0
[    5.460729] sd 2:0:1:0: [sdb] 20480 512-byte logical blocks: (10.5 MB/10.0 MiB)
[    5.478899] sd 2:0:0:0: [sda] Write Protect is off
[    5.489200] sd 2:0:1:0: [sdb] Write Protect is off
[    5.496943] sd 2:0:0:0: [sda] Incomplete mode parameter data
[    5.508232] sd 2:0:0:0: [sda] Assuming drive cache: write through
[    5.518672] sd 2:0:1:0: [sdb] Incomplete mode parameter data
[    5.528873] sd 2:0:1:0: [sdb] Assuming drive cache: write through
[    5.565106]  sda: sda1
[    5.575068] sd 2:0:0:0: [sda] Attached SCSI disk
[    5.587817] sd 2:0:1:0: [sdb] Attached SCSI disk
[    5.897037] e1000 0000:00:08.0 eth1: (PCI:33MHz:32-bit) 08:00:27:e4:9f:95
[    5.908974] e1000 0000:00:08.0 eth1: Intel(R) PRO/1000 Network Connection
[    5.923817] e1000 0000:00:08.0 enp0s8: renamed from eth1
[    5.945448] e1000 0000:00:03.0 enp0s3: renamed from eth0
Begin: Loading essential drivers ... [    8.488264] raid6: sse2x1   gen()  4462 MB/s
[    8.540597] raid6: sse2x1   xor()  3945 MB/s
[    8.596356] raid6: sse2x2   gen()  8963 MB/s
[    8.648641] raid6: sse2x2   xor()  6006 MB/s
[    8.701388] raid6: sse2x4   gen() 10247 MB/s
[    8.756343] raid6: sse2x4   xor()  5780 MB/s
[    8.763536] raid6: using algorithm sse2x4 gen() 10247 MB/s
[    8.772338] raid6: .... xor() 5780 MB/s, rmw enabled
[    8.781446] raid6: using ssse3x2 recovery algorithm
[    8.796785] xor: measuring software checksum speed
[   13.620931]    prefetch64-sse: -1752240.-296 MB/sec
[   13.723764]    generic_sse: 34081.000 MB/sec
[   13.729543] xor: using function: generic_sse (34081.000 MB/sec)
[   13.739044] async_tx: api initialized (async)
done.
Begin: Running /scripts/init-premount ... done.
Begin: Mounting root file system ... Begin: Running /scripts/local-top ... done.
Begin: Running /scripts/local-premount ... [   13.837153] Btrfs loaded, crc32c=crc32c-intel
Scanning for Btrfs filesystems
done.
Warning: fsck not present, so skipping root file system
[   13.941219] EXT4-fs (sda1): mounted filesystem with ordered data mode. Opts: (null)
done.
Begin: Running /scripts/local-bottom ... done.
Begin: Running /scripts/init-bottom ... done.
[   14.314464] ip_tables: (C) 2000-2006 Netfilter Core Team
[   14.345877] systemd[1]: systemd 237 running in system mode. (+PAM +AUDIT +SELINUX +IMA +APPARMOR +SMACK +SYSVINIT +UTMP +LIBCRYPTSETUP +GCRYPT +GNUTLS +ACL +XZ +LZ4 +SECCOMP +BLKID +ELFUTILS +KMOD -IDN2 +IDN -PCRE2 default-hierarchy=hybrid)
[   14.370967] systemd[1]: Detected virtualization oracle.
[   14.377440] systemd[1]: Detected architecture x86-64.

Welcome to [1mUbuntu 18.04.6 LTS[0m!

[   14.430908] systemd[1]: Set hostname to <ubuntu>.
[   14.446558] systemd[1]: Initializing machine ID from random generator.
[   14.453699] systemd[1]: Installed transient /etc/machine-id file.
[   14.961068] systemd[1]: Set up automount Arbitrary Executable File Formats File System Automount Point.
[[0;32m  OK  [0m] Set up automount Arbitrary Executab…rmats File System Automount Point.
[   14.978992] systemd[1]: Reached target Mounting snaps.
[[0;32m  OK  [0m] Reached target Mounting snaps.
[   14.992903] systemd[1]: Reached target Mounted snaps.
[[0;32m  OK  [0m] Reached target Mounted snaps.
[   15.005149] systemd[1]: Reached target User and Group Name Lookups.
[[0;32m  OK  [0m] Reached target User and Group Name Lookups.
[[0;32m  OK  [0m] Created slice User and Session Slice.
[[0;32m  OK  [0m] Created slice System Slice.
[[0;32m  OK  [0m] Listening on LVM2 metadata daemon socket.
[[0;32m  OK  [0m] Listening on fsck to fsckd communication Socket.
[[0;32m  OK  [0m] Listening on Journal Socket (/dev/log).
[[0;32m  OK  [0m] Listening on udev Control Socket.
[[0;32m  OK  [0m] Listening on Journal Audit Socket.
[[0;32m  OK  [0m] Reached target Slices.
[[0;32m  OK  [0m] Listening on Device-mapper event daemon FIFOs.
[[0;32m  OK  [0m] Created slice system-serial\x2dgetty.slice.
[[0;32m  OK  [0m] Listening on /dev/initctl Compatibility Named Pipe.
[[0;32m  OK  [0m] Listening on udev Kernel Socket.
[[0;32m  OK  [0m] Listening on LVM2 poll daemon socket.
[[0;32m  OK  [0m] Listening on Network Service Netlink Socket.
[[0;32m  OK  [0m] Listening on Journal Socket.
         Starting Monitoring of LVM2 mirrors…ng dmeventd or progress polling...
         Starting Set the console keyboard layout...
         Mounting Huge Pages File System...
         Starting Load Kernel Modules...
         Starting File System Check on Root Device...
         Starting Uncomplicated firewall...
         Starting udev Coldplug all Devices...
         Starting Create list of required st…ce nodes for the current kernel...
         Mounting POSIX Message Queue File System...
[[0;32m  OK  [0m] Reached target Swap.
[[0;32m  OK  [0m] Listening on Syslog Socket.
         Starting Journal Service...
[[0;32m  OK  [0m] Started Forward Password Requests to Wall Directory Watch.
[[0;32m  OK  [0m] Reached target System Time Synchronized.
         Mounting Kernel Debug File System...
[[0;32m  OK  [0m] Mounted Huge Pages File System.
[[0;32m  OK  [0m] Mounted POSIX Message Queue File System.
[[0;32m  OK  [0m] Started File System Check Daemon to report status.
[[0;32m  OK  [0m] Mounted Kernel Debug File System.
[[0;32m  OK  [0m] Started Create list of required sta…vice nodes for the current kernel.
         Starting Create Static Device Nodes in /dev...
[[0;32m  OK  [0m] Started LVM2 metadata daemon.
[[0;32m  OK  [0m] Started Uncomplicated firewall.
[   15.349385] Loading iSCSI transport class v2.0-870.
[[0;32m  OK  [0m] Started udev Coldplug all Devices.
[[0;32m  OK  [0m] Started Create Static Device Nodes in /dev.
[[0;32m  OK  [0m] Started Journal Service.
[[0;32m  OK  [0m] Started File System Check on Root Device.
         Starting Remount Root and Kernel File Systems...
[   15.482780] iscsi: registered transport (tcp)
[[0;32m  OK  [0m] Started Monitoring of LVM2 mirrors,…sing dmeventd or progress polling.
[   15.563816] iscsi: registered transport (iser)
[[0;32m  OK  [0m] Started Load Kernel Modules.
         Starting Apply K[   15.578224] EXT4-fs (sda1): re-mounted. Opts: (null)
ernel Variables...
         Mounting FUSE Control File System...
         Mounting Kernel Configuration File System...
[[0;32m  OK  [0m] Started Remount Root and Kernel File Systems.
[[0;32m  OK  [0m] Mounted FUSE Control File System.
[[0;32m  OK  [0m] Mounted Kernel Configuration File System.
         Starting Load/Save Random Seed...
         Starting udev Kernel Device Manager...
         Starting Flush Journal to Persistent Storage...
[[0;32m  OK  [0m] Started Load/Save Random Seed.
[[0;32m  OK  [0m] Started Apply Kernel Variables.
[[0;32m  OK  [0m] Started udev Kernel Device Manager.
[[0;32m  OK  [0m] Started Flush Journal to Persistent Storage.
[[0;32m  OK  [0m] Found device /dev/ttyS0.
[[0;32m  OK  [0m] Listening on Load/Save RF Kill Switch Status /dev/rfkill Watch.
[[0;32m  OK  [0m] Started Set the console keyboard layout.
         Mounting Arbitrary Executable File Formats File System...
[[0;32m  OK  [0m] Started Dispatch Password Requests to Console Directory Watch.
[[0;32m  OK  [0m] Reached target Local Encrypted Volumes.
[[0;32m  OK  [0m] Reached target Local File Systems (Pre).
[[0;32m  OK  [0m] Reached target Local File Systems.
         Starting Set console font and keymap...
         Starting Tell Plymouth To Write Out Runtime Data...
         Starting AppArmor initialization...
         Starting Commit a transient machine-id on disk...
         Starting Create Volatile Files and Directories...
         Starting ebtables ruleset management...
[[0;32m  OK  [0m] Mounted Arbitrary Executable File Formats File System.
[[0;32m  OK  [0m] Started Tell Plymouth To Write Out Runtime Data.
[[0;32m  OK  [0m] Started Create Volatile Files and Directories.
         Starting Update UTMP about System Boot/Shutdown...
[[0;32m  OK  [0m] Started Update UTMP about System Boot/Shutdown.
[[0;32m  OK  [0m] Started Commit a transient machine-id on disk.
[[0;32m  OK  [0m] Started ebtables ruleset management.
[[0;32m  OK  [0m] Started AppArmor initialization.
         Starting Load AppArmor profiles managed internally by snapd...
         Starting Initial cloud-init job (pre-networking)...
[[0;32m  OK  [0m] Started Load AppArmor profiles managed internally by snapd.
[[0;32m  OK  [0m] Started Set console font and keymap.
[   20.830198] cloud-init[761]: Cloud-init v. 23.1.2-0ubuntu0~18.04.1 running 'init-local' at Fri, 21 Jun 2024 14:40:31 +0000. Up 20.34 seconds.
[[0;32m  OK  [0m] Started Initial cloud-init job (pre-networking).
[[0;32m  OK  [0m] Reached target Network (Pre).
         Starting Network Service...
[[0;32m  OK  [0m] Started Network Service.
         Starting Network Name Resolution...
         Starting Wait for Network to be Configured...
[[0;32m  OK  [0m] Started Network Name Resolution.
[[0;32m  OK  [0m] Reached target Host and Network Name Lookups.
[[0;32m  OK  [0m] Reached target Network.
[[0;32m  OK  [0m] Started Wait for Network to be Configured.
         Starting Initial cloud-init job (metadata service crawler)...
[   23.813745] cloud-init[928]: Cloud-init v. 23.1.2-0ubuntu0~18.04.1 running 'init' at Fri, 21 Jun 2024 14:40:34 +0000. Up 23.60 seconds.
[   23.824963] cloud-init[928]: ci-info: ++++++++++++++++++++++++++++++++++++++Net device info+++++++++++++++++++++++++++++++++++++++
[   23.836730] cloud-init[928]: ci-info: +--------+-------+----------------------------+---------------+--------+-------------------+
[   23.847291] cloud-init[928]: ci-info: | Device |   Up  |          Address           |      Mask     | Scope  |     Hw-Address    |
[   23.858550] cloud-init[928]: ci-info: +--------+-------+----------------------------+---------------+--------+-------------------+
[   23.869440] cloud-init[928]: ci-info: | enp0s3 |  True |         10.0.2.15          | 255.255.255.0 | global | 02:3b:7b:b7:3b:2d |
[   23.880535] cloud-init[928]: ci-info: | enp0s3 |  True | fe80::3b:7bff:feb7:3b2d/64 |       .       |  link  | 02:3b:7b:b7:3b:2d |
[   23.890663] cloud-init[928]: ci-info: | enp0s8 | False |             .              |       .       |   .    | 08:00:27:e4:9f:95 |
[   23.902913] cloud-init[928]: ci-info: |   lo   |  True |         127.0.0.1          |   255.0.0.0   |  host  |         .         |
[   23.914266] cloud-init[928]: ci-info: |   lo   |  True |          ::1/128           |       .       |  host  |         .         |
[   23.926253] cloud-init[928]: ci-info: +--------+-------+----------------------------+---------------+--------+-------------------+
[   23.938353] cloud-init[928]: ci-info: ++++++++++++++++++++++++++++Route IPv4 info+++++++++++++++++++++++++++++
[   23.949655] cloud-init[928]: ci-info: +-------+-------------+----------+-----------------+-----------+-------+
[   23.960925] cloud-init[928]: ci-info: | Route | Destination | Gateway  |     Genmask     | Interface | Flags |
[   23.973231] cloud-init[928]: ci-info: +-------+-------------+----------+-----------------+-----------+-------+
[   23.982933] cloud-init[928]: ci-info: |   0   |   0.0.0.0   | 10.0.2.2 |     0.0.0.0     |   enp0s3  |   UG  |
[   23.993831] cloud-init[928]: ci-info: |   1   |   10.0.2.0  | 0.0.0.0  |  255.255.255.0  |   enp0s3  |   U   |
[   24.005978] cloud-init[928]: ci-info: |   2   |   10.0.2.2  | 0.0.0.0  | 255.255.255.255 |   enp0s3  |   UH  |
[   24.016630] cloud-init[928]: ci-info: +-------+-------------+----------+-----------------+-----------+-------+
[   24.029132] cloud-init[928]: ci-info: +++++++++++++++++++Route IPv6 info+++++++++++++++++++
[   24.042941] cloud-init[928]: ci-info: +-------+-------------+---------+-----------+-------+
[   24.055168] cloud-init[928]: ci-info: | Route | Destination | Gateway | Interface | Flags |
[   24.068672] cloud-init[928]: ci-info: +-------+-------------+---------+-----------+-------+
[   24.082515] cloud-init[928]: ci-info: |   1   |  fe80::/64  |    ::   |   enp0s3  |   U   |
[   24.098422] cloud-init[928]: ci-info: |   3   |    local    |    ::   |   enp0s3  |   U   |
[   24.114758] cloud-init[928]: ci-info: |   4   |   ff00::/8  |    ::   |   enp0s3  |   U   |
[   24.128712] cloud-init[928]: ci-info: +-------+-------------+---------+-----------+-------+
[   25.571859] cloud-init[928]: Generating public/private rsa key pair.
[   25.579419] cloud-init[928]: Your identification has been saved in /etc/ssh/ssh_host_rsa_key.
[   25.589214] cloud-init[928]: Your public key has been saved in /etc/ssh/ssh_host_rsa_key.pub.
[   25.600899] cloud-init[928]: The key fingerprint is:
[   25.609326] cloud-init[928]: SHA256:6StbmQ1+b1Nwe+BCAjW4L8tLeewqOeaOrzAFDwfqL28 root@ubuntu-bionic
[   25.622291] cloud-init[928]: The key's randomart image is:
[   25.630944] cloud-init[928]: +---[RSA 2048]----+
[   25.639892] cloud-init[928]: |  .      oo      |
[   25.650174] cloud-init[928]: | . .    o  .     |
[   25.658064] cloud-init[928]: [[0;32m  OK  [0m] Started Initial cloud-init job (metadata service crawler).
[[0;32m  OK  [0m] Reached target System Initialization.
[[0;32m  OK  [0m] Started Message of the Day.
|. o .    o       |
[   25.676954] cloud-init[928]: |.  =    ... o o  |
[   25.684246]          Starting LXD - unix socket.
[[0;32m  OK  [0m] Listening on ACPID Listen Socket.
[[0;32m  OK  [0m] Listening on cloud-init hotplug hook socket.
[[0;32m  OK  [0m] Started ACPI Events Check.
[[0;32m  OK  [0m] Started Daily apt download activities.
[[0;32m  OK  [0m] Reached target Paths.
[[0;32m  OK  [0m] Started Ubuntu Advantage Timer for running repeated jobs.
[[0;32m  OK  [0m] Listening on UUID daemon activation socket.
[[0;32m  OK  [0m] Started Daily Cleanup of Temporary Directories.
         Starting Socket activation for snappy daemon.
[[0;32m  OK  [0m] Listening on Open-iSCSI iscsid Socket.
[[0;32m  OK  [0m] Listening on D-Bus System Message Bus Socket.
[[0;32m  OK  [0m] Started Discard unused blocks once a week.
[[0;32m  OK  [0m] Started Daily apt upgrade and clean activities.
[[0;32m  OK  [0m] Reached target Timers.
[[0;32m  OK  [0m] Reached target Network is Online.
[[0;32m  OK  [0m] Reached target Remote File Systems (Pre).
[[0;32m  OK  [0m] Reached target Remote File Systems.
         Starting Availability of block devices...
[[0;32m  OK  [0m] Reached target Cloud-config availability.
[[0;32m  OK  [0m] Listening on LXD - unix socket.
[[0;32m  OK  [0m] Started Availability of block devices.
[[0;32m  OK  [0m] Listening on Socket activation for snappy daemon.
[[0;32m  OK  [0m] Reached target Sockets.
[[0;32m  OK  [0m] Reached target Basic System.
         Starting Pollinate to seed the pseudo random number generator...
         Starting LSB: automatic crash report generation...
[[0;32m  OK  [0m] Started irqbalance daemon.
cloud-init[[0;32m  OK  [0m] Started D-Bus System Message Bus.
[928]: | .  o   S. o + o |
[   25.799265] cloud-init[928]: |  ..   o.B. . + .|
[   25.807598] cloud-init[928]: | .o.   oOo=  o . |
[   25.817444] cloud-init[928]: |  oE .*oo= .o    |
[   25.825010] cloud-init[928]: |  ..o*==+o....   |
[   25.836166] cloud-init[928]: +----[SHA256]-----+
[   25.843910] cloud-init[928]: Generating public/private dsa key pair.
[   25.853427] cloud-init[928]: Your identification has been saved in /etc/ssh/ssh_host_dsa_key.
[   25.871448] cloud-init[928]: Your public key has been saved in /etc/ssh/ssh_host_dsa_key.pub.
[   25.883887] cloud-init[928]: The key fingerprint is:
[   25.894177] cloud-init[928]: [[0;32m  OK  [0m] Started Regular background program processing daemon.
         Starting Accounts Service...
[[0;32m  OK  [0m] Reached target Login Prompts (Pre).
SHA256:VYHGsnnIE3mEdVoQndSosi0tJer9mZcg0tWPQTbeOb0 root@ubuntu-bionic         Starting Login Service...
         Starting LSB: Record successful boot for GRUB...
         Starting LXD - container startup/shutdown...
         Starting Permit User Sessions...
         Starting System Logging Service...

         Starting Virtualbox guest utils...
[   25.961193] cloud-init[928]: The key's randomart image is:
[   25.981553] cloud-init[928]: +---[DSA 1024]----+
[   25.993922] cloud-init[928]: |         *=**=   |
[   26.004026] cloud-init[928]: |        = ==B .  |
[   26.015417] cloud-init[928]: |       . Oo* o o |
[   26.025481] cloud-init[928]: |        O.= + + .|
[   26.035997] cloud-init[928]: |       oS@   + ..|
[   26.046539] cloud-init[928]: |      o * + . .E |
[   26.057337] cloud-init[928]: |     . o + . .   |
[   26.066820] cloud-init[928]: |      . .  oo    |
[   26.073441] cloud-init[928]: |         .+.     |
[   26.076980] cloud-init[928]: +----[SHA256]-----+
[   26.080492] cloud-init[928]: Generating public/private ecdsa key pair.
[   26.085042] cloud-init[928]: Your identification has been saved in /etc/ssh/ssh_host_ecdsa_key.
[   26.090179] cloud-init[928]: Your public key has been saved in /etc/ssh/ssh_host_ecdsa_key.pub.
[   26.095514] cloud-init[928]: The key fingerprint is:
[   26.103943] cloud-init         Starting Dispatcher daemon for systemd-networkd...
[[0;32m  OK  [0m] Started Deferred execution scheduler.
[928]: [[0;32m  OK  [0m] Started FUSE filesystem for LXC.
SHA256:aq5e+cYn2rFyLeHA3Fsk3Qs3+BjGG1lSV8SEPTZwgjY root@ubuntu-bionic
[   26.129193] cloud-init[928]: The key's randomart image is:
[   26.138341] cloud-init[928]: +---[ECDSA 256]---+
[   26.149680] cloud-init[928]: |           .oooO+|
[   26.166110] cloud-init[928]: |          .E..++o|
[   26.178671] cloud-init[928]: |         o.*. . o|
[   26.189679] cloud-init[928]: |        . @ +    |
[   26.198604] cloud-init[928]:          Starting Snap Daemon...
[[0;32m  OK  [0m] Started Permit User Sessions.
         Starting Terminate Plymouth Boot Screen...
         Starting Hold until boot process finishes up...
[[0;32m  OK  [0m] Started Hold until boot process finishes up.
         Starting Set console scheme...
[[0;32m  OK  [0m] Started Serial Getty on ttyS0.
[[0;32m  OK  [0m] Started Terminate Plymouth Boot Screen.
|     o .S+ O o   |
[   26.283532] cloud-init[928]: |      +oo + o    |[[0;32m  OK  [0m] Started System Logging Service.
[[0;32m  OK  [0m] Started Login Service.
[[0;32m  OK  [0m] Started Unattended Upgrades Shutdown.

[   26.339877] cloud-init[928]: |      =+.=       |
[   26.347982] cloud-init[928]: |     +.oOoo      |
[   26.358138] cloud-init[928]: |   .o.o=++       |
[[0;32m  OK  [0m] Started Set console scheme.
[   26.379255] [[0;32m  OK  [0m] Created slice system-getty.slice.
[[0;32m  OK  [0m] Started Getty on tty1.
[[0;32m  OK  [0m] Reached target Login Prompts.
cloud-init[928]: +----[SHA256]-----+
[   26.397780] cloud-init[928]: Generating public/private ed25519 key pair.
[   26.408362] cloud-init[928]: Your identification has been saved in /etc/ssh/ssh_host_ed25519_key.
[   26.418016] cloud-init[928]: Your public key has been saved in /etc/ssh/ssh_host_ed25519_key.pub.
[   26.428568] cloud-init[928]: The key fingerprint is:
[   26.436169] cloud-init[928]: SHA256:XTrGHNdjE8lhJHhkHnTENduiBn4otctgxtYDHQ1n3Bw root@ubuntu-bionic
[   26.447525] cloud-init[928]: The key's randomart image is:
[   26.457151] cloud-init[928]: +--[ED25519 256]--+
[   26.463932] cloud-init[928]: |          oBOBE*.|
[   26.487371] cloud-init[928]: |         ..*+**.+|
[   26.505739] cloud-init[928]: |        . =.+ *..|
[   26.530560] cloud-init[928]: |       . O O o + |
[   26.559314] cloud-init[928]: |        S & +    |
[   26.578299] cloud-init[928]: |       + = *     |
[   26.585629] cloud-init[928]: |          o      |[[0;32m  OK  [0m] Started LSB: automatic crash report generation.

         Starting Authorization Manager...
[   26.611148] cloud-init[928]: |                 |
[   26.623711] cloud-init[928]: [[0;32m  OK  [0m] Started LSB: Record successful boot for GRUB.
|                 |
[   26.654370] cloud-init[928]: +----[SHA256]-----+
[[0;32m  OK  [0m] Started Authorization Manager.
[[0;32m  OK  [0m] Started Accounts Service.
[[0;32m  OK  [0m] Started Virtualbox guest utils.
[[0;32m  OK  [0m] Started Dispatcher daemon for systemd-networkd.
[[0;32m  OK  [0m] Started LXD - container startup/shutdown.
[[0;32m  OK  [0m] Started Snap Daemon.
         Starting Wait until snapd is fully seeded...
         Starting Time & Date Service...
[[0;32m  OK  [0m] Started Time & Date Service.

Ubuntu 18.04.6 LTS ubuntu-bionic ttyS0

ubuntu-bionic login: [   43.010689] cloud-init[1377]: Cloud-init v. 23.1.2-0ubuntu0~18.04.1 running 'modules:config' at Fri, 21 Jun 2024 14:40:52 +0000. Up 42.04 seconds.
ci-info: no authorized SSH keys fingerprints found for user ubuntu.
<14>Jun 21 14:40:54 cloud-init: #############################################################
<14>Jun 21 14:40:54 cloud-init: -----BEGIN SSH HOST KEY FINGERPRINTS-----
<14>Jun 21 14:40:54 cloud-init: 1024 SHA256:VYHGsnnIE3mEdVoQndSosi0tJer9mZcg0tWPQTbeOb0 root@ubuntu-bionic (DSA)
<14>Jun 21 14:40:54 cloud-init: 256 SHA256:aq5e+cYn2rFyLeHA3Fsk3Qs3+BjGG1lSV8SEPTZwgjY root@ubuntu-bionic (ECDSA)
<14>Jun 21 14:40:54 cloud-init: 256 SHA256:XTrGHNdjE8lhJHhkHnTENduiBn4otctgxtYDHQ1n3Bw root@ubuntu-bionic (ED25519)
<14>Jun 21 14:40:54 cloud-init: 2048 SHA256:6StbmQ1+b1Nwe+BCAjW4L8tLeewqOeaOrzAFDwfqL28 root@ubuntu-bionic (RSA)
<14>Jun 21 14:40:54 cloud-init: -----END SSH HOST KEY FINGERPRINTS-----
<14>Jun 21 14:40:54 cloud-init: #############################################################
-----BEGIN SSH HOST KEY KEYS-----
ecdsa-sha2-nistp256 AAAAE2VjZHNhLXNoYTItbmlzdHAyNTYAAAAIbmlzdHAyNTYAAABBBOFv62WXNzYqG52QEQIVjpYr1YqYq9vPQWd5/ziPE0cp0ZaOVwOMPAezGSZejhl2i1ItHKymRlXTnvAhBCgmWGA= root@ubuntu-bionic
ssh-ed25519 AAAAC3NzaC1lZDI1NTE5AAAAIH/rwdySXBjwD4sVj7DASEZzW7+I+vJFCzxgOJxLQLJL root@ubuntu-bionic
ssh-rsa AAAAB3NzaC1yc2EAAAADAQABAAABAQDLkU8lJYNnKj/df6r7VhSbG52koeRFbTjUixAWY6XZdZDXze+yBDJb8rbNhhM9+8VxIB2+AxCIO8D7rublGzpOCaX+5jAodwsq12KWasZ4jOWDlR7xIb8L6Sinssm5qeNL55+AjnOCe4ZrZDkd8el5OfNbIqsE2Qw6k9U5eGRio6TlGjslMEmI7KFTN5oQciI/01MlnW4lWCkpOeHFrIk/BKozcAXCPvkLXz4bvqf4DsKEgyy8OXVV7ZjqgMzHt2e0ENJ6GoEYY8XJjJR3BFEYWekZn76oRFOb2xtmQXsA2fK5CHlTpNbf3fH2eL0AS+VFZ11a8BeY4JTd4QfJMSoD root@ubuntu-bionic
-----END SSH HOST KEY KEYS-----
[   44.185938] cloud-init[1426]: Cloud-init v. 23.1.2-0ubuntu0~18.04.1 running 'modules:final' at Fri, 21 Jun 2024 14:40:54 +0000. Up 43.77 seconds.
[   44.199194] cloud-init[1426]: Cloud-init v. 23.1.2-0ubuntu0~18.04.1 finished at Fri, 21 Jun 2024 14:40:55 +0000. Datasource DataSourceNoCloud [seed=/dev/sdb][dsmode=net].  Up 44.17 seconds
